#
# A fatal error has been detected by the Java Runtime Environment:
#
#  EXCEPTION_ACCESS_VIOLATION (0xc0000005) at pc=0x00007ff96c256200, pid=15668, tid=11676
#
# JRE version: OpenJDK Runtime Environment Temurin-17.0.3+7 (17.0.3+7) (build 17.0.3+7)
# Java VM: OpenJDK 64-Bit Server VM Temurin-17.0.3+7 (17.0.3+7, mixed mode, sharing, tiered, compressed oops, compressed class ptrs, g1 gc, windows-amd64)
# Problematic frame:
# C  [atio6axx.dll+0x196200]
#
# No core dump will be written. Minidumps are not enabled by default on client versions of Windows
#
# If you would like to submit a bug report, please visit:
#   https://github.com/adoptium/adoptium-support/issues
# The crash happened outside the Java Virtual Machine in native code.
# See problematic frame for where to report the bug.
#

---------------  S U M M A R Y ------------

Command Line: -Dforge.enableGameTest=true -Dforge.logging.console.level=debug -Dforge.logging.markers=REGISTRIES -DignoreList=bootstraplauncher,securejarhandler,asm-commons,asm-util,asm-analysis,asm-tree,asm,JarJarFileSystems,client-extra,fmlcore,javafmllanguage,lowcodelanguage,mclanguage,forge- -Djava.net.preferIPv6Addresses=system -DlegacyClassPath.file=C:\Users\jbren\MCreatorWorkspaces\city_addons\build\classpath\runClient_minecraftClasspath.txt -DmergeModules=jna-5.10.0.jar,jna-platform-5.10.0.jar -Dos.version=10.0 --module-path=C:\Users\jbren\.mcreator\gradle\caches\modules-2\files-2.1\cpw.mods\bootstraplauncher\1.1.2\c546e00443d8432cda6baa1c860346980742628\bootstraplauncher-1.1.2.jar;C:\Users\jbren\.mcreator\gradle\caches\modules-2\files-2.1\cpw.mods\securejarhandler\2.1.4\f47e3b9dd860a7b82154b8f90a650ffd0aaa5582\securejarhandler-2.1.4.jar;C:\Users\jbren\.mcreator\gradle\caches\modules-2\files-2.1\org.ow2.asm\asm-commons\9.3\1f2a432d1212f5c352ae607d7b61dcae20c20af5\asm-commons-9.3.jar;C:\Users\jbren\.mcreator\gradle\caches\modules-2\files-2.1\org.ow2.asm\asm-util\9.3\9595bc05510d0bd4b610188b77333fe4851a1975\asm-util-9.3.jar;C:\Users\jbren\.mcreator\gradle\caches\modules-2\files-2.1\org.ow2.asm\asm-analysis\9.3\4b071f211b37c38e0e9f5998550197c8593f6ad8\asm-analysis-9.3.jar;C:\Users\jbren\.mcreator\gradle\caches\modules-2\files-2.1\org.ow2.asm\asm-tree\9.3\78d2ecd61318b5a58cd04fb237636c0e86b77d97\asm-tree-9.3.jar;C:\Users\jbren\.mcreator\gradle\caches\modules-2\files-2.1\org.ow2.asm\asm\9.3\8e6300ef51c1d801a7ed62d07cd221aca3a90640\asm-9.3.jar;C:\Users\jbren\.mcreator\gradle\caches\modules-2\files-2.1\net.minecraftforge\JarJarFileSystems\0.3.16\e52afbb2599dc7c6f779efea0496d32fc01152e3\JarJarFileSystems-0.3.16.jar --add-modules=ALL-MODULE-PATH --add-opens=java.base/java.util.jar=cpw.mods.securejarhandler --add-opens=java.base/java.lang.invoke=cpw.mods.securejarhandler --add-exports=java.base/sun.security.util=cpw.mods.securejarhandler --add-exports=jdk.naming.dns/com.sun.jndi.dns=java.naming -XX:HeapDumpPath=MojangTricksIntelDriversForPerformance_javaw.exe_minecraft.exe.heapdump -Dos.name=Windows 10 -Dfile.encoding=UTF-8 -Duser.country=US -Duser.language=en -Duser.variant cpw.mods.bootstraplauncher.BootstrapLauncher --launchTarget forgeclientuserdev --version MOD_DEV --assetIndex 1.19 --assetsDir C:\Users\jbren\.mcreator\gradle\caches\forge_gradle\assets --gameDir . --fml.forgeVersion 43.1.7 --fml.mcVersion 1.19.2 --fml.forgeGroup net.minecraftforge --fml.mcpVersion 20220805.130853

Host: AMD Ryzen 9 7900X 12-Core Processor            , 24 cores, 31G,  Windows 10 , 64 bit Build 19041 (10.0.19041.2546)
Time: Sat Mar  4 18:30:04 2023 Eastern Standard Time elapsed time: 5.645833 seconds (0d 0h 0m 5s)

---------------  T H R E A D  ---------------

Current thread (0x000002182b5bf860):  JavaThread "Render thread" [_thread_in_native, id=11676, stack(0x0000005a5c800000,0x0000005a5c900000)]

Stack: [0x0000005a5c800000,0x0000005a5c900000],  sp=0x0000005a5c8fab68,  free space=1002k
Native frames: (J=compiled Java code, j=interpreted, Vv=VM code, C=native code)
C  [atio6axx.dll+0x196200]

Java frames: (J=compiled Java code, j=interpreted, Vv=VM code)
j  org.lwjgl.system.JNI.invokePPPP(IIJJJJ)J+0 org.lwjgl@3.3.1+7
j  org.lwjgl.glfw.GLFW.nglfwCreateWindow(IIJJJ)J+14 org.lwjgl.glfw@3.3.1+7
j  org.lwjgl.glfw.GLFW.glfwCreateWindow(IILjava/lang/CharSequence;JJ)J+34 org.lwjgl.glfw@3.3.1+7
j  net.minecraftforge.client.loading.NoVizFallback.lambda$fallback$0(Ljava/util/function/IntSupplier;Ljava/util/function/IntSupplier;Ljava/util/function/Supplier;Ljava/util/function/LongSupplier;)J+28 forge@43.1.7
j  net.minecraftforge.client.loading.NoVizFallback$$Lambda$4395+0x000000080165e488.getAsLong()J+16 forge@43.1.7
j  net.minecraftforge.fml.loading.progress.EarlyProgressVisualization$Visualization$$Lambda$4396+0x000000080165ac20.apply(Ljava/lang/Object;)Ljava/lang/Object;+4 fmlloader@1.19.2-43.1.7
J 2784 c2 java.util.Optional.map(Ljava/util/function/Function;)Ljava/util/Optional; java.base@17.0.3 (30 bytes) @ 0x000002183ae0a67c [0x000002183ae0a620+0x000000000000005c]
j  net.minecraftforge.fml.loading.progress.EarlyProgressVisualization$Visualization.handOffWindow(Ljava/util/function/IntSupplier;Ljava/util/function/IntSupplier;Ljava/util/function/Supplier;Ljava/util/function/LongSupplier;)J+48 fmlloader@1.19.2-43.1.7
j  net.minecraftforge.fml.loading.progress.EarlyProgressVisualization.handOffWindow(Ljava/util/function/IntSupplier;Ljava/util/function/IntSupplier;Ljava/util/function/Supplier;Ljava/util/function/LongSupplier;)J+9 fmlloader@1.19.2-43.1.7
j  com.mojang.blaze3d.platform.Window.<init>(Lcom/mojang/blaze3d/platform/WindowEventHandler;Lcom/mojang/blaze3d/platform/ScreenManager;Lcom/mojang/blaze3d/platform/DisplayData;Ljava/lang/String;Ljava/lang/String;)V+279 minecraft@1.19.2
j  net.minecraft.client.renderer.VirtualScreen.newWindow(Lcom/mojang/blaze3d/platform/DisplayData;Ljava/lang/String;Ljava/lang/String;)Lcom/mojang/blaze3d/platform/Window;+15 minecraft@1.19.2
j  net.minecraft.client.Minecraft.<init>(Lnet/minecraft/client/main/GameConfig;)V+723 minecraft@1.19.2
j  net.minecraft.client.main.Main.run([Ljava/lang/String;Z)V+1356 minecraft@1.19.2
j  net.minecraft.client.main.Main.main([Ljava/lang/String;)V+12 minecraft@1.19.2
v  ~StubRoutines::call_stub
j  jdk.internal.reflect.NativeMethodAccessorImpl.invoke0(Ljava/lang/reflect/Method;Ljava/lang/Object;[Ljava/lang/Object;)Ljava/lang/Object;+0 java.base@17.0.3
j  jdk.internal.reflect.NativeMethodAccessorImpl.invoke(Ljava/lang/Object;[Ljava/lang/Object;)Ljava/lang/Object;+133 java.base@17.0.3
j  jdk.internal.reflect.DelegatingMethodAccessorImpl.invoke(Ljava/lang/Object;[Ljava/lang/Object;)Ljava/lang/Object;+6 java.base@17.0.3
j  java.lang.reflect.Method.invoke(Ljava/lang/Object;[Ljava/lang/Object;)Ljava/lang/Object;+59 java.base@17.0.3
j  net.minecraftforge.fml.loading.targets.ForgeClientUserdevLaunchHandler.lambda$launchService$0([Ljava/lang/String;Ljava/lang/ModuleLayer;)V+47 fmlloader@1.19.2-43.1.7
j  net.minecraftforge.fml.loading.targets.ForgeClientUserdevLaunchHandler$$Lambda$867+0x0000000800f9a208.run()V+12 fmlloader@1.19.2-43.1.7
j  cpw.mods.modlauncher.LaunchServiceHandlerDecorator.launch([Ljava/lang/String;Ljava/lang/ModuleLayer;)V+11 cpw.mods.modlauncher@10.0.8
j  cpw.mods.modlauncher.LaunchServiceHandler.launch(Ljava/lang/String;[Ljava/lang/String;Ljava/lang/ModuleLayer;Lcpw/mods/modlauncher/TransformingClassLoader;Lcpw/mods/modlauncher/LaunchPluginHandler;)V+58 cpw.mods.modlauncher@10.0.8
j  cpw.mods.modlauncher.LaunchServiceHandler.launch(Lcpw/mods/modlauncher/ArgumentHandler;Ljava/lang/ModuleLayer;Lcpw/mods/modlauncher/TransformingClassLoader;Lcpw/mods/modlauncher/LaunchPluginHandler;)V+21 cpw.mods.modlauncher@10.0.8
j  cpw.mods.modlauncher.Launcher.run([Ljava/lang/String;)V+310 cpw.mods.modlauncher@10.0.8
j  cpw.mods.modlauncher.Launcher.main([Ljava/lang/String;)V+78 cpw.mods.modlauncher@10.0.8
j  cpw.mods.modlauncher.BootstrapLaunchConsumer.accept([Ljava/lang/String;)V+1 cpw.mods.modlauncher@10.0.8
j  cpw.mods.modlauncher.BootstrapLaunchConsumer.accept(Ljava/lang/Object;)V+5 cpw.mods.modlauncher@10.0.8
j  cpw.mods.bootstraplauncher.BootstrapLauncher.main([Ljava/lang/String;)V+515 cpw.mods.bootstraplauncher@1.1.2
v  ~StubRoutines::call_stub

siginfo: EXCEPTION_ACCESS_VIOLATION (0xc0000005), reading address 0xffffffffffffffff


Register to memory mapping:

RIP=0x00007ff96c256200 atio6axx.dll
RAX=0x0 is NULL
RBX=0x00007ff96fae5cd0 atio6axx.dll
RCX=0x6e6f6d6d6f632e65 is an unknown value
RDX=0x00000000000000d1 is an unknown value
RSP=0x0000005a5c8fab68 is pointing into the stack for thread: 0x000002182b5bf860
RBP=0x0000005a5c8facd0 is pointing into the stack for thread: 0x000002182b5bf860
RSI=0x0000005a5c8fac28 is pointing into the stack for thread: 0x000002182b5bf860
RDI=0x0000005a5c8fafc0 is pointing into the stack for thread: 0x000002182b5bf860
R8 =0x00000000000001a5 is an unknown value
R9 =0x6e6f6d6d6f632e65 is an unknown value
R10=0x0 is NULL
R11=0x0000000000000200 is an unknown value
R12=0x00007ff96fae5cd0 atio6axx.dll
R13=0x00007ff96fae5d28 atio6axx.dll
R14=0x00007ff96f9f5180 atio6axx.dll
R15=0x0 is NULL


Registers:
RAX=0x0000000000000000, RBX=0x00007ff96fae5cd0, RCX=0x6e6f6d6d6f632e65, RDX=0x00000000000000d1
RSP=0x0000005a5c8fab68, RBP=0x0000005a5c8facd0, RSI=0x0000005a5c8fac28, RDI=0x0000005a5c8fafc0
R8 =0x00000000000001a5, R9 =0x6e6f6d6d6f632e65, R10=0x0000000000000000, R11=0x0000000000000200
R12=0x00007ff96fae5cd0, R13=0x00007ff96fae5d28, R14=0x00007ff96f9f5180, R15=0x0000000000000000
RIP=0x00007ff96c256200, EFLAGS=0x0000000000010202

Top of Stack: (sp=0x0000005a5c8fab68)
0x0000005a5c8fab68:   00007ff96c25651c 00007ff96fae8940
0x0000005a5c8fab78:   000002185c2ec698 0000000000000000
0x0000005a5c8fab88:   00007ff96c25752d 0000005a5c8fafc0
0x0000005a5c8fab98:   00007ff96c211a74 00007ff96fae5cd0
0x0000005a5c8faba8:   0000005a5c8fac28 0000652e6176616a
0x0000005a5c8fabb8:   000008057739dfb1 0000005a5c8fafc0
0x0000005a5c8fabc8:   00007ff96c212a35 00007ff96fae5cd8
0x0000005a5c8fabd8:   0000005a5c8fac28 0000005a5c8fac28
0x0000005a5c8fabe8:   000002185cd6bb9c 0000000000000000
0x0000005a5c8fabf8:   00007ff900000009 000002185cd6bd4c
0x0000005a5c8fac08:   000002185cd6bea8 00007ff96fae5cd8
0x0000005a5c8fac18:   0000005a5c8fafc0 0000005a5c8fad77
0x0000005a5c8fac28:   00007f006176616a 800000006176616a
0x0000005a5c8fac38:   00007ff9da40cd94 46676e697274535c
0x0000005a5c8fac48:   5c6f666e49656c69 3062343039303430
0x0000005a5c8fac58:   726556656c69465c 000000006e6f6973 

Instructions: (pc=0x00007ff96c256200)
0x00007ff96c256100:   74 09 33 c9 ff 15 46 73 6b 03 90 48 8b c3 48 83
0x00007ff96c256110:   c4 20 5b c3 cc cc cc cc cc cc cc cc cc cc cc cc
0x00007ff96c256120:   48 83 ec 28 48 8b 51 08 48 85 d2 74 09 33 c9 ff
0x00007ff96c256130:   15 1b 73 6b 03 90 48 83 c4 28 c3 cc cc cc cc cc
0x00007ff96c256140:   48 89 11 c3 cc cc cc cc cc cc cc cc cc cc cc cc
0x00007ff96c256150:   48 8b c1 c3 cc cc cc cc cc cc cc cc cc cc cc cc
0x00007ff96c256160:   48 3b ca 74 10 41 8b 00 39 01 74 09 48 83 c1 04
0x00007ff96c256170:   48 3b ca 75 f3 48 8b c1 c3 cc cc cc cc cc cc cc
0x00007ff96c256180:   48 8b c1 c3 cc cc cc cc cc cc cc cc cc cc cc cc
0x00007ff96c256190:   48 83 39 00 0f 94 c0 c3 cc cc cc cc cc cc cc cc
0x00007ff96c2561a0:   4c 8d 04 d5 00 00 00 00 33 d2 e9 f1 69 e0 01 cc
0x00007ff96c2561b0:   4c 8b 41 08 48 8b 02 49 89 00 48 83 41 08 08 c3
0x00007ff96c2561c0:   48 8b c1 c3 cc cc cc cc cc cc cc cc cc cc cc cc
0x00007ff96c2561d0:   48 8b c1 c3 cc cc cc cc cc cc cc cc cc cc cc cc
0x00007ff96c2561e0:   49 8b 00 48 89 02 c3 cc cc cc cc cc cc cc cc cc
0x00007ff96c2561f0:   8b 81 48 39 00 00 c3 cc cc cc cc cc cc cc cc cc
0x00007ff96c256200:   8b 81 48 39 00 00 83 c0 f0 83 f8 68 0f 87 5a 01
0x00007ff96c256210:   00 00 48 8d 15 e7 9d e6 ff 0f b6 84 02 90 63 19
0x00007ff96c256220:   00 8b 8c 82 70 63 19 00 48 03 ca ff e1 48 8b 0d
0x00007ff96c256230:   bc 60 83 03 83 b9 f8 36 00 00 02 0f 87 2b 01 00
0x00007ff96c256240:   00 48 8d 91 28 2b 00 00 c7 02 e1 00 00 00 e9 ce
0x00007ff96c256250:   00 00 00 48 8b 0d 96 60 83 03 83 b9 f8 36 00 00
0x00007ff96c256260:   02 0f 87 05 01 00 00 48 8d 91 28 2b 00 00 c7 02
0x00007ff96c256270:   f0 00 00 00 e9 a8 00 00 00 48 8b 0d 70 60 83 03
0x00007ff96c256280:   83 b9 f8 36 00 00 02 0f 87 df 00 00 00 48 8d 91
0x00007ff96c256290:   28 2b 00 00 c7 02 00 04 00 00 e9 82 00 00 00 48
0x00007ff96c2562a0:   8b 0d 4a 60 83 03 83 b9 f8 36 00 00 02 0f 87 b9
0x00007ff96c2562b0:   00 00 00 48 8d 91 28 2b 00 00 c7 02 00 08 00 00
0x00007ff96c2562c0:   eb 5f 48 8b 0d 27 60 83 03 83 b9 f8 36 00 00 02
0x00007ff96c2562d0:   0f 87 96 00 00 00 48 8d 91 28 2b 00 00 c7 02 00
0x00007ff96c2562e0:   09 00 00 eb 3c 48 8b 0d 04 60 83 03 83 b9 f8 36
0x00007ff96c2562f0:   00 00 02 77 77 48 8d 91 28 2b 00 00 c7 02 3c 0f 


Stack slot to memory mapping:
stack at sp + 0 slots: 0x00007ff96c25651c atio6axx.dll
stack at sp + 1 slots: 0x00007ff96fae8940 atio6axx.dll
stack at sp + 2 slots: 0x000002185c2ec698 points into unknown readable memory: 0x00007ff96f2ecf60 | 60 cf 2e 6f f9 7f 00 00
stack at sp + 3 slots: 0x0 is NULL
stack at sp + 4 slots: 0x00007ff96c25752d atio6axx.dll
stack at sp + 5 slots: 0x0000005a5c8fafc0 is pointing into the stack for thread: 0x000002182b5bf860
stack at sp + 6 slots: 0x00007ff96c211a74 atio6axx.dll
stack at sp + 7 slots: 0x00007ff96fae5cd0 atio6axx.dll


---------------  P R O C E S S  ---------------

Threads class SMR info:
_java_thread_list=0x000002185a1e2c40, length=26, elements={
0x000002182b5bf860, 0x0000021858d87f60, 0x0000021858d88b10, 0x0000021858d9a520,
0x0000021858d9aed0, 0x0000021858d9b880, 0x0000021858d9c230, 0x0000021858d9cf10,
0x0000021858db21a0, 0x0000021858db33a0, 0x0000021858db79e0, 0x0000021858ed56a0,
0x0000021858ee2650, 0x0000021858f07eb0, 0x0000021858f083c0, 0x000002185905ad00,
0x000002185a178700, 0x000002185a240dd0, 0x000002185a23c960, 0x000002185a23d080,
0x000002185c1eee40, 0x000002185e52ab10, 0x000002185b46e3d0, 0x000002185c691060,
0x000002185c691f90, 0x000002185f3f8f00
}

Java Threads: ( => current thread )
=>0x000002182b5bf860 JavaThread "Render thread" [_thread_in_native, id=11676, stack(0x0000005a5c800000,0x0000005a5c900000)]
  0x0000021858d87f60 JavaThread "Reference Handler" daemon [_thread_blocked, id=5268, stack(0x0000005a5cf00000,0x0000005a5d000000)]
  0x0000021858d88b10 JavaThread "Finalizer" daemon [_thread_blocked, id=9968, stack(0x0000005a5d000000,0x0000005a5d100000)]
  0x0000021858d9a520 JavaThread "Signal Dispatcher" daemon [_thread_blocked, id=4468, stack(0x0000005a5d100000,0x0000005a5d200000)]
  0x0000021858d9aed0 JavaThread "Attach Listener" daemon [_thread_blocked, id=14108, stack(0x0000005a5d200000,0x0000005a5d300000)]
  0x0000021858d9b880 JavaThread "Service Thread" daemon [_thread_blocked, id=1280, stack(0x0000005a5d300000,0x0000005a5d400000)]
  0x0000021858d9c230 JavaThread "Monitor Deflation Thread" daemon [_thread_blocked, id=7312, stack(0x0000005a5d400000,0x0000005a5d500000)]
  0x0000021858d9cf10 JavaThread "C2 CompilerThread0" daemon [_thread_blocked, id=6088, stack(0x0000005a5d500000,0x0000005a5d600000)]
  0x0000021858db21a0 JavaThread "C1 CompilerThread0" daemon [_thread_blocked, id=14604, stack(0x0000005a5d600000,0x0000005a5d700000)]
  0x0000021858db33a0 JavaThread "Sweeper thread" daemon [_thread_blocked, id=11360, stack(0x0000005a5d700000,0x0000005a5d800000)]
  0x0000021858db79e0 JavaThread "C1 CompilerThread1" daemon [_thread_blocked, id=10536, stack(0x0000005a5d800000,0x0000005a5d900000)]
  0x0000021858ed56a0 JavaThread "Common-Cleaner" daemon [_thread_blocked, id=11804, stack(0x0000005a5d900000,0x0000005a5da00000)]
  0x0000021858ee2650 JavaThread "C1 CompilerThread2" daemon [_thread_blocked, id=17316, stack(0x0000005a5da00000,0x0000005a5db00000)]
  0x0000021858f07eb0 JavaThread "C2 CompilerThread1" daemon [_thread_blocked, id=14084, stack(0x0000005a5db00000,0x0000005a5dc00000)]
  0x0000021858f083c0 JavaThread "C2 CompilerThread2" daemon [_thread_blocked, id=1952, stack(0x0000005a5dc00000,0x0000005a5dd00000)]
  0x000002185905ad00 JavaThread "Notification Thread" daemon [_thread_blocked, id=5496, stack(0x0000005a5dd00000,0x0000005a5de00000)]
  0x000002185a178700 JavaThread "C1 CompilerThread3" daemon [_thread_blocked, id=12476, stack(0x0000005a5df00000,0x0000005a5e000000)]
  0x000002185a240dd0 JavaThread "C2 CompilerThread3" daemon [_thread_blocked, id=15944, stack(0x0000005a5eb00000,0x0000005a5ec00000)]
  0x000002185a23c960 JavaThread "C2 CompilerThread4" daemon [_thread_blocked, id=14528, stack(0x0000005a5ec00000,0x0000005a5ed00000)]
  0x000002185a23d080 JavaThread "C2 CompilerThread5" daemon [_thread_blocked, id=9436, stack(0x0000005a5ed00000,0x0000005a5ee00000)]
  0x000002185c1eee40 JavaThread "Thread-0" daemon [_thread_blocked, id=15840, stack(0x0000005a5f000000,0x0000005a5f100000)]
  0x000002185e52ab10 JavaThread "FileSystemWatchService" daemon [_thread_in_native, id=5044, stack(0x0000005a5f100000,0x0000005a5f200000)]
  0x000002185b46e3d0 JavaThread "pool-2-thread-1" daemon [_thread_blocked, id=19500, stack(0x0000005a5fa00000,0x0000005a5fb00000)]
  0x000002185c691060 JavaThread "C2 CompilerThread6" daemon [_thread_blocked, id=19636, stack(0x0000005a5ef00000,0x0000005a5f000000)]
  0x000002185c691f90 JavaThread "C2 CompilerThread7" daemon [_thread_blocked, id=19640, stack(0x0000005a60000000,0x0000005a60100000)]
  0x000002185f3f8f00 JavaThread "Timer hack thread" daemon [_thread_blocked, id=20028, stack(0x0000005a5ee00000,0x0000005a5ef00000)]

Other Threads:
  0x0000021858d830c0 VMThread "VM Thread" [stack: 0x0000005a5ce00000,0x0000005a5cf00000] [id=9068]
  0x00000218557f7c80 WatcherThread [stack: 0x0000005a5de00000,0x0000005a5df00000] [id=7264]
  0x000002182b66e3d0 GCTaskThread "GC Thread#0" [stack: 0x0000005a5c900000,0x0000005a5ca00000] [id=17976]
  0x000002185a190ca0 GCTaskThread "GC Thread#1" [stack: 0x0000005a5e000000,0x0000005a5e100000] [id=244]
  0x000002185a1fc770 GCTaskThread "GC Thread#2" [stack: 0x0000005a5e100000,0x0000005a5e200000] [id=4004]
  0x000002185a1fca20 GCTaskThread "GC Thread#3" [stack: 0x0000005a5e200000,0x0000005a5e300000] [id=18160]
  0x000002185a1fccd0 GCTaskThread "GC Thread#4" [stack: 0x0000005a5e300000,0x0000005a5e400000] [id=19388]
  0x000002185a1771a0 GCTaskThread "GC Thread#5" [stack: 0x0000005a5e400000,0x0000005a5e500000] [id=3024]
  0x000002185a177450 GCTaskThread "GC Thread#6" [stack: 0x0000005a5e500000,0x0000005a5e600000] [id=16636]
  0x000002185a177f10 GCTaskThread "GC Thread#7" [stack: 0x0000005a5e600000,0x0000005a5e700000] [id=2060]
  0x000002185a1781c0 GCTaskThread "GC Thread#8" [stack: 0x0000005a5e700000,0x0000005a5e800000] [id=356]
  0x000002185a1b7990 GCTaskThread "GC Thread#9" [stack: 0x0000005a5e800000,0x0000005a5e900000] [id=3864]
  0x000002185a1b2520 GCTaskThread "GC Thread#10" [stack: 0x0000005a5e900000,0x0000005a5ea00000] [id=8916]
  0x000002185a1ba460 GCTaskThread "GC Thread#11" [stack: 0x0000005a5ea00000,0x0000005a5eb00000] [id=5048]
  0x000002185c697770 GCTaskThread "GC Thread#12" [stack: 0x0000005a5f200000,0x0000005a5f300000] [id=7564]
  0x000002185c698230 GCTaskThread "GC Thread#13" [stack: 0x0000005a5f300000,0x0000005a5f400000] [id=6564]
  0x000002185c6984e0 GCTaskThread "GC Thread#14" [stack: 0x0000005a5f400000,0x0000005a5f500000] [id=9188]
  0x000002185c699250 GCTaskThread "GC Thread#15" [stack: 0x0000005a5f500000,0x0000005a5f600000] [id=13012]
  0x000002185e0c8b30 GCTaskThread "GC Thread#16" [stack: 0x0000005a5fb00000,0x0000005a5fc00000] [id=19564]
  0x000002185e0c7b10 GCTaskThread "GC Thread#17" [stack: 0x0000005a5fc00000,0x0000005a5fd00000] [id=19568]
  0x000002182b5df730 ConcurrentGCThread "G1 Main Marker" [stack: 0x0000005a5ca00000,0x0000005a5cb00000] [id=9576]
  0x00000218557b0a10 ConcurrentGCThread "G1 Conc#0" [stack: 0x0000005a5cb00000,0x0000005a5cc00000] [id=15992]
  0x000002185c697f80 ConcurrentGCThread "G1 Conc#1" [stack: 0x0000005a5f600000,0x0000005a5f700000] [id=19460]
  0x000002185c698a40 ConcurrentGCThread "G1 Conc#2" [stack: 0x0000005a5f700000,0x0000005a5f800000] [id=19464]
  0x000002185c697cd0 ConcurrentGCThread "G1 Conc#3" [stack: 0x0000005a5f800000,0x0000005a5f900000] [id=19468]
  0x000002185c698cf0 ConcurrentGCThread "G1 Conc#4" [stack: 0x0000005a5f900000,0x0000005a5fa00000] [id=19472]
  0x00000218558f65f0 ConcurrentGCThread "G1 Refine#0" [stack: 0x0000005a5cc00000,0x0000005a5cd00000] [id=5556]
  0x0000021862819420 ConcurrentGCThread "G1 Refine#1" [stack: 0x0000005a60100000,0x0000005a60200000] [id=19644]
  0x00000218558f6eb0 ConcurrentGCThread "G1 Service" [stack: 0x0000005a5cd00000,0x0000005a5ce00000] [id=11416]

Threads with active compile tasks:

VM state: not at safepoint (normal execution)

VM Mutex/Monitor currently owned by a thread: None

Heap address: 0x000000060d800000, size: 7976 MB, Compressed Oops mode: Zero based, Oop shift amount: 3

CDS archive(s) mapped at: [0x0000000800000000-0x0000000800bc0000-0x0000000800bc0000), size 12320768, SharedBaseAddress: 0x0000000800000000, ArchiveRelocationMode: 0.
Compressed class space mapped at: 0x0000000800c00000-0x0000000840c00000, reserved size: 1073741824
Narrow klass base: 0x0000000800000000, Narrow klass shift: 0, Narrow klass range: 0x100000000

GC Precious Log:
 CPUs: 24 total, 24 available
 Memory: 31899M
 Large Page Support: Disabled
 NUMA Support: Disabled
 Compressed Oops: Enabled (Zero based)
 Heap Region Size: 4M
 Heap Min Capacity: 8M
 Heap Initial Capacity: 500M
 Heap Max Capacity: 7976M
 Pre-touch: Disabled
 Parallel Workers: 18
 Concurrent Workers: 5
 Concurrent Refinement Workers: 18
 Periodic GC: Disabled

Heap:
 garbage-first heap   total 442368K, used 265040K [0x000000060d800000, 0x0000000800000000)
  region size 4096K, 30 young (122880K), 2 survivors (8192K)
 Metaspace       used 65777K, committed 66944K, reserved 1105920K
  class space    used 9956K, committed 10432K, reserved 1048576K

Heap Regions: E=young(eden), S=young(survivor), O=old, HS=humongous(starts), HC=humongous(continues), CS=collection set, F=free, OA=open archive, CA=closed archive, TAMS=top-at-mark-start (previous, next)
|   0|0x000000060d800000, 0x000000060dc00000, 0x000000060dc00000|100%| O|  |TAMS 0x000000060dc00000, 0x000000060d800000| Untracked 
|   1|0x000000060dc00000, 0x000000060e000000, 0x000000060e000000|100%| O|  |TAMS 0x000000060e000000, 0x000000060dc00000| Untracked 
|   2|0x000000060e000000, 0x000000060e400000, 0x000000060e400000|100%| O|  |TAMS 0x000000060e400000, 0x000000060e000000| Untracked 
|   3|0x000000060e400000, 0x000000060e800000, 0x000000060e800000|100%| O|  |TAMS 0x000000060e800000, 0x000000060e400000| Untracked 
|   4|0x000000060e800000, 0x000000060ec00000, 0x000000060ec00000|100%| O|  |TAMS 0x000000060ec00000, 0x000000060e800000| Untracked 
|   5|0x000000060ec00000, 0x000000060f000000, 0x000000060f000000|100%| O|  |TAMS 0x000000060f000000, 0x000000060ec00000| Untracked 
|   6|0x000000060f000000, 0x000000060f400000, 0x000000060f400000|100%| O|  |TAMS 0x000000060f400000, 0x000000060f000000| Untracked 
|   7|0x000000060f400000, 0x000000060f800000, 0x000000060f800000|100%| O|  |TAMS 0x000000060f800000, 0x000000060f400000| Untracked 
|   8|0x000000060f800000, 0x000000060fc00000, 0x000000060fc00000|100%| O|  |TAMS 0x000000060fc00000, 0x000000060f800000| Untracked 
|   9|0x000000060fc00000, 0x0000000610000000, 0x0000000610000000|100%| O|  |TAMS 0x0000000610000000, 0x000000060fc00000| Untracked 
|  10|0x0000000610000000, 0x0000000610400000, 0x0000000610400000|100%| O|  |TAMS 0x0000000610400000, 0x0000000610000000| Untracked 
|  11|0x0000000610400000, 0x0000000610800000, 0x0000000610800000|100%| O|  |TAMS 0x0000000610800000, 0x0000000610400000| Untracked 
|  12|0x0000000610800000, 0x0000000610af6a00, 0x0000000610c00000| 74%| O|  |TAMS 0x0000000610af6a00, 0x0000000610800000| Untracked 
|  13|0x0000000610c00000, 0x0000000611000000, 0x0000000611000000|100%| O|  |TAMS 0x0000000611000000, 0x0000000610c00000| Untracked 
|  14|0x0000000611000000, 0x0000000611400000, 0x0000000611400000|100%| O|  |TAMS 0x0000000611400000, 0x0000000611000000| Untracked 
|  15|0x0000000611400000, 0x0000000611800000, 0x0000000611800000|100%| O|  |TAMS 0x0000000611800000, 0x0000000611400000| Untracked 
|  16|0x0000000611800000, 0x0000000611c00000, 0x0000000611c00000|100%|HS|  |TAMS 0x0000000611c00000, 0x0000000611800000| Complete 
|  17|0x0000000611c00000, 0x0000000612000000, 0x0000000612000000|100%|HC|  |TAMS 0x0000000612000000, 0x0000000611c00000| Complete 
|  18|0x0000000612000000, 0x0000000612400000, 0x0000000612400000|100%|HC|  |TAMS 0x0000000612400000, 0x0000000612000000| Complete 
|  19|0x0000000612400000, 0x0000000612800000, 0x0000000612800000|100%| O|  |TAMS 0x0000000612800000, 0x0000000612400000| Untracked 
|  20|0x0000000612800000, 0x0000000612c00000, 0x0000000612c00000|100%| O|  |TAMS 0x0000000612c00000, 0x0000000612800000| Untracked 
|  21|0x0000000612c00000, 0x0000000613000000, 0x0000000613000000|100%| O|  |TAMS 0x0000000613000000, 0x0000000612c00000| Untracked 
|  22|0x0000000613000000, 0x0000000613400000, 0x0000000613400000|100%| O|  |TAMS 0x0000000613400000, 0x0000000613000000| Untracked 
|  23|0x0000000613400000, 0x0000000613800000, 0x0000000613800000|100%| O|  |TAMS 0x0000000613800000, 0x0000000613400000| Untracked 
|  24|0x0000000613800000, 0x0000000613c00000, 0x0000000613c00000|100%| O|  |TAMS 0x0000000613c00000, 0x0000000613800000| Untracked 
|  25|0x0000000613c00000, 0x0000000614000000, 0x0000000614000000|100%| O|  |TAMS 0x0000000614000000, 0x0000000613c00000| Untracked 
|  26|0x0000000614000000, 0x0000000614400000, 0x0000000614400000|100%| O|  |TAMS 0x0000000614400000, 0x0000000614000000| Untracked 
|  27|0x0000000614400000, 0x0000000614800000, 0x0000000614800000|100%| O|  |TAMS 0x0000000614800000, 0x0000000614400000| Untracked 
|  28|0x0000000614800000, 0x0000000614c00000, 0x0000000614c00000|100%| O|  |TAMS 0x0000000614c00000, 0x0000000614800000| Untracked 
|  29|0x0000000614c00000, 0x0000000615000000, 0x0000000615000000|100%| O|  |TAMS 0x0000000615000000, 0x0000000614c00000| Untracked 
|  30|0x0000000615000000, 0x0000000615400000, 0x0000000615400000|100%| O|  |TAMS 0x0000000615400000, 0x0000000615000000| Untracked 
|  31|0x0000000615400000, 0x0000000615800000, 0x0000000615800000|100%| O|  |TAMS 0x0000000615800000, 0x0000000615400000| Untracked 
|  32|0x0000000615800000, 0x0000000615c00000, 0x0000000615c00000|100%| O|  |TAMS 0x0000000615c00000, 0x0000000615800000| Untracked 
|  33|0x0000000615c00000, 0x0000000616000000, 0x0000000616000000|100%| O|  |TAMS 0x0000000616000000, 0x0000000615c00000| Untracked 
|  34|0x0000000616000000, 0x0000000616000000, 0x0000000616400000|  0%| F|  |TAMS 0x0000000616000000, 0x0000000616000000| Untracked 
|  35|0x0000000616400000, 0x0000000616400000, 0x0000000616800000|  0%| F|  |TAMS 0x0000000616400000, 0x0000000616400000| Untracked 
|  36|0x0000000616800000, 0x0000000616c00000, 0x0000000616c00000|100%| O|  |TAMS 0x0000000616c00000, 0x0000000616800000| Untracked 
|  37|0x0000000616c00000, 0x0000000617000000, 0x0000000617000000|100%| O|  |TAMS 0x0000000617000000, 0x0000000616c00000| Untracked 
|  38|0x0000000617000000, 0x0000000617000000, 0x0000000617400000|  0%| F|  |TAMS 0x0000000617000000, 0x0000000617000000| Untracked 
|  39|0x0000000617400000, 0x0000000617400000, 0x0000000617800000|  0%| F|  |TAMS 0x0000000617400000, 0x0000000617400000| Untracked 
|  40|0x0000000617800000, 0x0000000617800000, 0x0000000617c00000|  0%| F|  |TAMS 0x0000000617800000, 0x0000000617800000| Untracked 
|  41|0x0000000617c00000, 0x0000000617c00000, 0x0000000618000000|  0%| F|  |TAMS 0x0000000617c00000, 0x0000000617c00000| Untracked 
|  42|0x0000000618000000, 0x0000000618000000, 0x0000000618400000|  0%| F|  |TAMS 0x0000000618000000, 0x0000000618000000| Untracked 
|  43|0x0000000618400000, 0x0000000618400000, 0x0000000618800000|  0%| F|  |TAMS 0x0000000618400000, 0x0000000618400000| Untracked 
|  44|0x0000000618800000, 0x0000000618800000, 0x0000000618c00000|  0%| F|  |TAMS 0x0000000618800000, 0x0000000618800000| Untracked 
|  45|0x0000000618c00000, 0x0000000618c00000, 0x0000000619000000|  0%| F|  |TAMS 0x0000000618c00000, 0x0000000618c00000| Untracked 
|  46|0x0000000619000000, 0x0000000619000000, 0x0000000619400000|  0%| F|  |TAMS 0x0000000619000000, 0x0000000619000000| Untracked 
|  47|0x0000000619400000, 0x0000000619400000, 0x0000000619800000|  0%| F|  |TAMS 0x0000000619400000, 0x0000000619400000| Untracked 
|  48|0x0000000619800000, 0x0000000619800000, 0x0000000619c00000|  0%| F|  |TAMS 0x0000000619800000, 0x0000000619800000| Untracked 
|  49|0x0000000619c00000, 0x0000000619c00000, 0x000000061a000000|  0%| F|  |TAMS 0x0000000619c00000, 0x0000000619c00000| Untracked 
|  50|0x000000061a000000, 0x000000061a000000, 0x000000061a400000|  0%| F|  |TAMS 0x000000061a000000, 0x000000061a000000| Untracked 
|  51|0x000000061a400000, 0x000000061a400000, 0x000000061a800000|  0%| F|  |TAMS 0x000000061a400000, 0x000000061a400000| Untracked 
|  52|0x000000061a800000, 0x000000061a800000, 0x000000061ac00000|  0%| F|  |TAMS 0x000000061a800000, 0x000000061a800000| Untracked 
|  53|0x000000061ac00000, 0x000000061ac00000, 0x000000061b000000|  0%| F|  |TAMS 0x000000061ac00000, 0x000000061ac00000| Untracked 
|  54|0x000000061b000000, 0x000000061b000000, 0x000000061b400000|  0%| F|  |TAMS 0x000000061b000000, 0x000000061b000000| Untracked 
|  55|0x000000061b400000, 0x000000061b400000, 0x000000061b800000|  0%| F|  |TAMS 0x000000061b400000, 0x000000061b400000| Untracked 
|  56|0x000000061b800000, 0x000000061b800000, 0x000000061bc00000|  0%| F|  |TAMS 0x000000061b800000, 0x000000061b800000| Untracked 
|  57|0x000000061bc00000, 0x000000061bfdd970, 0x000000061c000000| 96%| S|CS|TAMS 0x000000061bc00000, 0x000000061bc00000| Complete 
|  58|0x000000061c000000, 0x000000061c400000, 0x000000061c400000|100%| S|CS|TAMS 0x000000061c000000, 0x000000061c000000| Complete 
|  59|0x000000061c400000, 0x000000061c400000, 0x000000061c800000|  0%| F|  |TAMS 0x000000061c400000, 0x000000061c400000| Untracked 
|  60|0x000000061c800000, 0x000000061c800000, 0x000000061cc00000|  0%| F|  |TAMS 0x000000061c800000, 0x000000061c800000| Untracked 
|  61|0x000000061cc00000, 0x000000061cc00000, 0x000000061d000000|  0%| F|  |TAMS 0x000000061cc00000, 0x000000061cc00000| Untracked 
|  62|0x000000061d000000, 0x000000061d000000, 0x000000061d400000|  0%| F|  |TAMS 0x000000061d000000, 0x000000061d000000| Untracked 
|  63|0x000000061d400000, 0x000000061d400000, 0x000000061d800000|  0%| F|  |TAMS 0x000000061d400000, 0x000000061d400000| Untracked 
|  64|0x000000061d800000, 0x000000061d800000, 0x000000061dc00000|  0%| F|  |TAMS 0x000000061d800000, 0x000000061d800000| Untracked 
|  65|0x000000061dc00000, 0x000000061dc00000, 0x000000061e000000|  0%| F|  |TAMS 0x000000061dc00000, 0x000000061dc00000| Untracked 
|  66|0x000000061e000000, 0x000000061e000000, 0x000000061e400000|  0%| F|  |TAMS 0x000000061e000000, 0x000000061e000000| Untracked 
|  67|0x000000061e400000, 0x000000061e400000, 0x000000061e800000|  0%| F|  |TAMS 0x000000061e400000, 0x000000061e400000| Untracked 
|  68|0x000000061e800000, 0x000000061e800000, 0x000000061ec00000|  0%| F|  |TAMS 0x000000061e800000, 0x000000061e800000| Untracked 
|  69|0x000000061ec00000, 0x000000061ec00000, 0x000000061f000000|  0%| F|  |TAMS 0x000000061ec00000, 0x000000061ec00000| Untracked 
|  70|0x000000061f000000, 0x000000061f000000, 0x000000061f400000|  0%| F|  |TAMS 0x000000061f000000, 0x000000061f000000| Untracked 
|  71|0x000000061f400000, 0x000000061f400000, 0x000000061f800000|  0%| F|  |TAMS 0x000000061f400000, 0x000000061f400000| Untracked 
|  72|0x000000061f800000, 0x000000061f800000, 0x000000061fc00000|  0%| F|  |TAMS 0x000000061f800000, 0x000000061f800000| Untracked 
|  73|0x000000061fc00000, 0x000000061fc00000, 0x0000000620000000|  0%| F|  |TAMS 0x000000061fc00000, 0x000000061fc00000| Untracked 
|  74|0x0000000620000000, 0x0000000620000000, 0x0000000620400000|  0%| F|  |TAMS 0x0000000620000000, 0x0000000620000000| Untracked 
|  75|0x0000000620400000, 0x0000000620400000, 0x0000000620800000|  0%| F|  |TAMS 0x0000000620400000, 0x0000000620400000| Untracked 
|  76|0x0000000620800000, 0x0000000620800000, 0x0000000620c00000|  0%| F|  |TAMS 0x0000000620800000, 0x0000000620800000| Untracked 
|  77|0x0000000620c00000, 0x0000000620c00000, 0x0000000621000000|  0%| F|  |TAMS 0x0000000620c00000, 0x0000000620c00000| Untracked 
|  78|0x0000000621000000, 0x0000000621000000, 0x0000000621400000|  0%| F|  |TAMS 0x0000000621000000, 0x0000000621000000| Untracked 
|  79|0x0000000621400000, 0x0000000621400000, 0x0000000621800000|  0%| F|  |TAMS 0x0000000621400000, 0x0000000621400000| Untracked 
|  80|0x0000000621800000, 0x0000000621ba6b58, 0x0000000621c00000| 91%| E|  |TAMS 0x0000000621800000, 0x0000000621800000| Complete 
|  81|0x0000000621c00000, 0x0000000622000000, 0x0000000622000000|100%| E|CS|TAMS 0x0000000621c00000, 0x0000000621c00000| Complete 
|  82|0x0000000622000000, 0x0000000622400000, 0x0000000622400000|100%| E|CS|TAMS 0x0000000622000000, 0x0000000622000000| Complete 
|  83|0x0000000622400000, 0x0000000622800000, 0x0000000622800000|100%| E|CS|TAMS 0x0000000622400000, 0x0000000622400000| Complete 
|  84|0x0000000622800000, 0x0000000622c00000, 0x0000000622c00000|100%| E|CS|TAMS 0x0000000622800000, 0x0000000622800000| Complete 
|  85|0x0000000622c00000, 0x0000000623000000, 0x0000000623000000|100%| E|CS|TAMS 0x0000000622c00000, 0x0000000622c00000| Complete 
|  86|0x0000000623000000, 0x0000000623400000, 0x0000000623400000|100%| E|CS|TAMS 0x0000000623000000, 0x0000000623000000| Complete 
|  87|0x0000000623400000, 0x0000000623800000, 0x0000000623800000|100%| E|CS|TAMS 0x0000000623400000, 0x0000000623400000| Complete 
|  88|0x0000000623800000, 0x0000000623c00000, 0x0000000623c00000|100%| E|CS|TAMS 0x0000000623800000, 0x0000000623800000| Complete 
|  89|0x0000000623c00000, 0x0000000624000000, 0x0000000624000000|100%| E|CS|TAMS 0x0000000623c00000, 0x0000000623c00000| Complete 
|  90|0x0000000624000000, 0x0000000624400000, 0x0000000624400000|100%| E|CS|TAMS 0x0000000624000000, 0x0000000624000000| Complete 
|  91|0x0000000624400000, 0x0000000624800000, 0x0000000624800000|100%| E|CS|TAMS 0x0000000624400000, 0x0000000624400000| Complete 
|  92|0x0000000624800000, 0x0000000624c00000, 0x0000000624c00000|100%| E|CS|TAMS 0x0000000624800000, 0x0000000624800000| Complete 
|  93|0x0000000624c00000, 0x0000000625000000, 0x0000000625000000|100%| E|CS|TAMS 0x0000000624c00000, 0x0000000624c00000| Complete 
|  94|0x0000000625000000, 0x0000000625400000, 0x0000000625400000|100%| E|CS|TAMS 0x0000000625000000, 0x0000000625000000| Complete 
|  95|0x0000000625400000, 0x0000000625800000, 0x0000000625800000|100%| E|CS|TAMS 0x0000000625400000, 0x0000000625400000| Complete 
|  96|0x0000000625800000, 0x0000000625c00000, 0x0000000625c00000|100%| E|CS|TAMS 0x0000000625800000, 0x0000000625800000| Complete 
|  97|0x0000000625c00000, 0x0000000626000000, 0x0000000626000000|100%| E|CS|TAMS 0x0000000625c00000, 0x0000000625c00000| Complete 
|  98|0x0000000626000000, 0x0000000626400000, 0x0000000626400000|100%| E|CS|TAMS 0x0000000626000000, 0x0000000626000000| Complete 
|  99|0x0000000626400000, 0x0000000626800000, 0x0000000626800000|100%| E|CS|TAMS 0x0000000626400000, 0x0000000626400000| Complete 
| 100|0x0000000626800000, 0x0000000626c00000, 0x0000000626c00000|100%| E|CS|TAMS 0x0000000626800000, 0x0000000626800000| Complete 
| 101|0x0000000626c00000, 0x0000000627000000, 0x0000000627000000|100%| E|CS|TAMS 0x0000000626c00000, 0x0000000626c00000| Complete 
| 102|0x0000000627000000, 0x0000000627400000, 0x0000000627400000|100%| E|CS|TAMS 0x0000000627000000, 0x0000000627000000| Complete 
| 103|0x0000000627400000, 0x0000000627800000, 0x0000000627800000|100%| E|CS|TAMS 0x0000000627400000, 0x0000000627400000| Complete 
| 104|0x0000000627800000, 0x0000000627c00000, 0x0000000627c00000|100%| E|CS|TAMS 0x0000000627800000, 0x0000000627800000| Complete 
| 116|0x000000062a800000, 0x000000062ac00000, 0x000000062ac00000|100%| E|CS|TAMS 0x000000062a800000, 0x000000062a800000| Complete 
| 117|0x000000062ac00000, 0x000000062b000000, 0x000000062b000000|100%| E|CS|TAMS 0x000000062ac00000, 0x000000062ac00000| Complete 
| 124|0x000000062c800000, 0x000000062cc00000, 0x000000062cc00000|100%| E|CS|TAMS 0x000000062c800000, 0x000000062c800000| Complete 

Card table byte_map: [0x0000021843e30000,0x0000021844dd0000] _byte_map_base: 0x0000021840dc4000

Marking Bits (Prev, Next): (CMBitMap*) 0x000002182b66e8c0, (CMBitMap*) 0x000002182b66e880
 Prev Bits: [0x000002184da10000, 0x00000218556b0000)
 Next Bits: [0x0000021845d70000, 0x000002184da10000)

Polling page: 0x000002182ad80000

Metaspace:

Usage:
  Non-class:     54.51 MB used.
      Class:      9.72 MB used.
       Both:     64.24 MB used.

Virtual space:
  Non-class space:       56.00 MB reserved,      55.19 MB ( 99%) committed,  7 nodes.
      Class space:        1.00 GB reserved,      10.19 MB ( <1%) committed,  1 nodes.
             Both:        1.05 GB reserved,      65.38 MB (  6%) committed. 

Chunk freelists:
   Non-Class:  810.00 KB
       Class:  1.63 MB
        Both:  2.42 MB

MaxMetaspaceSize: unlimited
CompressedClassSpaceSize: 1.00 GB
Initial GC threshold: 21.00 MB
Current GC threshold: 99.69 MB
CDS: on
MetaspaceReclaimPolicy: balanced
 - commit_granule_bytes: 65536.
 - commit_granule_words: 8192.
 - virtual_space_node_default_size: 1048576.
 - enlarge_chunks_in_place: 1.
 - new_chunks_are_fully_committed: 0.
 - uncommit_free_chunks: 1.
 - use_allocation_guard: 0.
 - handle_deallocations: 1.


Internal statistics:

num_allocs_failed_limit: 12.
num_arena_births: 1718.
num_arena_deaths: 0.
num_vsnodes_births: 8.
num_vsnodes_deaths: 0.
num_space_committed: 1043.
num_space_uncommitted: 0.
num_chunks_returned_to_freelist: 12.
num_chunks_taken_from_freelist: 4452.
num_chunk_merges: 12.
num_chunk_splits: 2865.
num_chunks_enlarged: 1937.
num_purges: 0.
num_inconsistent_stats: 0.

CodeHeap 'non-profiled nmethods': size=119168Kb used=7717Kb max_used=7717Kb free=111451Kb
 bounds [0x000002183ac30000, 0x000002183b3c0000, 0x0000021842090000]
CodeHeap 'profiled nmethods': size=119104Kb used=13338Kb max_used=13471Kb free=105765Kb
 bounds [0x00000218337e0000, 0x0000021834510000, 0x000002183ac30000]
CodeHeap 'non-nmethods': size=7488Kb used=3656Kb max_used=3749Kb free=3831Kb
 bounds [0x0000021833090000, 0x0000021833440000, 0x00000218337e0000]
 total_blobs=9513 nmethods=8038 adapters=1384
 compilation: enabled
              stopped_count=0, restarted_count=0
 full_count=0

Compilation events (20 events):
Event: 5.605 Thread 0x0000021858db21a0 nmethod 10272 0x0000021833bdfe10 code [0x0000021833bdffe0, 0x0000021833be03f8]
Event: 5.605 Thread 0x000002185a178700 nmethod 10274 0x000002183b3b7810 code [0x000002183b3b79a0, 0x000002183b3b7a78]
Event: 5.605 Thread 0x0000021858db79e0 10275       3       jdk.internal.loader.NativeLibraries$NativeLibraryImpl::find (6 bytes)
Event: 5.605 Thread 0x0000021858db79e0 nmethod 10275 0x0000021833907990 code [0x0000021833907b20, 0x0000021833907c48]
Event: 5.606 Thread 0x000002185a23d080 10277       4       java.util.Optional::orElseGet (21 bytes)
Event: 5.607 Thread 0x000002185a23d080 nmethod 10277 0x000002183b3b7f10 code [0x000002183b3b8080, 0x000002183b3b8138]
Event: 5.614 Thread 0x0000021858db79e0 10281       3       java.util.concurrent.ConcurrentHashMap::isEmpty (15 bytes)
Event: 5.615 Thread 0x0000021858db79e0 nmethod 10281 0x0000021833c79b10 code [0x0000021833c79cc0, 0x0000021833c79e68]
Event: 5.619 Thread 0x0000021858db79e0 10282       3       sun.misc.Unsafe::getInt (9 bytes)
Event: 5.619 Thread 0x000002185a178700 10283       3       org.lwjgl.system.CustomBuffer::address (19 bytes)
Event: 5.619 Thread 0x0000021858ee2650 10284       3       org.lwjgl.system.StructBuffer::sizeof (8 bytes)
Event: 5.619 Thread 0x0000021858db21a0 10285       3       org.lwjgl.glfw.GLFWVidMode$Buffer::getElementFactory (5 bytes)
Event: 5.619 Thread 0x0000021858db79e0 nmethod 10282 0x0000021833bdfa90 code [0x0000021833bdfc20, 0x0000021833bdfd38]
Event: 5.619 Thread 0x0000021858db79e0 10286       3       org.lwjgl.glfw.GLFWVidMode$Buffer::getElementFactory (4 bytes)
Event: 5.619 Thread 0x0000021858db21a0 nmethod 10285 0x0000021833bdf690 code [0x0000021833bdf820, 0x0000021833bdf998]
Event: 5.619 Thread 0x000002185a178700 nmethod 10283 0x0000021833bdf190 code [0x0000021833bdf340, 0x0000021833bdf5a8]
Event: 5.619 Thread 0x0000021858ee2650 nmethod 10284 0x0000021833bdec90 code [0x0000021833bdee40, 0x0000021833bdf078]
Event: 5.619 Thread 0x0000021858db21a0 10287       3       org.lwjgl.glfw.GLFWVidMode::sizeof (4 bytes)
Event: 5.619 Thread 0x0000021858db79e0 nmethod 10286 0x0000021833bde910 code [0x0000021833bdeaa0, 0x0000021833bdebb8]
Event: 5.619 Thread 0x0000021858db21a0 nmethod 10287 0x0000021833bde590 code [0x0000021833bde720, 0x0000021833bde838]

GC Heap History (20 events):
Event: 2.720 GC heap before
{Heap before GC invocations=10 (full 0):
 garbage-first heap   total 266240K, used 201839K [0x000000060d800000, 0x0000000800000000)
  region size 4096K, 35 young (143360K), 1 survivors (4096K)
 Metaspace       used 27785K, committed 28672K, reserved 1081344K
  class space    used 3433K, committed 3840K, reserved 1048576K
}
Event: 2.722 GC heap after
{Heap after GC invocations=11 (full 0):
 garbage-first heap   total 266240K, used 67371K [0x000000060d800000, 0x0000000800000000)
  region size 4096K, 1 young (4096K), 1 survivors (4096K)
 Metaspace       used 27785K, committed 28672K, reserved 1081344K
  class space    used 3433K, committed 3840K, reserved 1048576K
}
Event: 2.917 GC heap before
{Heap before GC invocations=11 (full 0):
 garbage-first heap   total 266240K, used 223019K [0x000000060d800000, 0x0000000800000000)
  region size 4096K, 36 young (147456K), 1 survivors (4096K)
 Metaspace       used 30103K, committed 30976K, reserved 1081344K
  class space    used 3731K, committed 4096K, reserved 1048576K
}
Event: 2.919 GC heap after
{Heap after GC invocations=12 (full 0):
 garbage-first heap   total 266240K, used 82416K [0x000000060d800000, 0x0000000800000000)
  region size 4096K, 2 young (8192K), 2 survivors (8192K)
 Metaspace       used 30103K, committed 30976K, reserved 1081344K
  class space    used 3731K, committed 4096K, reserved 1048576K
}
Event: 3.095 GC heap before
{Heap before GC invocations=12 (full 0):
 garbage-first heap   total 266240K, used 213488K [0x000000060d800000, 0x0000000800000000)
  region size 4096K, 34 young (139264K), 2 survivors (8192K)
 Metaspace       used 31579K, committed 32512K, reserved 1081344K
  class space    used 3953K, committed 4352K, reserved 1048576K
}
Event: 3.098 GC heap after
{Heap after GC invocations=13 (full 0):
 garbage-first heap   total 266240K, used 85295K [0x000000060d800000, 0x0000000800000000)
  region size 4096K, 3 young (12288K), 3 survivors (12288K)
 Metaspace       used 31579K, committed 32512K, reserved 1081344K
  class space    used 3953K, committed 4352K, reserved 1048576K
}
Event: 3.475 GC heap before
{Heap before GC invocations=13 (full 0):
 garbage-first heap   total 266240K, used 159023K [0x000000060d800000, 0x0000000800000000)
  region size 4096K, 22 young (90112K), 3 survivors (12288K)
 Metaspace       used 35229K, committed 36160K, reserved 1081344K
  class space    used 4362K, committed 4800K, reserved 1048576K
}
Event: 3.477 GC heap after
{Heap after GC invocations=14 (full 0):
 garbage-first heap   total 266240K, used 86469K [0x000000060d800000, 0x0000000800000000)
  region size 4096K, 3 young (12288K), 3 survivors (12288K)
 Metaspace       used 35229K, committed 36160K, reserved 1081344K
  class space    used 4362K, committed 4800K, reserved 1048576K
}
Event: 3.824 GC heap before
{Heap before GC invocations=15 (full 0):
 garbage-first heap   total 266240K, used 217541K [0x000000060d800000, 0x0000000800000000)
  region size 4096K, 35 young (143360K), 3 survivors (12288K)
 Metaspace       used 40828K, committed 41856K, reserved 1089536K
  class space    used 5370K, committed 5824K, reserved 1048576K
}
Event: 3.829 GC heap after
{Heap after GC invocations=16 (full 0):
 garbage-first heap   total 266240K, used 94429K [0x000000060d800000, 0x0000000800000000)
  region size 4096K, 5 young (20480K), 5 survivors (20480K)
 Metaspace       used 40828K, committed 41856K, reserved 1089536K
  class space    used 5370K, committed 5824K, reserved 1048576K
}
Event: 3.974 GC heap before
{Heap before GC invocations=16 (full 0):
 garbage-first heap   total 266240K, used 213213K [0x000000060d800000, 0x0000000800000000)
  region size 4096K, 34 young (139264K), 5 survivors (20480K)
 Metaspace       used 41974K, committed 42944K, reserved 1089536K
  class space    used 5561K, committed 6016K, reserved 1048576K
}
Event: 3.984 GC heap after
{Heap after GC invocations=17 (full 0):
 garbage-first heap   total 319488K, used 106753K [0x000000060d800000, 0x0000000800000000)
  region size 4096K, 5 young (20480K), 5 survivors (20480K)
 Metaspace       used 41974K, committed 42944K, reserved 1089536K
  class space    used 5561K, committed 6016K, reserved 1048576K
}
Event: 4.125 GC heap before
{Heap before GC invocations=17 (full 0):
 garbage-first heap   total 319488K, used 254209K [0x000000060d800000, 0x0000000800000000)
  region size 4096K, 41 young (167936K), 5 survivors (20480K)
 Metaspace       used 42617K, committed 43584K, reserved 1089536K
  class space    used 5648K, committed 6080K, reserved 1048576K
}
Event: 4.135 GC heap after
{Heap after GC invocations=18 (full 0):
 garbage-first heap   total 319488K, used 121551K [0x000000060d800000, 0x0000000800000000)
  region size 4096K, 6 young (24576K), 6 survivors (24576K)
 Metaspace       used 42617K, committed 43584K, reserved 1089536K
  class space    used 5648K, committed 6080K, reserved 1048576K
}
Event: 4.569 GC heap before
{Heap before GC invocations=18 (full 0):
 garbage-first heap   total 319488K, used 256719K [0x000000060d800000, 0x0000000800000000)
  region size 4096K, 39 young (159744K), 6 survivors (24576K)
 Metaspace       used 49317K, committed 50304K, reserved 1097728K
  class space    used 6801K, committed 7232K, reserved 1048576K
}
Event: 4.578 GC heap after
{Heap after GC invocations=19 (full 0):
 garbage-first heap   total 319488K, used 143587K [0x000000060d800000, 0x0000000800000000)
  region size 4096K, 5 young (20480K), 5 survivors (20480K)
 Metaspace       used 49317K, committed 50304K, reserved 1097728K
  class space    used 6801K, committed 7232K, reserved 1048576K
}
Event: 4.973 GC heap before
{Heap before GC invocations=19 (full 0):
 garbage-first heap   total 319488K, used 245987K [0x000000060d800000, 0x0000000800000000)
  region size 4096K, 30 young (122880K), 5 survivors (20480K)
 Metaspace       used 57289K, committed 58432K, reserved 1105920K
  class space    used 8513K, committed 9024K, reserved 1048576K
}
Event: 4.977 GC heap after
{Heap after GC invocations=20 (full 0):
 garbage-first heap   total 319488K, used 154096K [0x000000060d800000, 0x0000000800000000)
  region size 4096K, 2 young (8192K), 2 survivors (8192K)
 Metaspace       used 57289K, committed 58432K, reserved 1105920K
  class space    used 8513K, committed 9024K, reserved 1048576K
}
Event: 5.158 GC heap before
{Heap before GC invocations=20 (full 0):
 garbage-first heap   total 319488K, used 227824K [0x000000060d800000, 0x0000000800000000)
  region size 4096K, 21 young (86016K), 2 survivors (8192K)
 Metaspace       used 59668K, committed 60736K, reserved 1105920K
  class space    used 8982K, committed 9472K, reserved 1048576K
}
Event: 5.161 GC heap after
{Heap after GC invocations=21 (full 0):
 garbage-first heap   total 442368K, used 154448K [0x000000060d800000, 0x0000000800000000)
  region size 4096K, 2 young (8192K), 2 survivors (8192K)
 Metaspace       used 59668K, committed 60736K, reserved 1105920K
  class space    used 8982K, committed 9472K, reserved 1048576K
}

Deoptimization events (20 events):
Event: 5.596 Thread 0x000002182b5bf860 Uncommon trap: trap_request=0xffffffde fr.pc=0x000002183b151534 relative=0x0000000000000274
Event: 5.596 Thread 0x000002182b5bf860 Uncommon trap: reason=class_check action=maybe_recompile pc=0x000002183b151534 method=java.util.regex.Matcher.match(II)Z @ 121 c2
Event: 5.596 Thread 0x000002182b5bf860 DEOPT PACKING pc=0x000002183b151534 sp=0x0000005a5c8fcc60
Event: 5.596 Thread 0x000002182b5bf860 DEOPT UNPACKING pc=0x00000218330e5c23 sp=0x0000005a5c8fcbd8 mode 2
Event: 5.596 Thread 0x000002182b5bf860 Uncommon trap: trap_request=0xffffffde fr.pc=0x000002183b151534 relative=0x0000000000000274
Event: 5.596 Thread 0x000002182b5bf860 Uncommon trap: reason=class_check action=maybe_recompile pc=0x000002183b151534 method=java.util.regex.Matcher.match(II)Z @ 121 c2
Event: 5.596 Thread 0x000002182b5bf860 DEOPT PACKING pc=0x000002183b151534 sp=0x0000005a5c8fcc60
Event: 5.596 Thread 0x000002182b5bf860 DEOPT UNPACKING pc=0x00000218330e5c23 sp=0x0000005a5c8fcbd8 mode 2
Event: 5.597 Thread 0x000002182b5bf860 Uncommon trap: trap_request=0xffffff45 fr.pc=0x000002183b3495f0 relative=0x0000000000000290
Event: 5.597 Thread 0x000002182b5bf860 Uncommon trap: reason=unstable_if action=reinterpret pc=0x000002183b3495f0 method=com.google.gson.stream.JsonReader.doPeek()I @ 315 c2
Event: 5.597 Thread 0x000002182b5bf860 DEOPT PACKING pc=0x000002183b3495f0 sp=0x0000005a5c8fe1c0
Event: 5.597 Thread 0x000002182b5bf860 DEOPT UNPACKING pc=0x00000218330e5c23 sp=0x0000005a5c8fe148 mode 2
Event: 5.597 Thread 0x000002182b5bf860 Uncommon trap: trap_request=0xffffff45 fr.pc=0x000002183b349e40 relative=0x00000000000000a0
Event: 5.597 Thread 0x000002182b5bf860 Uncommon trap: reason=unstable_if action=reinterpret pc=0x000002183b349e40 method=com.google.gson.stream.JsonReader.peek()Lcom/google/gson/stream/JsonToken; @ 15 c2
Event: 5.597 Thread 0x000002182b5bf860 DEOPT PACKING pc=0x000002183b349e40 sp=0x0000005a5c8fe200
Event: 5.597 Thread 0x000002182b5bf860 DEOPT UNPACKING pc=0x00000218330e5c23 sp=0x0000005a5c8fe198 mode 2
Event: 5.597 Thread 0x000002182b5bf860 Uncommon trap: trap_request=0xffffff45 fr.pc=0x000002183b3a9874 relative=0x0000000000005a54
Event: 5.597 Thread 0x000002182b5bf860 Uncommon trap: reason=unstable_if action=reinterpret pc=0x000002183b3a9874 method=com.google.gson.stream.JsonReader.peek()Lcom/google/gson/stream/JsonToken; @ 6 c2
Event: 5.597 Thread 0x000002182b5bf860 DEOPT PACKING pc=0x000002183b3a9874 sp=0x0000005a5c8fe100
Event: 5.597 Thread 0x000002182b5bf860 DEOPT UNPACKING pc=0x00000218330e5c23 sp=0x0000005a5c8fe0a8 mode 2

Classes unloaded (0 events):
No events

Classes redefined (0 events):
No events

Internal exceptions (20 events):
Event: 5.359 Thread 0x000002182b5bf860 Exception <a 'sun/nio/fs/WindowsException'{0x0000000624e8b500}> (0x0000000624e8b500) 
thrown [e:\jenkins\tmp\workspace\build\src\src\hotspot\share\prims\jni.cpp, line 516]
Event: 5.441 Thread 0x000002182b5bf860 Exception <a 'java/lang/NoSuchMethodError'{0x0000000623894fa0}: 'int java.lang.invoke.DirectMethodHandle$Holder.invokeStatic(java.lang.Object)'> (0x0000000623894fa0) 
thrown [e:\jenkins\tmp\workspace\build\src\src\hotspot\share\interpreter\linkResolver.cpp, line 766]
Event: 5.460 Thread 0x000002182b5bf860 Exception <a 'java/lang/NoSuchMethodError'{0x00000006234b2868}: 'java.lang.Object java.lang.invoke.Invokers$Holder.linkToTargetMethod(java.lang.Object, int, java.lang.Object, java.lang.Object)'> (0x00000006234b2868) 
thrown [e:\jenkins\tmp\workspace\build\src\src\hotspot\share\interpreter\linkResolver.cpp, line 766]
Event: 5.464 Thread 0x000002182b5bf860 Exception <a 'java/lang/NoSuchMethodError'{0x00000006235641a0}: 'int java.lang.invoke.DirectMethodHandle$Holder.invokeStaticInit(java.lang.Object)'> (0x00000006235641a0) 
thrown [e:\jenkins\tmp\workspace\build\src\src\hotspot\share\interpreter\linkResolver.cpp, line 766]
Event: 5.465 Thread 0x000002182b5bf860 Exception <a 'java/lang/NoSuchMethodError'{0x000000062356b588}: 'int java.lang.invoke.Invokers$Holder.invokeExact_MT(java.lang.Object, java.lang.Object)'> (0x000000062356b588) 
thrown [e:\jenkins\tmp\workspace\build\src\src\hotspot\share\interpreter\linkResolver.cpp, line 766]
Event: 5.468 Thread 0x000002182b5bf860 Exception <a 'sun/nio/fs/WindowsException'{0x0000000623684110}> (0x0000000623684110) 
thrown [e:\jenkins\tmp\workspace\build\src\src\hotspot\share\prims\jni.cpp, line 516]
Event: 5.468 Thread 0x000002182b5bf860 Exception <a 'sun/nio/fs/WindowsException'{0x0000000623684470}> (0x0000000623684470) 
thrown [e:\jenkins\tmp\workspace\build\src\src\hotspot\share\prims\jni.cpp, line 516]
Event: 5.473 Thread 0x000002182b5bf860 Exception <a 'java/lang/NoSuchMethodError'{0x0000000623710118}: 'java.lang.Object java.lang.invoke.DirectMethodHandle$Holder.invokeInterface(java.lang.Object, java.lang.Object, double)'> (0x0000000623710118) 
thrown [e:\jenkins\tmp\workspace\build\src\src\hotspot\share\interpreter\linkResolver.cpp, line 766]
Event: 5.473 Thread 0x000002182b5bf860 Exception <a 'java/lang/NoSuchMethodError'{0x0000000623716960}: 'double java.lang.invoke.DirectMethodHandle$Holder.invokeInterface(java.lang.Object, java.lang.Object, java.lang.Object)'> (0x0000000623716960) 
thrown [e:\jenkins\tmp\workspace\build\src\src\hotspot\share\interpreter\linkResolver.cpp, line 766]
Event: 5.529 Thread 0x000002182b5bf860 Exception <a 'java/lang/NoSuchMethodError'{0x0000000622a188a8}: 'java.lang.Object java.lang.invoke.DirectMethodHandle$Holder.newInvokeSpecial(java.lang.Object, java.lang.Object, java.lang.Object, java.lang.Object, java.lang.Object, java.lang.Object, java.lang.Object, java.lang.Object, java.lang.Object, java.lang.Object)'> (0x0000000622a188a8) 
thrown [e:\jenkins\tmp\workspace\build\src\src\hotspot\share\interpreter\linkResolver.cpp, line 766]
Event: 5.529 Thread 0x000002182b5bf860 Exception <a 'java/lang/NoSuchMethodError'{0x0000000622a1ce70}: 'java.lang.Object java.lang.invoke.Invokers$Holder.linkToTargetMethod(java.lang.Object, java.lang.Object, java.lang.Object, java.lang.Object, java.lang.Object, java.lang.Object, java.lang.Object, java.lang.Object, java.lang.Object, java.lang.Object)'> (0x0000000622a1ce70) 
thrown [e:\jenkins\tmp\workspace\build\src\src\hotspot\share\interpreter\linkResolver.cpp, line 766]
Event: 5.560 Thread 0x000002182b5bf860 Exception <a 'java/lang/NoSuchMethodError'{0x000000062276a590}: 'java.lang.Object java.lang.invoke.Invokers$Holder.linkToTargetMethod(java.lang.Object, java.lang.Object, java.lang.Object, java.lang.Object, java.lang.Object, java.lang.Object, java.lang.Object, java.lang.Object, java.lang.Object)'> (0x000000062276a590) 
thrown [e:\jenkins\tmp\workspace\build\src\src\hotspot\share\interpreter\linkResolver.cpp, line 766]
Event: 5.587 Thread 0x000002182b5bf860 Exception <a 'java/lang/NoSuchMethodError'{0x0000000621c28650}: 'java.lang.Object java.lang.invoke.DirectMethodHandle$Holder.invokeSpecial(java.lang.Object, java.lang.Object, java.lang.Object, java.lang.Object, java.lang.Object, int, java.lang.Object)'> (0x0000000621c28650) 
thrown [e:\jenkins\tmp\workspace\build\src\src\hotspot\share\interpreter\linkResolver.cpp, line 766]
Event: 5.587 Thread 0x000002182b5bf860 Exception <a 'java/lang/NoSuchMethodError'{0x0000000621c30cd8}: 'java.lang.Object java.lang.invoke.DirectMethodHandle$Holder.invokeSpecial(java.lang.Object, java.lang.Object, java.lang.Object, java.lang.Object, java.lang.Object, java.lang.Object, int)'> (0x0000000621c30cd8) 
thrown [e:\jenkins\tmp\workspace\build\src\src\hotspot\share\interpreter\linkResolver.cpp, line 766]
Event: 5.587 Thread 0x000002182b5bf860 Exception <a 'java/lang/NoSuchMethodError'{0x0000000621c345b8}: 'java.lang.Object java.lang.invoke.Invokers$Holder.linkToTargetMethod(java.lang.Object, java.lang.Object, java.lang.Object, java.lang.Object, int, java.lang.Object)'> (0x0000000621c345b8) 
thrown [e:\jenkins\tmp\workspace\build\src\src\hotspot\share\interpreter\linkResolver.cpp, line 766]
Event: 5.595 Thread 0x000002182b5bf860 Implicit null exception at 0x000002183b287396 to 0x000002183b287d3d
Event: 5.613 Thread 0x000002182b5bf860 Exception <a 'java/lang/NoSuchMethodError'{0x00000006219b1740}: 'long java.lang.invoke.DirectMethodHandle$Holder.invokeInterface(java.lang.Object, java.lang.Object)'> (0x00000006219b1740) 
thrown [e:\jenkins\tmp\workspace\build\src\src\hotspot\share\interpreter\linkResolver.cpp, line 766]
Event: 5.614 Thread 0x000002182b5bf860 Exception <a 'java/lang/NoSuchMethodError'{0x0000000621a1d0b8}: 'java.lang.Object java.lang.invoke.DirectMethodHandle$Holder.newInvokeSpecial(java.lang.Object, long)'> (0x0000000621a1d0b8) 
thrown [e:\jenkins\tmp\workspace\build\src\src\hotspot\share\interpreter\linkResolver.cpp, line 766]
Event: 5.620 Thread 0x000002182b5bf860 Exception <a 'java/lang/NoSuchMethodError'{0x0000000621ad4ed0}: 'void java.lang.invoke.DirectMethodHandle$Holder.invokeSpecial(java.lang.Object, java.lang.Object, int, long)'> (0x0000000621ad4ed0) 
thrown [e:\jenkins\tmp\workspace\build\src\src\hotspot\share\interpreter\linkResolver.cpp, line 766]
Event: 5.621 Thread 0x000002182b5bf860 Exception <a 'java/lang/NoSuchMethodError'{0x0000000621adae48}: 'void java.lang.invoke.DirectMethodHandle$Holder.invokeStatic(java.lang.Object, int, long)'> (0x0000000621adae48) 
thrown [e:\jenkins\tmp\workspace\build\src\src\hotspot\share\interpreter\linkResolver.cpp, line 766]

VM Operations (20 events):
Event: 4.997 Executing VM operation: ICBufferFull
Event: 4.997 Executing VM operation: ICBufferFull done
Event: 4.997 Executing VM operation: ICBufferFull
Event: 4.997 Executing VM operation: ICBufferFull done
Event: 5.141 Executing VM operation: ICBufferFull
Event: 5.141 Executing VM operation: ICBufferFull done
Event: 5.158 Executing VM operation: CollectForMetadataAllocation
Event: 5.161 Executing VM operation: CollectForMetadataAllocation done
Event: 5.172 Executing VM operation: CollectForMetadataAllocation
Event: 5.172 Executing VM operation: CollectForMetadataAllocation done
Event: 5.181 Executing VM operation: G1Concurrent
Event: 5.183 Executing VM operation: G1Concurrent done
Event: 5.194 Executing VM operation: G1Concurrent
Event: 5.194 Executing VM operation: G1Concurrent done
Event: 5.579 Executing VM operation: ICBufferFull
Event: 5.579 Executing VM operation: ICBufferFull done
Event: 5.587 Executing VM operation: HandshakeAllThreads
Event: 5.587 Executing VM operation: HandshakeAllThreads done
Event: 5.597 Executing VM operation: HandshakeAllThreads
Event: 5.597 Executing VM operation: HandshakeAllThreads done

Events (20 events):
Event: 5.302 loading class java/nio/BufferUnderflowException done
Event: 5.360 loading class java/util/function/IntSupplier
Event: 5.360 loading class java/util/function/IntSupplier done
Event: 5.391 loading class java/io/CharArrayWriter
Event: 5.391 loading class java/io/CharArrayWriter done
Event: 5.464 loading class java/lang/invoke/DirectMethodHandle$StaticAccessor
Event: 5.464 loading class java/lang/invoke/DirectMethodHandle$StaticAccessor done
Event: 5.471 loading class java/util/function/DoubleFunction
Event: 5.471 loading class java/util/function/DoubleFunction done
Event: 5.599 Thread 0x0000021858db33a0 flushing nmethod 0x0000021833884510
Event: 5.599 Thread 0x0000021858db33a0 flushing nmethod 0x0000021833907990
Event: 5.599 Thread 0x0000021858db33a0 flushing nmethod 0x0000021833929f10
Event: 5.599 Thread 0x0000021858db33a0 flushing nmethod 0x000002183396c210
Event: 5.600 Thread 0x0000021858db33a0 flushing nmethod 0x0000021833bdc190
Event: 5.600 loading class java/util/EnumMap$Values
Event: 5.600 loading class java/util/EnumMap$Values done
Event: 5.600 loading class java/util/EnumMap$ValueIterator
Event: 5.600 loading class java/util/EnumMap$ValueIterator done
Event: 5.600 Thread 0x0000021858db33a0 flushing nmethod 0x0000021833c79810
Event: 5.600 Thread 0x0000021858db33a0 flushing nmethod 0x0000021833c7b910


Dynamic libraries:
0x00007ff6da990000 - 0x00007ff6da99e000 	C:\Program Files\Pylo\MCreator\jdk\bin\java.exe
0x00007ff9da3d0000 - 0x00007ff9da5c8000 	C:\WINDOWS\SYSTEM32\ntdll.dll
0x00007ff9d8bf0000 - 0x00007ff9d8caf000 	C:\WINDOWS\System32\KERNEL32.DLL
0x00007ff9d7c20000 - 0x00007ff9d7ef2000 	C:\WINDOWS\System32\KERNELBASE.dll
0x00007ff9d7fa0000 - 0x00007ff9d80a0000 	C:\WINDOWS\System32\ucrtbase.dll
0x00007ff9ca6e0000 - 0x00007ff9ca6f8000 	C:\Program Files\Pylo\MCreator\jdk\bin\jli.dll
0x00007ff9ca4a0000 - 0x00007ff9ca4b9000 	C:\Program Files\Pylo\MCreator\jdk\bin\VCRUNTIME140.dll
0x00007ff9d8df0000 - 0x00007ff9d8f91000 	C:\WINDOWS\System32\USER32.dll
0x00007ff9d7f00000 - 0x00007ff9d7f22000 	C:\WINDOWS\System32\win32u.dll
0x00007ff9c5710000 - 0x00007ff9c59aa000 	C:\WINDOWS\WinSxS\amd64_microsoft.windows.common-controls_6595b64144ccf1df_6.0.19041.1110_none_60b5254171f9507e\COMCTL32.dll
0x00007ff9d8900000 - 0x00007ff9d892b000 	C:\WINDOWS\System32\GDI32.dll
0x00007ff9da1c0000 - 0x00007ff9da25e000 	C:\WINDOWS\System32\msvcrt.dll
0x00007ff9d7b10000 - 0x00007ff9d7c1f000 	C:\WINDOWS\System32\gdi32full.dll
0x00007ff9d80a0000 - 0x00007ff9d813d000 	C:\WINDOWS\System32\msvcp_win.dll
0x00007ff9d95c0000 - 0x00007ff9d95f2000 	C:\WINDOWS\System32\IMM32.DLL
0x00007ff9d3990000 - 0x00007ff9d399c000 	C:\Program Files\Pylo\MCreator\jdk\bin\vcruntime140_1.dll
0x00007ff9c7120000 - 0x00007ff9c71b1000 	C:\Program Files\Pylo\MCreator\jdk\bin\msvcp140.dll
0x00007ff99c540000 - 0x00007ff99d188000 	C:\Program Files\Pylo\MCreator\jdk\bin\server\jvm.dll
0x00007ff9d9310000 - 0x00007ff9d93be000 	C:\WINDOWS\System32\ADVAPI32.dll
0x00007ff9d8a00000 - 0x00007ff9d8a9c000 	C:\WINDOWS\System32\sechost.dll
0x00007ff9d9780000 - 0x00007ff9d98a5000 	C:\WINDOWS\System32\RPCRT4.dll
0x00007ff9d8b50000 - 0x00007ff9d8b58000 	C:\WINDOWS\System32\PSAPI.DLL
0x00007ff9be910000 - 0x00007ff9be919000 	C:\WINDOWS\SYSTEM32\WSOCK32.dll
0x00007ff9cf430000 - 0x00007ff9cf457000 	C:\WINDOWS\SYSTEM32\WINMM.dll
0x00007ff9d0aa0000 - 0x00007ff9d0aaa000 	C:\WINDOWS\SYSTEM32\VERSION.dll
0x00007ff9d9710000 - 0x00007ff9d977b000 	C:\WINDOWS\System32\WS2_32.dll
0x00007ff9d59a0000 - 0x00007ff9d59b2000 	C:\WINDOWS\SYSTEM32\kernel.appcore.dll
0x00007ff9d38a0000 - 0x00007ff9d38aa000 	C:\Program Files\Pylo\MCreator\jdk\bin\jimage.dll
0x00007ff9d13e0000 - 0x00007ff9d15c4000 	C:\WINDOWS\SYSTEM32\DBGHELP.DLL
0x00007ff9ca2e0000 - 0x00007ff9ca315000 	C:\WINDOWS\SYSTEM32\dbgcore.DLL
0x00007ff9d8380000 - 0x00007ff9d8402000 	C:\WINDOWS\System32\bcryptPrimitives.dll
0x00007ff9c7040000 - 0x00007ff9c7065000 	C:\Program Files\Pylo\MCreator\jdk\bin\java.dll
0x00007ff9c5130000 - 0x00007ff9c5206000 	C:\Program Files\Pylo\MCreator\jdk\bin\jsvml.dll
0x00007ff9d98b0000 - 0x00007ff9d9ff5000 	C:\WINDOWS\System32\SHELL32.dll
0x00007ff9d5ba0000 - 0x00007ff9d6332000 	C:\WINDOWS\SYSTEM32\windows.storage.dll
0x00007ff9d8fb0000 - 0x00007ff9d9305000 	C:\WINDOWS\System32\combase.dll
0x00007ff9d74b0000 - 0x00007ff9d74e0000 	C:\WINDOWS\SYSTEM32\Wldp.dll
0x00007ff9d9660000 - 0x00007ff9d970d000 	C:\WINDOWS\System32\SHCORE.dll
0x00007ff9d93c0000 - 0x00007ff9d9415000 	C:\WINDOWS\System32\shlwapi.dll
0x00007ff9d7a00000 - 0x00007ff9d7a1f000 	C:\WINDOWS\SYSTEM32\profapi.dll
0x00007ff9c8530000 - 0x00007ff9c8549000 	C:\Program Files\Pylo\MCreator\jdk\bin\net.dll
0x00007ff9cff60000 - 0x00007ff9d006c000 	C:\WINDOWS\SYSTEM32\WINHTTP.dll
0x00007ff9d7210000 - 0x00007ff9d727a000 	C:\WINDOWS\system32\mswsock.dll
0x00007ff9c7020000 - 0x00007ff9c7035000 	C:\Program Files\Pylo\MCreator\jdk\bin\nio.dll
0x00007ff9c7000000 - 0x00007ff9c7018000 	C:\Program Files\Pylo\MCreator\jdk\bin\zip.dll
0x00007ff9c6f80000 - 0x00007ff9c6f90000 	C:\Program Files\Pylo\MCreator\jdk\bin\verify.dll
0x00007ff9d35d0000 - 0x00007ff9d35d9000 	C:\Program Files\Pylo\MCreator\jdk\bin\management.dll
0x00007ff9d30e0000 - 0x00007ff9d30eb000 	C:\Program Files\Pylo\MCreator\jdk\bin\management_ext.dll
0x00007ff9c6fe0000 - 0x00007ff9c6ff7000 	C:\WINDOWS\system32\napinsp.dll
0x00007ff9c54d0000 - 0x00007ff9c54eb000 	C:\WINDOWS\system32\pnrpnsp.dll
0x00007ff9c2580000 - 0x00007ff9c2595000 	C:\WINDOWS\system32\wshbth.dll
0x00007ff9d3770000 - 0x00007ff9d378d000 	C:\WINDOWS\system32\NLAapi.dll
0x00007ff9d6f00000 - 0x00007ff9d6f3b000 	C:\WINDOWS\SYSTEM32\IPHLPAPI.DLL
0x00007ff9d6f40000 - 0x00007ff9d700b000 	C:\WINDOWS\SYSTEM32\DNSAPI.dll
0x00007ff9da1b0000 - 0x00007ff9da1b8000 	C:\WINDOWS\System32\NSI.dll
0x00007ff9c54b0000 - 0x00007ff9c54c2000 	C:\WINDOWS\System32\winrnr.dll
0x00007ff9bffd0000 - 0x00007ff9bffda000 	C:\Windows\System32\rasadhlp.dll
0x00007ff9bf570000 - 0x00007ff9bf5f0000 	C:\WINDOWS\System32\fwpuclnt.dll
0x00007ff9d8140000 - 0x00007ff9d8167000 	C:\WINDOWS\System32\bcrypt.dll
0x00007ff9d7400000 - 0x00007ff9d7418000 	C:\WINDOWS\SYSTEM32\CRYPTSP.dll
0x00007ff9d6ac0000 - 0x00007ff9d6af4000 	C:\WINDOWS\system32\rsaenh.dll
0x00007ff9d79c0000 - 0x00007ff9d79ee000 	C:\WINDOWS\SYSTEM32\USERENV.dll
0x00007ff9d7420000 - 0x00007ff9d742c000 	C:\WINDOWS\SYSTEM32\CRYPTBASE.dll
0x00007ff9d11f0000 - 0x00007ff9d1207000 	C:\WINDOWS\SYSTEM32\dhcpcsvc6.DLL
0x00007ff9d1f00000 - 0x00007ff9d1f1d000 	C:\WINDOWS\SYSTEM32\dhcpcsvc.DLL
0x00007ff9b7f20000 - 0x00007ff9b7f65000 	C:\Users\jbren\AppData\Local\Temp\jna-100925539\jna14536188535173456743.dll
0x00007ff9da260000 - 0x00007ff9da38a000 	C:\WINDOWS\System32\Ole32.dll
0x00007ff9d8aa0000 - 0x00007ff9d8b49000 	C:\WINDOWS\System32\clbcatq.dll
0x00007ff9d8930000 - 0x00007ff9d89fd000 	C:\WINDOWS\System32\OleAut32.dll
0x00007ff9cb300000 - 0x00007ff9cb31f000 	C:\WINDOWS\SYSTEM32\amsi.dll
0x00007ff9cb280000 - 0x00007ff9cb2fb000 	C:\ProgramData\Microsoft\Windows Defender\platform\4.18.2301.6-0\MpOav.dll
0x00007ff9c0bc0000 - 0x00007ff9c0c09000 	C:\WINDOWS\SYSTEM32\Pdh.dll
0x00007ff9c4820000 - 0x00007ff9c482f000 	C:\WINDOWS\System32\perfos.dll
0x00007ff9a1b70000 - 0x00007ff9a1be5000 	C:\Users\jbren\AppData\Local\Temp\lwjgljbren\3.3.1-build-7\lwjgl.dll
0x00007ff96fd50000 - 0x00007ff96ffa9000 	C:\Users\jbren\AppData\Local\Temp\lwjgljbren\3.3.1-build-7\jemalloc.dll
0x00007ff99c4d0000 - 0x00007ff99c531000 	C:\Users\jbren\AppData\Local\Temp\lwjgljbren\3.3.1-build-7\glfw.dll
0x00007ff9b7d90000 - 0x00007ff9b7dd5000 	C:\WINDOWS\SYSTEM32\dinput8.dll
0x00007ff9bb940000 - 0x00007ff9bb951000 	C:\WINDOWS\SYSTEM32\xinput1_4.dll
0x00007ff9d7ac0000 - 0x00007ff9d7b0e000 	C:\WINDOWS\System32\cfgmgr32.dll
0x00007ff9d7870000 - 0x00007ff9d789c000 	C:\WINDOWS\SYSTEM32\DEVOBJ.dll
0x00007ff9c7a30000 - 0x00007ff9c7b82000 	C:\WINDOWS\SYSTEM32\inputhost.dll
0x00007ff9d3a00000 - 0x00007ff9d3b54000 	C:\WINDOWS\SYSTEM32\wintypes.dll
0x00007ff9d33a0000 - 0x00007ff9d3496000 	C:\WINDOWS\SYSTEM32\PROPSYS.dll
0x00007ff9d50c0000 - 0x00007ff9d51b2000 	C:\WINDOWS\SYSTEM32\CoreMessaging.dll
0x00007ff9d4d60000 - 0x00007ff9d50be000 	C:\WINDOWS\SYSTEM32\CoreUIComponents.dll
0x00007ff9d6be0000 - 0x00007ff9d6c13000 	C:\WINDOWS\SYSTEM32\ntmarta.dll
0x00007ff9d56b0000 - 0x00007ff9d56df000 	C:\WINDOWS\SYSTEM32\dwmapi.dll
0x00007ff9d54b0000 - 0x00007ff9d554e000 	C:\WINDOWS\system32\uxtheme.dll
0x00007ff9d9420000 - 0x00007ff9d9535000 	C:\WINDOWS\System32\MSCTF.dll
0x00007ff9b66c0000 - 0x00007ff9b67e5000 	C:\WINDOWS\SYSTEM32\opengl32.dll
0x00007ff9c4cd0000 - 0x00007ff9c4cfc000 	C:\WINDOWS\SYSTEM32\GLU32.dll
0x00007ff9b1890000 - 0x00007ff9b18bd000 	C:\WINDOWS\System32\DriverStore\FileRepository\u0386826.inf_amd64_721621559d4ff087\B384926\atig6pxx.dll
0x00007ff96c0c0000 - 0x00007ff96fd4b000 	C:\WINDOWS\System32\DriverStore\FileRepository\u0386826.inf_amd64_721621559d4ff087\B384926\atio6axx.dll
0x00007ff9d8410000 - 0x00007ff9d8878000 	C:\WINDOWS\System32\SETUPAPI.dll
0x00007ff9d7f30000 - 0x00007ff9d7f99000 	C:\WINDOWS\System32\WINTRUST.dll
0x00007ff9d8220000 - 0x00007ff9d8376000 	C:\WINDOWS\System32\CRYPT32.dll
0x00007ff9d76b0000 - 0x00007ff9d76c2000 	C:\WINDOWS\SYSTEM32\MSASN1.dll

dbghelp: loaded successfully - version: 4.0.5 - missing functions: none
symbol engine: initialized successfully - sym options: 0x614 - pdb path: .;C:\Program Files\Pylo\MCreator\jdk\bin;C:\WINDOWS\SYSTEM32;C:\WINDOWS\WinSxS\amd64_microsoft.windows.common-controls_6595b64144ccf1df_6.0.19041.1110_none_60b5254171f9507e;C:\Program Files\Pylo\MCreator\jdk\bin\server;C:\Users\jbren\AppData\Local\Temp\jna-100925539;C:\ProgramData\Microsoft\Windows Defender\platform\4.18.2301.6-0;C:\Users\jbren\AppData\Local\Temp\lwjgljbren\3.3.1-build-7;C:\WINDOWS\System32\DriverStore\FileRepository\u0386826.inf_amd64_721621559d4ff087\B384926

VM Arguments:
jvm_args: -Dforge.enableGameTest=true -Dforge.logging.console.level=debug -Dforge.logging.markers=REGISTRIES -DignoreList=bootstraplauncher,securejarhandler,asm-commons,asm-util,asm-analysis,asm-tree,asm,JarJarFileSystems,client-extra,fmlcore,javafmllanguage,lowcodelanguage,mclanguage,forge- -Djava.net.preferIPv6Addresses=system -DlegacyClassPath.file=C:\Users\jbren\MCreatorWorkspaces\city_addons\build\classpath\runClient_minecraftClasspath.txt -DmergeModules=jna-5.10.0.jar,jna-platform-5.10.0.jar -Dos.version=10.0 --module-path=C:\Users\jbren\.mcreator\gradle\caches\modules-2\files-2.1\cpw.mods\bootstraplauncher\1.1.2\c546e00443d8432cda6baa1c860346980742628\bootstraplauncher-1.1.2.jar;C:\Users\jbren\.mcreator\gradle\caches\modules-2\files-2.1\cpw.mods\securejarhandler\2.1.4\f47e3b9dd860a7b82154b8f90a650ffd0aaa5582\securejarhandler-2.1.4.jar;C:\Users\jbren\.mcreator\gradle\caches\modules-2\files-2.1\org.ow2.asm\asm-commons\9.3\1f2a432d1212f5c352ae607d7b61dcae20c20af5\asm-commons-9.3.jar;C:\Users\jbren\.mcreator\gradle\caches\modules-2\files-2.1\org.ow2.asm\asm-util\9.3\9595bc05510d0bd4b610188b77333fe4851a1975\asm-util-9.3.jar;C:\Users\jbren\.mcreator\gradle\caches\modules-2\files-2.1\org.ow2.asm\asm-analysis\9.3\4b071f211b37c38e0e9f5998550197c8593f6ad8\asm-analysis-9.3.jar;C:\Users\jbren\.mcreator\gradle\caches\modules-2\files-2.1\org.ow2.asm\asm-tree\9.3\78d2ecd61318b5a58cd04fb237636c0e86b77d97\asm-tree-9.3.jar;C:\Users\jbren\.mcreator\gradle\caches\modules-2\files-2.1\org.ow2.asm\asm\9.3\8e6300ef51c1d801a7ed62d07cd221aca3a90640\asm-9.3.jar;C:\Users\jbren\.mcreator\gradle\caches\modules-2\files-2.1\net.minecraftforge\JarJarFileSystems\0.3.16\e52afbb2599dc7c6f779efea0496d32fc01152e3\JarJarFileSystems-0.3.16.jar --add-modules=ALL-MODULE-PATH --add-opens=java.base/java.util.jar=cpw.mods.securejarhandler --add-opens=java.base/java.lang.invoke=cpw.mods.securejarhandler --add-exports=java.base/sun.security.util=cpw.mods.securejarhandler --add-exports=jdk.naming.dns/com.sun.jndi.dns=java.naming -XX:HeapDumpPath=MojangTricksIntelDriversForPerformance_javaw.exe_minecraft.exe.heapdump -Dos.name=Windows 10 -Dfile.encoding=UTF-8 -Duser.country=US -Duser.language=en -Duser.variant 
java_command: cpw.mods.bootstraplauncher.BootstrapLauncher --launchTarget forgeclientuserdev --version MOD_DEV --assetIndex 1.19 --assetsDir C:\Users\jbren\.mcreator\gradle\caches\forge_gradle\assets --gameDir . --fml.forgeVersion 43.1.7 --fml.mcVersion 1.19.2 --fml.forgeGroup net.minecraftforge --fml.mcpVersion 20220805.130853
java_class_path (initial): C:\Users\jbren\MCreatorWorkspaces\city_addons\build\classes\java\main;C:\Users\jbren\MCreatorWorkspaces\city_addons\build\resources\main;C:\Users\jbren\.mcreator\gradle\caches\forge_gradle\minecraft_user_repo\net\minecraftforge\forge\1.19.2-43.1.7_mapped_official_1.19.2\forge-1.19.2-43.1.7_mapped_official_1.19.2-recomp.jar;C:\Users\jbren\.mcreator\gradle\caches\forge_gradle\minecraft_repo\versions\1.19.2\client-extra.jar;C:\Users\jbren\.mcreator\gradle\caches\modules-2\files-2.1\net.minecraftforge\javafmllanguage\1.19.2-43.1.7\3535e9c3e5218abcecea1496a5c3a5c3207096d8\javafmllanguage-1.19.2-43.1.7.jar;C:\Users\jbren\.mcreator\gradle\caches\modules-2\files-2.1\net.minecraftforge\lowcodelanguage\1.19.2-43.1.7\a34960c25b16742b648accc1f198dde78abb666a\lowcodelanguage-1.19.2-43.1.7.jar;C:\Users\jbren\.mcreator\gradle\caches\modules-2\files-2.1\net.minecraftforge\mclanguage\1.19.2-43.1.7\f1f25884b81fb6dc87bed375e43323e690af297c\mclanguage-1.19.2-43.1.7.jar;C:\Users\jbren\.mcreator\gradle\caches\modules-2\files-2.1\net.minecraftforge\fmlcore\1.19.2-43.1.7\d19281d83514be3dbec3d6d1f1f82a486ce85a4e\fmlcore-1.19.2-43.1.7.jar;C:\Users\jbren\.mcreator\gradle\caches\modules-2\files-2.1\net.minecraftforge\fmlloader\1.19.2-43.1.7\ea7515b196e4a88ba3c30c444f8c69f0294f4972\fmlloader-1.19.2-43.1.7.jar;C:\Users\jbren\.mcreator\gradle\caches\modules-2\files-2.1\net.minecraftforge\JarJarSelector\0.3.16\2a31421fb5e267249da103a644f23afb43d158af\JarJarSelector-0.3.16.jar;C:\Users\jbren\.mcreator\gradle\caches\modules-2\files-2.1\net.minecraftforge\JarJarMetadata\0.3.16\f62c8c898dffc8666f5097a8587ed72095e8e83a\JarJarMetadata-0.3.16.jar;C:\Users\jbren\.mcreator\gradle\caches\modules-2\files-2.1\com.google.guava\guava\31.0.1-jre\119ea2b2bc205b138974d351777b20f02b92704b\guava-31.0.1-jre.jar;C:\Users\jbren\.mcreator\gradle\caches\modules-2\files-2.1\com.google.code.findbugs\jsr305\3.0.2\25ea2e8b0c338a877313bd4672d3fe056ea78f0d\jsr305-3.0.2.jar;C:\Users\jbren\.mcreator\
Launcher Type: SUN_STANDARD

[Global flags]
     intx CICompilerCount                          = 12                                        {product} {ergonomic}
     uint ConcGCThreads                            = 5                                         {product} {ergonomic}
     uint G1ConcRefinementThreads                  = 18                                        {product} {ergonomic}
   size_t G1HeapRegionSize                         = 4194304                                   {product} {ergonomic}
    uintx GCDrainStackTargetSize                   = 64                                        {product} {ergonomic}
    ccstr HeapDumpPath                             = MojangTricksIntelDriversForPerformance_javaw.exe_minecraft.exe.heapdump         {manageable} {command line}
   size_t InitialHeapSize                          = 524288000                                 {product} {ergonomic}
   size_t MarkStackSize                            = 4194304                                   {product} {ergonomic}
   size_t MaxHeapSize                              = 8363442176                                {product} {ergonomic}
   size_t MaxNewSize                               = 5016387584                                {product} {ergonomic}
   size_t MinHeapDeltaBytes                        = 4194304                                   {product} {ergonomic}
   size_t MinHeapSize                              = 8388608                                   {product} {ergonomic}
    uintx NonNMethodCodeHeapSize                   = 7602480                                {pd product} {ergonomic}
    uintx NonProfiledCodeHeapSize                  = 122027880                              {pd product} {ergonomic}
    uintx ProfiledCodeHeapSize                     = 122027880                              {pd product} {ergonomic}
    uintx ReservedCodeCacheSize                    = 251658240                              {pd product} {ergonomic}
     bool SegmentedCodeCache                       = true                                      {product} {ergonomic}
   size_t SoftMaxHeapSize                          = 8363442176                             {manageable} {ergonomic}
     bool UseCompressedClassPointers               = true                           {product lp64_product} {ergonomic}
     bool UseCompressedOops                        = true                           {product lp64_product} {ergonomic}
     bool UseG1GC                                  = true                                      {product} {ergonomic}
     bool UseLargePagesIndividualAllocation        = false                                  {pd product} {ergonomic}

Logging:
Log output configuration:
 #0: stdout all=warning uptime,level,tags
 #1: stderr all=off uptime,level,tags

Environment Variables:
JAVA_HOME=C:\Program Files\Pylo\MCreator\jdk
PATH=C:\WINDOWS\system32;C:\WINDOWS;C:\WINDOWS\System32\Wbem;C:\WINDOWS\System32\WindowsPowerShell\v1.0\;C:\WINDOWS\System32\OpenSSH\;C:\Users\jbren\AppData\Local\Microsoft\WindowsApps;;C:\Program Files\Pylo\MCreator\jdk\bin
USERNAME=jbren
OS=Windows_NT
PROCESSOR_IDENTIFIER=AMD64 Family 25 Model 97 Stepping 2, AuthenticAMD



---------------  S Y S T E M  ---------------

OS:
 Windows 10 , 64 bit Build 19041 (10.0.19041.2546)
OS uptime: 0 days 5:53 hours

CPU: total 24 (initial active 24) (24 cores per cpu, 2 threads per core) family 25 model 97 stepping 2 microcode 0x0, cx8, cmov, fxsr, ht, mmx, 3dnowpref, sse, sse2, sse3, ssse3, sse4a, sse4.1, sse4.2, popcnt, lzcnt, tsc, tscinvbit, avx, avx2, aes, erms, clmul, bmi1, bmi2, adx, avx512f, avx512dq, avx512cd, avx512bw, avx512vl, sha, fma, vzeroupper, avx512_vpopcntdq, avx512_vpclmulqdq, avx512_vaes, avx512_vnni, clflush, clflushopt, avx512_vbmi2, avx512_vbmi

Memory: 4k page, system-wide physical 31899M (20340M free)
TotalPageFile size 37019M (AvailPageFile size 23169M)
current process WorkingSet (physical memory assigned to process): 657M, peak: 657M
current process commit charge ("private bytes"): 779M, peak: 818M

vm_info: OpenJDK 64-Bit Server VM (17.0.3+7) for windows-amd64 JRE (17.0.3+7), built on Apr 19 2022 16:55:35 by "" with MS VC++ 16.7 (VS2019)

END.
