#
# A fatal error has been detected by the Java Runtime Environment:
#
#  EXCEPTION_ACCESS_VIOLATION (0xc0000005) at pc=0x00007ff9703c6200, pid=10872, tid=5572
#
# JRE version: OpenJDK Runtime Environment Temurin-17.0.3+7 (17.0.3+7) (build 17.0.3+7)
# Java VM: OpenJDK 64-Bit Server VM Temurin-17.0.3+7 (17.0.3+7, mixed mode, sharing, tiered, compressed oops, compressed class ptrs, g1 gc, windows-amd64)
# Problematic frame:
# C  [atio6axx.dll+0x196200]
#
# No core dump will be written. Minidumps are not enabled by default on client versions of Windows
#
# If you would like to submit a bug report, please visit:
#   https://github.com/adoptium/adoptium-support/issues
# The crash happened outside the Java Virtual Machine in native code.
# See problematic frame for where to report the bug.
#

---------------  S U M M A R Y ------------

Command Line: -Dforge.enableGameTest=true -Dforge.logging.console.level=debug -Dforge.logging.markers=REGISTRIES -DignoreList=bootstraplauncher,securejarhandler,asm-commons,asm-util,asm-analysis,asm-tree,asm,JarJarFileSystems,client-extra,fmlcore,javafmllanguage,lowcodelanguage,mclanguage,forge- -Djava.net.preferIPv6Addresses=system -DlegacyClassPath.file=C:\Users\jbren\MCreatorWorkspaces\city_addons\build\classpath\runClient_minecraftClasspath.txt -DmergeModules=jna-5.10.0.jar,jna-platform-5.10.0.jar -Dos.version=10.0 --module-path=C:\Users\jbren\.mcreator\gradle\caches\modules-2\files-2.1\cpw.mods\bootstraplauncher\1.1.2\c546e00443d8432cda6baa1c860346980742628\bootstraplauncher-1.1.2.jar;C:\Users\jbren\.mcreator\gradle\caches\modules-2\files-2.1\cpw.mods\securejarhandler\2.1.4\f47e3b9dd860a7b82154b8f90a650ffd0aaa5582\securejarhandler-2.1.4.jar;C:\Users\jbren\.mcreator\gradle\caches\modules-2\files-2.1\org.ow2.asm\asm-commons\9.3\1f2a432d1212f5c352ae607d7b61dcae20c20af5\asm-commons-9.3.jar;C:\Users\jbren\.mcreator\gradle\caches\modules-2\files-2.1\org.ow2.asm\asm-util\9.3\9595bc05510d0bd4b610188b77333fe4851a1975\asm-util-9.3.jar;C:\Users\jbren\.mcreator\gradle\caches\modules-2\files-2.1\org.ow2.asm\asm-analysis\9.3\4b071f211b37c38e0e9f5998550197c8593f6ad8\asm-analysis-9.3.jar;C:\Users\jbren\.mcreator\gradle\caches\modules-2\files-2.1\org.ow2.asm\asm-tree\9.3\78d2ecd61318b5a58cd04fb237636c0e86b77d97\asm-tree-9.3.jar;C:\Users\jbren\.mcreator\gradle\caches\modules-2\files-2.1\org.ow2.asm\asm\9.3\8e6300ef51c1d801a7ed62d07cd221aca3a90640\asm-9.3.jar;C:\Users\jbren\.mcreator\gradle\caches\modules-2\files-2.1\net.minecraftforge\JarJarFileSystems\0.3.16\e52afbb2599dc7c6f779efea0496d32fc01152e3\JarJarFileSystems-0.3.16.jar --add-modules=ALL-MODULE-PATH --add-opens=java.base/java.util.jar=cpw.mods.securejarhandler --add-opens=java.base/java.lang.invoke=cpw.mods.securejarhandler --add-exports=java.base/sun.security.util=cpw.mods.securejarhandler --add-exports=jdk.naming.dns/com.sun.jndi.dns=java.naming -XX:HeapDumpPath=MojangTricksIntelDriversForPerformance_javaw.exe_minecraft.exe.heapdump -Dos.name=Windows 10 -Dfile.encoding=UTF-8 -Duser.country=US -Duser.language=en -Duser.variant cpw.mods.bootstraplauncher.BootstrapLauncher --launchTarget forgeclientuserdev --version MOD_DEV --assetIndex 1.19 --assetsDir C:\Users\jbren\.mcreator\gradle\caches\forge_gradle\assets --gameDir . --fml.forgeVersion 43.1.7 --fml.mcVersion 1.19.2 --fml.forgeGroup net.minecraftforge --fml.mcpVersion 20220805.130853

Host: AMD Ryzen 9 7900X 12-Core Processor            , 24 cores, 31G,  Windows 10 , 64 bit Build 19041 (10.0.19041.2546)
Time: Sun Mar  5 16:19:32 2023 Eastern Standard Time elapsed time: 5.116201 seconds (0d 0h 0m 5s)

---------------  T H R E A D  ---------------

Current thread (0x000001b272733730):  JavaThread "Render thread" [_thread_in_native, id=5572, stack(0x0000009d0df00000,0x0000009d0e000000)]

Stack: [0x0000009d0df00000,0x0000009d0e000000],  sp=0x0000009d0dffa478,  free space=1001k
Native frames: (J=compiled Java code, j=interpreted, Vv=VM code, C=native code)
C  [atio6axx.dll+0x196200]

Java frames: (J=compiled Java code, j=interpreted, Vv=VM code)
j  org.lwjgl.system.JNI.invokePPPP(IIJJJJ)J+0 org.lwjgl@3.3.1+7
j  org.lwjgl.glfw.GLFW.nglfwCreateWindow(IIJJJ)J+14 org.lwjgl.glfw@3.3.1+7
j  org.lwjgl.glfw.GLFW.glfwCreateWindow(IILjava/lang/CharSequence;JJ)J+34 org.lwjgl.glfw@3.3.1+7
j  net.minecraftforge.client.loading.NoVizFallback.lambda$fallback$0(Ljava/util/function/IntSupplier;Ljava/util/function/IntSupplier;Ljava/util/function/Supplier;Ljava/util/function/LongSupplier;)J+28 forge@43.1.7
j  net.minecraftforge.client.loading.NoVizFallback$$Lambda$4395+0x00000008016455c0.getAsLong()J+16 forge@43.1.7
j  net.minecraftforge.fml.loading.progress.EarlyProgressVisualization$Visualization$$Lambda$4396+0x000000080163fdb0.apply(Ljava/lang/Object;)Ljava/lang/Object;+4 fmlloader@1.19.2-43.1.7
J 2754 c2 java.util.Optional.map(Ljava/util/function/Function;)Ljava/util/Optional; java.base@17.0.3 (30 bytes) @ 0x000001b207d410fc [0x000001b207d410a0+0x000000000000005c]
j  net.minecraftforge.fml.loading.progress.EarlyProgressVisualization$Visualization.handOffWindow(Ljava/util/function/IntSupplier;Ljava/util/function/IntSupplier;Ljava/util/function/Supplier;Ljava/util/function/LongSupplier;)J+48 fmlloader@1.19.2-43.1.7
j  net.minecraftforge.fml.loading.progress.EarlyProgressVisualization.handOffWindow(Ljava/util/function/IntSupplier;Ljava/util/function/IntSupplier;Ljava/util/function/Supplier;Ljava/util/function/LongSupplier;)J+9 fmlloader@1.19.2-43.1.7
j  com.mojang.blaze3d.platform.Window.<init>(Lcom/mojang/blaze3d/platform/WindowEventHandler;Lcom/mojang/blaze3d/platform/ScreenManager;Lcom/mojang/blaze3d/platform/DisplayData;Ljava/lang/String;Ljava/lang/String;)V+279 minecraft@1.19.2
j  net.minecraft.client.renderer.VirtualScreen.newWindow(Lcom/mojang/blaze3d/platform/DisplayData;Ljava/lang/String;Ljava/lang/String;)Lcom/mojang/blaze3d/platform/Window;+15 minecraft@1.19.2
j  net.minecraft.client.Minecraft.<init>(Lnet/minecraft/client/main/GameConfig;)V+723 minecraft@1.19.2
j  net.minecraft.client.main.Main.run([Ljava/lang/String;Z)V+1356 minecraft@1.19.2
j  net.minecraft.client.main.Main.main([Ljava/lang/String;)V+12 minecraft@1.19.2
v  ~StubRoutines::call_stub
j  jdk.internal.reflect.NativeMethodAccessorImpl.invoke0(Ljava/lang/reflect/Method;Ljava/lang/Object;[Ljava/lang/Object;)Ljava/lang/Object;+0 java.base@17.0.3
j  jdk.internal.reflect.NativeMethodAccessorImpl.invoke(Ljava/lang/Object;[Ljava/lang/Object;)Ljava/lang/Object;+133 java.base@17.0.3
j  jdk.internal.reflect.DelegatingMethodAccessorImpl.invoke(Ljava/lang/Object;[Ljava/lang/Object;)Ljava/lang/Object;+6 java.base@17.0.3
j  java.lang.reflect.Method.invoke(Ljava/lang/Object;[Ljava/lang/Object;)Ljava/lang/Object;+59 java.base@17.0.3
j  net.minecraftforge.fml.loading.targets.ForgeClientUserdevLaunchHandler.lambda$launchService$0([Ljava/lang/String;Ljava/lang/ModuleLayer;)V+47 fmlloader@1.19.2-43.1.7
j  net.minecraftforge.fml.loading.targets.ForgeClientUserdevLaunchHandler$$Lambda$867+0x0000000800fc7888.run()V+12 fmlloader@1.19.2-43.1.7
j  cpw.mods.modlauncher.LaunchServiceHandlerDecorator.launch([Ljava/lang/String;Ljava/lang/ModuleLayer;)V+11 cpw.mods.modlauncher@10.0.8
j  cpw.mods.modlauncher.LaunchServiceHandler.launch(Ljava/lang/String;[Ljava/lang/String;Ljava/lang/ModuleLayer;Lcpw/mods/modlauncher/TransformingClassLoader;Lcpw/mods/modlauncher/LaunchPluginHandler;)V+58 cpw.mods.modlauncher@10.0.8
j  cpw.mods.modlauncher.LaunchServiceHandler.launch(Lcpw/mods/modlauncher/ArgumentHandler;Ljava/lang/ModuleLayer;Lcpw/mods/modlauncher/TransformingClassLoader;Lcpw/mods/modlauncher/LaunchPluginHandler;)V+21 cpw.mods.modlauncher@10.0.8
j  cpw.mods.modlauncher.Launcher.run([Ljava/lang/String;)V+310 cpw.mods.modlauncher@10.0.8
j  cpw.mods.modlauncher.Launcher.main([Ljava/lang/String;)V+78 cpw.mods.modlauncher@10.0.8
j  cpw.mods.modlauncher.BootstrapLaunchConsumer.accept([Ljava/lang/String;)V+1 cpw.mods.modlauncher@10.0.8
j  cpw.mods.modlauncher.BootstrapLaunchConsumer.accept(Ljava/lang/Object;)V+5 cpw.mods.modlauncher@10.0.8
j  cpw.mods.bootstraplauncher.BootstrapLauncher.main([Ljava/lang/String;)V+515 cpw.mods.bootstraplauncher@1.1.2
v  ~StubRoutines::call_stub

siginfo: EXCEPTION_ACCESS_VIOLATION (0xc0000005), reading address 0xffffffffffffffff


Register to memory mapping:

RIP=0x00007ff9703c6200 atio6axx.dll
RAX=0x0 is NULL
RBX=0x00007ff973c55cd0 atio6axx.dll
RCX=0x6e6f6d6d6f632e65 is an unknown value
RDX=0x00000000000000d1 is an unknown value
RSP=0x0000009d0dffa478 is pointing into the stack for thread: 0x000001b272733730
RBP=0x0000009d0dffa5e0 is pointing into the stack for thread: 0x000001b272733730
RSI=0x0000009d0dffa538 is pointing into the stack for thread: 0x000001b272733730
RDI=0x0000009d0dffa8d0 is pointing into the stack for thread: 0x000001b272733730
R8 =0x00000000000001a5 is an unknown value
R9 =0x6e6f6d6d6f632e65 is an unknown value
R10=0x0 is NULL
R11=0x0000000000000200 is an unknown value
R12=0x00007ff973c55cd0 atio6axx.dll
R13=0x00007ff973c55d28 atio6axx.dll
R14=0x00007ff973b65180 atio6axx.dll
R15=0x0 is NULL


Registers:
RAX=0x0000000000000000, RBX=0x00007ff973c55cd0, RCX=0x6e6f6d6d6f632e65, RDX=0x00000000000000d1
RSP=0x0000009d0dffa478, RBP=0x0000009d0dffa5e0, RSI=0x0000009d0dffa538, RDI=0x0000009d0dffa8d0
R8 =0x00000000000001a5, R9 =0x6e6f6d6d6f632e65, R10=0x0000000000000000, R11=0x0000000000000200
R12=0x00007ff973c55cd0, R13=0x00007ff973c55d28, R14=0x00007ff973b65180, R15=0x0000000000000000
RIP=0x00007ff9703c6200, EFLAGS=0x0000000000010202

Top of Stack: (sp=0x0000009d0dffa478)
0x0000009d0dffa478:   00007ff9703c651c 00007ff973c58940
0x0000009d0dffa488:   000001b2265c89a8 0000000000000000
0x0000009d0dffa498:   00007ff9703c752d 0000009d0dffa8d0
0x0000009d0dffa4a8:   00007ff970381a74 00007ff973c55cd0
0x0000009d0dffa4b8:   0000009d0dffa538 0000652e6176616a
0x0000009d0dffa4c8:   0000edb293666eba 0000009d0dffa8d0
0x0000009d0dffa4d8:   00007ff970382a35 00007ff973c55cd8
0x0000009d0dffa4e8:   0000009d0dffa538 0000009d0dffa538
0x0000009d0dffa4f8:   000001b22885bcec 0000000000000000
0x0000009d0dffa508:   00007ff900000009 000001b22885be9c
0x0000009d0dffa518:   000001b22885bff8 00007ff973c55cd8
0x0000009d0dffa528:   0000009d0dffa8d0 0000009d0dffa687
0x0000009d0dffa538:   00007f006176616a 800000006176616a
0x0000009d0dffa548:   00007ff9da40cd94 46676e697274535c
0x0000009d0dffa558:   5c6f666e49656c69 3062343039303430
0x0000009d0dffa568:   726556656c69465c 000000006e6f6973 

Instructions: (pc=0x00007ff9703c6200)
0x00007ff9703c6100:   74 09 33 c9 ff 15 46 73 6b 03 90 48 8b c3 48 83
0x00007ff9703c6110:   c4 20 5b c3 cc cc cc cc cc cc cc cc cc cc cc cc
0x00007ff9703c6120:   48 83 ec 28 48 8b 51 08 48 85 d2 74 09 33 c9 ff
0x00007ff9703c6130:   15 1b 73 6b 03 90 48 83 c4 28 c3 cc cc cc cc cc
0x00007ff9703c6140:   48 89 11 c3 cc cc cc cc cc cc cc cc cc cc cc cc
0x00007ff9703c6150:   48 8b c1 c3 cc cc cc cc cc cc cc cc cc cc cc cc
0x00007ff9703c6160:   48 3b ca 74 10 41 8b 00 39 01 74 09 48 83 c1 04
0x00007ff9703c6170:   48 3b ca 75 f3 48 8b c1 c3 cc cc cc cc cc cc cc
0x00007ff9703c6180:   48 8b c1 c3 cc cc cc cc cc cc cc cc cc cc cc cc
0x00007ff9703c6190:   48 83 39 00 0f 94 c0 c3 cc cc cc cc cc cc cc cc
0x00007ff9703c61a0:   4c 8d 04 d5 00 00 00 00 33 d2 e9 f1 69 e0 01 cc
0x00007ff9703c61b0:   4c 8b 41 08 48 8b 02 49 89 00 48 83 41 08 08 c3
0x00007ff9703c61c0:   48 8b c1 c3 cc cc cc cc cc cc cc cc cc cc cc cc
0x00007ff9703c61d0:   48 8b c1 c3 cc cc cc cc cc cc cc cc cc cc cc cc
0x00007ff9703c61e0:   49 8b 00 48 89 02 c3 cc cc cc cc cc cc cc cc cc
0x00007ff9703c61f0:   8b 81 48 39 00 00 c3 cc cc cc cc cc cc cc cc cc
0x00007ff9703c6200:   8b 81 48 39 00 00 83 c0 f0 83 f8 68 0f 87 5a 01
0x00007ff9703c6210:   00 00 48 8d 15 e7 9d e6 ff 0f b6 84 02 90 63 19
0x00007ff9703c6220:   00 8b 8c 82 70 63 19 00 48 03 ca ff e1 48 8b 0d
0x00007ff9703c6230:   bc 60 83 03 83 b9 f8 36 00 00 02 0f 87 2b 01 00
0x00007ff9703c6240:   00 48 8d 91 28 2b 00 00 c7 02 e1 00 00 00 e9 ce
0x00007ff9703c6250:   00 00 00 48 8b 0d 96 60 83 03 83 b9 f8 36 00 00
0x00007ff9703c6260:   02 0f 87 05 01 00 00 48 8d 91 28 2b 00 00 c7 02
0x00007ff9703c6270:   f0 00 00 00 e9 a8 00 00 00 48 8b 0d 70 60 83 03
0x00007ff9703c6280:   83 b9 f8 36 00 00 02 0f 87 df 00 00 00 48 8d 91
0x00007ff9703c6290:   28 2b 00 00 c7 02 00 04 00 00 e9 82 00 00 00 48
0x00007ff9703c62a0:   8b 0d 4a 60 83 03 83 b9 f8 36 00 00 02 0f 87 b9
0x00007ff9703c62b0:   00 00 00 48 8d 91 28 2b 00 00 c7 02 00 08 00 00
0x00007ff9703c62c0:   eb 5f 48 8b 0d 27 60 83 03 83 b9 f8 36 00 00 02
0x00007ff9703c62d0:   0f 87 96 00 00 00 48 8d 91 28 2b 00 00 c7 02 00
0x00007ff9703c62e0:   09 00 00 eb 3c 48 8b 0d 04 60 83 03 83 b9 f8 36
0x00007ff9703c62f0:   00 00 02 77 77 48 8d 91 28 2b 00 00 c7 02 3c 0f 


Stack slot to memory mapping:
stack at sp + 0 slots: 0x00007ff9703c651c atio6axx.dll
stack at sp + 1 slots: 0x00007ff973c58940 atio6axx.dll
stack at sp + 2 slots: 0x000001b2265c89a8 points into unknown readable memory: 0x00007ff97345cf60 | 60 cf 45 73 f9 7f 00 00
stack at sp + 3 slots: 0x0 is NULL
stack at sp + 4 slots: 0x00007ff9703c752d atio6axx.dll
stack at sp + 5 slots: 0x0000009d0dffa8d0 is pointing into the stack for thread: 0x000001b272733730
stack at sp + 6 slots: 0x00007ff970381a74 atio6axx.dll
stack at sp + 7 slots: 0x00007ff973c55cd0 atio6axx.dll


---------------  P R O C E S S  ---------------

Threads class SMR info:
_java_thread_list=0x000001b226233fe0, length=26, elements={
0x000001b272733730, 0x000001b27e18c900, 0x000001b27e18d9d0, 0x000001b27e19dd40,
0x000001b27e1a0610, 0x000001b27e1a2ee0, 0x000001b27e1a39b0, 0x000001b27e1a7cb0,
0x000001b27e1b2c10, 0x000001b27e1b3120, 0x000001b27f665ef0, 0x000001b27f711540,
0x000001b27f7fe6e0, 0x000001b27f72cb40, 0x000001b27f72d050, 0x000001b27f83d7f0,
0x000001b221577b00, 0x000001b221974500, 0x000001b221975a20, 0x000001b221b9d150,
0x000001b221978940, 0x000001b221978e50, 0x000001b22510a400, 0x000001b225107d80,
0x000001b225108250, 0x000001b2255f8730
}

Java Threads: ( => current thread )
=>0x000001b272733730 JavaThread "Render thread" [_thread_in_native, id=5572, stack(0x0000009d0df00000,0x0000009d0e000000)]
  0x000001b27e18c900 JavaThread "Reference Handler" daemon [_thread_blocked, id=19180, stack(0x0000009d0e600000,0x0000009d0e700000)]
  0x000001b27e18d9d0 JavaThread "Finalizer" daemon [_thread_blocked, id=4084, stack(0x0000009d0e700000,0x0000009d0e800000)]
  0x000001b27e19dd40 JavaThread "Signal Dispatcher" daemon [_thread_blocked, id=19372, stack(0x0000009d0e800000,0x0000009d0e900000)]
  0x000001b27e1a0610 JavaThread "Attach Listener" daemon [_thread_blocked, id=17120, stack(0x0000009d0e900000,0x0000009d0ea00000)]
  0x000001b27e1a2ee0 JavaThread "Service Thread" daemon [_thread_blocked, id=14008, stack(0x0000009d0ea00000,0x0000009d0eb00000)]
  0x000001b27e1a39b0 JavaThread "Monitor Deflation Thread" daemon [_thread_blocked, id=13668, stack(0x0000009d0eb00000,0x0000009d0ec00000)]
  0x000001b27e1a7cb0 JavaThread "C2 CompilerThread0" daemon [_thread_blocked, id=15604, stack(0x0000009d0ec00000,0x0000009d0ed00000)]
  0x000001b27e1b2c10 JavaThread "C1 CompilerThread0" daemon [_thread_blocked, id=7624, stack(0x0000009d0ed00000,0x0000009d0ee00000)]
  0x000001b27e1b3120 JavaThread "Sweeper thread" daemon [_thread_blocked, id=13384, stack(0x0000009d0ee00000,0x0000009d0ef00000)]
  0x000001b27f665ef0 JavaThread "C1 CompilerThread1" daemon [_thread_blocked, id=17816, stack(0x0000009d0ef00000,0x0000009d0f000000)]
  0x000001b27f711540 JavaThread "Common-Cleaner" daemon [_thread_blocked, id=19704, stack(0x0000009d0f000000,0x0000009d0f100000)]
  0x000001b27f7fe6e0 JavaThread "C1 CompilerThread2" daemon [_thread_blocked, id=12916, stack(0x0000009d0f100000,0x0000009d0f200000)]
  0x000001b27f72cb40 JavaThread "C2 CompilerThread1" daemon [_thread_blocked, id=11128, stack(0x0000009d0f200000,0x0000009d0f300000)]
  0x000001b27f72d050 JavaThread "C2 CompilerThread2" daemon [_thread_blocked, id=8380, stack(0x0000009d0f300000,0x0000009d0f400000)]
  0x000001b27f83d7f0 JavaThread "Notification Thread" daemon [_thread_blocked, id=10204, stack(0x0000009d0f400000,0x0000009d0f500000)]
  0x000001b221577b00 JavaThread "C1 CompilerThread3" daemon [_thread_blocked, id=20504, stack(0x0000009d0f600000,0x0000009d0f700000)]
  0x000001b221974500 JavaThread "C2 CompilerThread3" daemon [_thread_blocked, id=4712, stack(0x0000009d10200000,0x0000009d10300000)]
  0x000001b221975a20 JavaThread "C2 CompilerThread4" daemon [_thread_blocked, id=16164, stack(0x0000009d10300000,0x0000009d10400000)]
  0x000001b221b9d150 JavaThread "C2 CompilerThread5" daemon [_thread_blocked, id=13520, stack(0x0000009d10400000,0x0000009d10500000)]
  0x000001b221978940 JavaThread "C2 CompilerThread6" daemon [_thread_blocked, id=21968, stack(0x0000009d10500000,0x0000009d10600000)]
  0x000001b221978e50 JavaThread "C2 CompilerThread7" daemon [_thread_blocked, id=19964, stack(0x0000009d10600000,0x0000009d10700000)]
  0x000001b22510a400 JavaThread "Thread-0" daemon [_thread_blocked, id=13996, stack(0x0000009d10700000,0x0000009d10800000)]
  0x000001b225107d80 JavaThread "FileSystemWatchService" daemon [_thread_in_native, id=11688, stack(0x0000009d10800000,0x0000009d10900000)]
  0x000001b225108250 JavaThread "pool-2-thread-1" daemon [_thread_blocked, id=16204, stack(0x0000009d11100000,0x0000009d11200000)]
  0x000001b2255f8730 JavaThread "Timer hack thread" daemon [_thread_blocked, id=5780, stack(0x0000009d11700000,0x0000009d11800000)]

Other Threads:
  0x000001b27e186910 VMThread "VM Thread" [stack: 0x0000009d0e500000,0x0000009d0e600000] [id=22132]
  0x000001b27e01f550 WatcherThread [stack: 0x0000009d0f500000,0x0000009d0f600000] [id=13500]
  0x000001b2727e6270 GCTaskThread "GC Thread#0" [stack: 0x0000009d0e000000,0x0000009d0e100000] [id=5692]
  0x000001b2219cdd60 GCTaskThread "GC Thread#1" [stack: 0x0000009d0f700000,0x0000009d0f800000] [id=4012]
  0x000001b2219ce010 GCTaskThread "GC Thread#2" [stack: 0x0000009d0f800000,0x0000009d0f900000] [id=20904]
  0x000001b2219ce2c0 GCTaskThread "GC Thread#3" [stack: 0x0000009d0f900000,0x0000009d0fa00000] [id=7640]
  0x000001b221baa710 GCTaskThread "GC Thread#4" [stack: 0x0000009d0fa00000,0x0000009d0fb00000] [id=19696]
  0x000001b221baa9c0 GCTaskThread "GC Thread#5" [stack: 0x0000009d0fb00000,0x0000009d0fc00000] [id=6248]
  0x000001b221b55860 GCTaskThread "GC Thread#6" [stack: 0x0000009d0fc00000,0x0000009d0fd00000] [id=20664]
  0x000001b221b55b10 GCTaskThread "GC Thread#7" [stack: 0x0000009d0fd00000,0x0000009d0fe00000] [id=8360]
  0x000001b221bf4c10 GCTaskThread "GC Thread#8" [stack: 0x0000009d0fe00000,0x0000009d0ff00000] [id=11280]
  0x000001b221ae1d00 GCTaskThread "GC Thread#9" [stack: 0x0000009d0ff00000,0x0000009d10000000] [id=11084]
  0x000001b221ae0f90 GCTaskThread "GC Thread#10" [stack: 0x0000009d10000000,0x0000009d10100000] [id=8048]
  0x000001b221ae1a50 GCTaskThread "GC Thread#11" [stack: 0x0000009d10100000,0x0000009d10200000] [id=5684]
  0x000001b221ae0a30 GCTaskThread "GC Thread#12" [stack: 0x0000009d10900000,0x0000009d10a00000] [id=12980]
  0x000001b221ae0780 GCTaskThread "GC Thread#13" [stack: 0x0000009d10a00000,0x0000009d10b00000] [id=4204]
  0x000001b221ae0ce0 GCTaskThread "GC Thread#14" [stack: 0x0000009d10b00000,0x0000009d10c00000] [id=18996]
  0x000001b2256155e0 GCTaskThread "GC Thread#15" [stack: 0x0000009d10c00000,0x0000009d10d00000] [id=13908]
  0x000001b2256168b0 GCTaskThread "GC Thread#16" [stack: 0x0000009d11200000,0x0000009d11300000] [id=21984]
  0x000001b2256145c0 GCTaskThread "GC Thread#17" [stack: 0x0000009d11300000,0x0000009d11400000] [id=10820]
  0x000001b272758340 ConcurrentGCThread "G1 Main Marker" [stack: 0x0000009d0e100000,0x0000009d0e200000] [id=7476]
  0x000001b27dfd88d0 ConcurrentGCThread "G1 Conc#0" [stack: 0x0000009d0e200000,0x0000009d0e300000] [id=13436]
  0x000001b225614dd0 ConcurrentGCThread "G1 Conc#1" [stack: 0x0000009d10d00000,0x0000009d10e00000] [id=9472]
  0x000001b225614060 ConcurrentGCThread "G1 Conc#2" [stack: 0x0000009d10e00000,0x0000009d10f00000] [id=15912]
  0x000001b225614b20 ConcurrentGCThread "G1 Conc#3" [stack: 0x0000009d10f00000,0x0000009d11000000] [id=2064]
  0x000001b225614310 ConcurrentGCThread "G1 Conc#4" [stack: 0x0000009d11000000,0x0000009d11100000] [id=756]
  0x000001b27e118f60 ConcurrentGCThread "G1 Refine#0" [stack: 0x0000009d0e300000,0x0000009d0e400000] [id=2320]
  0x000001b229238a40 ConcurrentGCThread "G1 Refine#1" [stack: 0x0000009d11800000,0x0000009d11900000] [id=19176]
  0x000001b2292381a0 ConcurrentGCThread "G1 Refine#2" [stack: 0x0000009d11900000,0x0000009d11a00000] [id=22384]
  0x000001b22923a9e0 ConcurrentGCThread "G1 Refine#3" [stack: 0x0000009d11a00000,0x0000009d11b00000] [id=6872]
  0x000001b229238d20 ConcurrentGCThread "G1 Refine#4" [stack: 0x0000009d11b00000,0x0000009d11c00000] [id=16356]
  0x000001b22923a420 ConcurrentGCThread "G1 Refine#5" [stack: 0x0000009d11c00000,0x0000009d11d00000] [id=17624]
  0x000001b229237340 ConcurrentGCThread "G1 Refine#6" [stack: 0x0000009d11d00000,0x0000009d11e00000] [id=18440]
  0x000001b229237900 ConcurrentGCThread "G1 Refine#7" [stack: 0x0000009d11e00000,0x0000009d11f00000] [id=13920]
  0x000001b229237ec0 ConcurrentGCThread "G1 Refine#8" [stack: 0x0000009d11f00000,0x0000009d12000000] [id=19600]
  0x000001b229238480 ConcurrentGCThread "G1 Refine#9" [stack: 0x0000009d12000000,0x0000009d12100000] [id=5696]
  0x000001b27e119ea0 ConcurrentGCThread "G1 Service" [stack: 0x0000009d0e400000,0x0000009d0e500000] [id=13152]

Threads with active compile tasks:

VM state: not at safepoint (normal execution)

VM Mutex/Monitor currently owned by a thread: None

Heap address: 0x000000060d800000, size: 7976 MB, Compressed Oops mode: Zero based, Oop shift amount: 3

CDS archive(s) mapped at: [0x0000000800000000-0x0000000800bc0000-0x0000000800bc0000), size 12320768, SharedBaseAddress: 0x0000000800000000, ArchiveRelocationMode: 0.
Compressed class space mapped at: 0x0000000800c00000-0x0000000840c00000, reserved size: 1073741824
Narrow klass base: 0x0000000800000000, Narrow klass shift: 0, Narrow klass range: 0x100000000

GC Precious Log:
 CPUs: 24 total, 24 available
 Memory: 31899M
 Large Page Support: Disabled
 NUMA Support: Disabled
 Compressed Oops: Enabled (Zero based)
 Heap Region Size: 4M
 Heap Min Capacity: 8M
 Heap Initial Capacity: 500M
 Heap Max Capacity: 7976M
 Pre-touch: Disabled
 Parallel Workers: 18
 Concurrent Workers: 5
 Concurrent Refinement Workers: 18
 Periodic GC: Disabled

Heap:
 garbage-first heap   total 561152K, used 272744K [0x000000060d800000, 0x0000000800000000)
  region size 4096K, 33 young (135168K), 3 survivors (12288K)
 Metaspace       used 65892K, committed 67072K, reserved 1105920K
  class space    used 9954K, committed 10496K, reserved 1048576K

Heap Regions: E=young(eden), S=young(survivor), O=old, HS=humongous(starts), HC=humongous(continues), CS=collection set, F=free, OA=open archive, CA=closed archive, TAMS=top-at-mark-start (previous, next)
|   0|0x000000060d800000, 0x000000060dc00000, 0x000000060dc00000|100%| O|  |TAMS 0x000000060dc00000, 0x000000060d800000| Untracked 
|   1|0x000000060dc00000, 0x000000060e000000, 0x000000060e000000|100%| O|  |TAMS 0x000000060e000000, 0x000000060dc00000| Untracked 
|   2|0x000000060e000000, 0x000000060e400000, 0x000000060e400000|100%| O|  |TAMS 0x000000060e400000, 0x000000060e000000| Untracked 
|   3|0x000000060e400000, 0x000000060e800000, 0x000000060e800000|100%| O|  |TAMS 0x000000060e800000, 0x000000060e400000| Untracked 
|   4|0x000000060e800000, 0x000000060ec00000, 0x000000060ec00000|100%| O|  |TAMS 0x000000060ec00000, 0x000000060e800000| Untracked 
|   5|0x000000060ec00000, 0x000000060f000000, 0x000000060f000000|100%| O|  |TAMS 0x000000060efb9000, 0x000000060ec00000| Untracked 
|   6|0x000000060f000000, 0x000000060f400000, 0x000000060f400000|100%| O|  |TAMS 0x000000060f400000, 0x000000060f000000| Untracked 
|   7|0x000000060f400000, 0x000000060f800000, 0x000000060f800000|100%| O|  |TAMS 0x000000060f800000, 0x000000060f400000| Untracked 
|   8|0x000000060f800000, 0x000000060fc00000, 0x000000060fc00000|100%| O|  |TAMS 0x000000060fc00000, 0x000000060f800000| Untracked 
|   9|0x000000060fc00000, 0x0000000610000000, 0x0000000610000000|100%| O|  |TAMS 0x0000000610000000, 0x000000060fc00000| Untracked 
|  10|0x0000000610000000, 0x0000000610400000, 0x0000000610400000|100%| O|  |TAMS 0x0000000610400000, 0x0000000610000000| Untracked 
|  11|0x0000000610400000, 0x0000000610800000, 0x0000000610800000|100%| O|  |TAMS 0x0000000610800000, 0x0000000610400000| Untracked 
|  12|0x0000000610800000, 0x0000000610c00000, 0x0000000610c00000|100%| O|  |TAMS 0x0000000610c00000, 0x0000000610800000| Untracked 
|  13|0x0000000610c00000, 0x0000000611000000, 0x0000000611000000|100%| O|  |TAMS 0x0000000611000000, 0x0000000610c00000| Untracked 
|  14|0x0000000611000000, 0x0000000611400000, 0x0000000611400000|100%| O|  |TAMS 0x0000000611400000, 0x0000000611000000| Untracked 
|  15|0x0000000611400000, 0x0000000611800000, 0x0000000611800000|100%| O|  |TAMS 0x0000000611800000, 0x0000000611400000| Untracked 
|  16|0x0000000611800000, 0x0000000611c00000, 0x0000000611c00000|100%|HS|  |TAMS 0x0000000611c00000, 0x0000000611800000| Complete 
|  17|0x0000000611c00000, 0x0000000612000000, 0x0000000612000000|100%|HC|  |TAMS 0x0000000612000000, 0x0000000611c00000| Complete 
|  18|0x0000000612000000, 0x0000000612400000, 0x0000000612400000|100%|HC|  |TAMS 0x0000000612400000, 0x0000000612000000| Complete 
|  19|0x0000000612400000, 0x0000000612800000, 0x0000000612800000|100%| O|  |TAMS 0x0000000612800000, 0x0000000612400000| Untracked 
|  20|0x0000000612800000, 0x0000000612c00000, 0x0000000612c00000|100%| O|  |TAMS 0x0000000612c00000, 0x0000000612800000| Untracked 
|  21|0x0000000612c00000, 0x0000000613000000, 0x0000000613000000|100%| O|  |TAMS 0x0000000613000000, 0x0000000612c00000| Untracked 
|  22|0x0000000613000000, 0x0000000613400000, 0x0000000613400000|100%| O|  |TAMS 0x0000000613400000, 0x0000000613000000| Untracked 
|  23|0x0000000613400000, 0x0000000613800000, 0x0000000613800000|100%| O|  |TAMS 0x0000000613800000, 0x0000000613400000| Untracked 
|  24|0x0000000613800000, 0x0000000613c00000, 0x0000000613c00000|100%| O|  |TAMS 0x0000000613800000, 0x0000000613800000| Untracked 
|  25|0x0000000613c00000, 0x0000000614000000, 0x0000000614000000|100%| O|  |TAMS 0x0000000613c00000, 0x0000000613c00000| Untracked 
|  26|0x0000000614000000, 0x0000000614400000, 0x0000000614400000|100%| O|  |TAMS 0x0000000614000000, 0x0000000614000000| Untracked 
|  27|0x0000000614400000, 0x0000000614800000, 0x0000000614800000|100%| O|  |TAMS 0x0000000614400000, 0x0000000614400000| Untracked 
|  28|0x0000000614800000, 0x0000000614c00000, 0x0000000614c00000|100%| O|  |TAMS 0x0000000614800000, 0x0000000614800000| Untracked 
|  29|0x0000000614c00000, 0x0000000615000000, 0x0000000615000000|100%| O|  |TAMS 0x0000000614c00000, 0x0000000614c00000| Untracked 
|  30|0x0000000615000000, 0x0000000615400000, 0x0000000615400000|100%| O|  |TAMS 0x0000000615000000, 0x0000000615000000| Untracked 
|  31|0x0000000615400000, 0x0000000615800000, 0x0000000615800000|100%| O|  |TAMS 0x0000000615400000, 0x0000000615400000| Untracked 
|  32|0x0000000615800000, 0x0000000615c00000, 0x0000000615c00000|100%| O|  |TAMS 0x0000000615800000, 0x0000000615800000| Untracked 
|  33|0x0000000615c00000, 0x0000000616000000, 0x0000000616000000|100%| O|  |TAMS 0x0000000615c00000, 0x0000000615c00000| Untracked 
|  34|0x0000000616000000, 0x0000000616400000, 0x0000000616400000|100%| O|  |TAMS 0x0000000616000000, 0x0000000616000000| Untracked 
|  35|0x0000000616400000, 0x0000000616429e00, 0x0000000616800000|  4%| O|  |TAMS 0x0000000616400000, 0x0000000616400000| Complete 
|  36|0x0000000616800000, 0x0000000616800000, 0x0000000616c00000|  0%| F|  |TAMS 0x0000000616800000, 0x0000000616800000| Untracked 
|  37|0x0000000616c00000, 0x0000000616c00000, 0x0000000617000000|  0%| F|  |TAMS 0x0000000616c00000, 0x0000000616c00000| Untracked 
|  38|0x0000000617000000, 0x0000000617000000, 0x0000000617400000|  0%| F|  |TAMS 0x0000000617000000, 0x0000000617000000| Untracked 
|  39|0x0000000617400000, 0x0000000617400000, 0x0000000617800000|  0%| F|  |TAMS 0x0000000617400000, 0x0000000617400000| Untracked 
|  40|0x0000000617800000, 0x0000000617800000, 0x0000000617c00000|  0%| F|  |TAMS 0x0000000617800000, 0x0000000617800000| Untracked 
|  41|0x0000000617c00000, 0x0000000617c00000, 0x0000000618000000|  0%| F|  |TAMS 0x0000000617c00000, 0x0000000617c00000| Untracked 
|  42|0x0000000618000000, 0x0000000618000000, 0x0000000618400000|  0%| F|  |TAMS 0x0000000618000000, 0x0000000618000000| Untracked 
|  43|0x0000000618400000, 0x0000000618400000, 0x0000000618800000|  0%| F|  |TAMS 0x0000000618400000, 0x0000000618400000| Untracked 
|  44|0x0000000618800000, 0x0000000618800000, 0x0000000618c00000|  0%| F|  |TAMS 0x0000000618800000, 0x0000000618800000| Untracked 
|  45|0x0000000618c00000, 0x0000000618c00000, 0x0000000619000000|  0%| F|  |TAMS 0x0000000618c00000, 0x0000000618c00000| Untracked 
|  46|0x0000000619000000, 0x0000000619000000, 0x0000000619400000|  0%| F|  |TAMS 0x0000000619000000, 0x0000000619000000| Untracked 
|  47|0x0000000619400000, 0x0000000619400000, 0x0000000619800000|  0%| F|  |TAMS 0x0000000619400000, 0x0000000619400000| Untracked 
|  48|0x0000000619800000, 0x0000000619800000, 0x0000000619c00000|  0%| F|  |TAMS 0x0000000619800000, 0x0000000619800000| Untracked 
|  49|0x0000000619c00000, 0x0000000619c00000, 0x000000061a000000|  0%| F|  |TAMS 0x0000000619c00000, 0x0000000619c00000| Untracked 
|  50|0x000000061a000000, 0x000000061a000000, 0x000000061a400000|  0%| F|  |TAMS 0x000000061a000000, 0x000000061a000000| Untracked 
|  51|0x000000061a400000, 0x000000061a400000, 0x000000061a800000|  0%| F|  |TAMS 0x000000061a400000, 0x000000061a400000| Untracked 
|  52|0x000000061a800000, 0x000000061a800000, 0x000000061ac00000|  0%| F|  |TAMS 0x000000061a800000, 0x000000061a800000| Untracked 
|  53|0x000000061ac00000, 0x000000061ac00000, 0x000000061b000000|  0%| F|  |TAMS 0x000000061ac00000, 0x000000061ac00000| Untracked 
|  54|0x000000061b000000, 0x000000061b000000, 0x000000061b400000|  0%| F|  |TAMS 0x000000061b000000, 0x000000061b000000| Untracked 
|  55|0x000000061b400000, 0x000000061b400000, 0x000000061b800000|  0%| F|  |TAMS 0x000000061b400000, 0x000000061b400000| Untracked 
|  56|0x000000061b800000, 0x000000061b800000, 0x000000061bc00000|  0%| F|  |TAMS 0x000000061b800000, 0x000000061b800000| Untracked 
|  57|0x000000061bc00000, 0x000000061bc00000, 0x000000061c000000|  0%| F|  |TAMS 0x000000061bc00000, 0x000000061bc00000| Untracked 
|  58|0x000000061c000000, 0x000000061c000000, 0x000000061c400000|  0%| F|  |TAMS 0x000000061c000000, 0x000000061c000000| Untracked 
|  59|0x000000061c400000, 0x000000061c400000, 0x000000061c800000|  0%| F|  |TAMS 0x000000061c400000, 0x000000061c400000| Untracked 
|  60|0x000000061c800000, 0x000000061c800000, 0x000000061cc00000|  0%| F|  |TAMS 0x000000061c800000, 0x000000061c800000| Untracked 
|  61|0x000000061cc00000, 0x000000061cc00000, 0x000000061d000000|  0%| F|  |TAMS 0x000000061cc00000, 0x000000061cc00000| Untracked 
|  62|0x000000061d000000, 0x000000061d000000, 0x000000061d400000|  0%| F|  |TAMS 0x000000061d000000, 0x000000061d000000| Untracked 
|  63|0x000000061d400000, 0x000000061d400000, 0x000000061d800000|  0%| F|  |TAMS 0x000000061d400000, 0x000000061d400000| Untracked 
|  64|0x000000061d800000, 0x000000061d800000, 0x000000061dc00000|  0%| F|  |TAMS 0x000000061d800000, 0x000000061d800000| Untracked 
|  65|0x000000061dc00000, 0x000000061dc00000, 0x000000061e000000|  0%| F|  |TAMS 0x000000061dc00000, 0x000000061dc00000| Untracked 
|  66|0x000000061e000000, 0x000000061e000000, 0x000000061e400000|  0%| F|  |TAMS 0x000000061e000000, 0x000000061e000000| Untracked 
|  67|0x000000061e400000, 0x000000061e400000, 0x000000061e800000|  0%| F|  |TAMS 0x000000061e400000, 0x000000061e400000| Untracked 
|  68|0x000000061e800000, 0x000000061e800000, 0x000000061ec00000|  0%| F|  |TAMS 0x000000061e800000, 0x000000061e800000| Untracked 
|  69|0x000000061ec00000, 0x000000061ec00000, 0x000000061f000000|  0%| F|  |TAMS 0x000000061ec00000, 0x000000061ec00000| Untracked 
|  70|0x000000061f000000, 0x000000061f000000, 0x000000061f400000|  0%| F|  |TAMS 0x000000061f000000, 0x000000061f000000| Untracked 
|  71|0x000000061f400000, 0x000000061f400000, 0x000000061f800000|  0%| F|  |TAMS 0x000000061f400000, 0x000000061f400000| Untracked 
|  72|0x000000061f800000, 0x000000061f800000, 0x000000061fc00000|  0%| F|  |TAMS 0x000000061f800000, 0x000000061f800000| Untracked 
|  73|0x000000061fc00000, 0x000000061fc00000, 0x0000000620000000|  0%| F|  |TAMS 0x000000061fc00000, 0x000000061fc00000| Untracked 
|  74|0x0000000620000000, 0x0000000620000000, 0x0000000620400000|  0%| F|  |TAMS 0x0000000620000000, 0x0000000620000000| Untracked 
|  75|0x0000000620400000, 0x0000000620400000, 0x0000000620800000|  0%| F|  |TAMS 0x0000000620400000, 0x0000000620400000| Untracked 
|  76|0x0000000620800000, 0x0000000620800000, 0x0000000620c00000|  0%| F|  |TAMS 0x0000000620800000, 0x0000000620800000| Untracked 
|  77|0x0000000620c00000, 0x0000000620c00000, 0x0000000621000000|  0%| F|  |TAMS 0x0000000620c00000, 0x0000000620c00000| Untracked 
|  78|0x0000000621000000, 0x0000000621000000, 0x0000000621400000|  0%| F|  |TAMS 0x0000000621000000, 0x0000000621000000| Untracked 
|  79|0x0000000621400000, 0x0000000621400000, 0x0000000621800000|  0%| F|  |TAMS 0x0000000621400000, 0x0000000621400000| Untracked 
|  80|0x0000000621800000, 0x0000000621800000, 0x0000000621c00000|  0%| F|  |TAMS 0x0000000621800000, 0x0000000621800000| Untracked 
|  81|0x0000000621c00000, 0x0000000621c00000, 0x0000000622000000|  0%| F|  |TAMS 0x0000000621c00000, 0x0000000621c00000| Untracked 
|  82|0x0000000622000000, 0x0000000622000000, 0x0000000622400000|  0%| F|  |TAMS 0x0000000622000000, 0x0000000622000000| Untracked 
|  83|0x0000000622400000, 0x0000000622400000, 0x0000000622800000|  0%| F|  |TAMS 0x0000000622400000, 0x0000000622400000| Untracked 
|  84|0x0000000622800000, 0x0000000622800000, 0x0000000622c00000|  0%| F|  |TAMS 0x0000000622800000, 0x0000000622800000| Untracked 
|  85|0x0000000622c00000, 0x0000000622c00000, 0x0000000623000000|  0%| F|  |TAMS 0x0000000622c00000, 0x0000000622c00000| Untracked 
|  86|0x0000000623000000, 0x0000000623000000, 0x0000000623400000|  0%| F|  |TAMS 0x0000000623000000, 0x0000000623000000| Untracked 
|  87|0x0000000623400000, 0x0000000623400000, 0x0000000623800000|  0%| F|  |TAMS 0x0000000623400000, 0x0000000623400000| Untracked 
|  88|0x0000000623800000, 0x0000000623800000, 0x0000000623c00000|  0%| F|  |TAMS 0x0000000623800000, 0x0000000623800000| Untracked 
|  89|0x0000000623c00000, 0x0000000623c00000, 0x0000000624000000|  0%| F|  |TAMS 0x0000000623c00000, 0x0000000623c00000| Untracked 
|  90|0x0000000624000000, 0x0000000624000000, 0x0000000624400000|  0%| F|  |TAMS 0x0000000624000000, 0x0000000624000000| Untracked 
|  91|0x0000000624400000, 0x0000000624400000, 0x0000000624800000|  0%| F|  |TAMS 0x0000000624400000, 0x0000000624400000| Untracked 
|  92|0x0000000624800000, 0x0000000624800000, 0x0000000624c00000|  0%| F|  |TAMS 0x0000000624800000, 0x0000000624800000| Untracked 
|  93|0x0000000624c00000, 0x0000000624c00000, 0x0000000625000000|  0%| F|  |TAMS 0x0000000624c00000, 0x0000000624c00000| Untracked 
|  94|0x0000000625000000, 0x0000000625000000, 0x0000000625400000|  0%| F|  |TAMS 0x0000000625000000, 0x0000000625000000| Untracked 
|  95|0x0000000625400000, 0x0000000625400000, 0x0000000625800000|  0%| F|  |TAMS 0x0000000625400000, 0x0000000625400000| Untracked 
|  96|0x0000000625800000, 0x0000000625800000, 0x0000000625c00000|  0%| F|  |TAMS 0x0000000625800000, 0x0000000625800000| Untracked 
|  97|0x0000000625c00000, 0x0000000625c00000, 0x0000000626000000|  0%| F|  |TAMS 0x0000000625c00000, 0x0000000625c00000| Untracked 
|  98|0x0000000626000000, 0x0000000626000000, 0x0000000626400000|  0%| F|  |TAMS 0x0000000626000000, 0x0000000626000000| Untracked 
|  99|0x0000000626400000, 0x0000000626400000, 0x0000000626800000|  0%| F|  |TAMS 0x0000000626400000, 0x0000000626400000| Untracked 
| 100|0x0000000626800000, 0x0000000626800000, 0x0000000626c00000|  0%| F|  |TAMS 0x0000000626800000, 0x0000000626800000| Untracked 
| 101|0x0000000626c00000, 0x0000000626c00000, 0x0000000627000000|  0%| F|  |TAMS 0x0000000626c00000, 0x0000000626c00000| Untracked 
| 102|0x0000000627000000, 0x0000000627000000, 0x0000000627400000|  0%| F|  |TAMS 0x0000000627000000, 0x0000000627000000| Untracked 
| 103|0x0000000627400000, 0x0000000627400000, 0x0000000627800000|  0%| F|  |TAMS 0x0000000627400000, 0x0000000627400000| Untracked 
| 104|0x0000000627800000, 0x000000062797f8a0, 0x0000000627c00000| 37%| E|  |TAMS 0x0000000627800000, 0x0000000627800000| Complete 
| 105|0x0000000627c00000, 0x0000000628000000, 0x0000000628000000|100%| E|CS|TAMS 0x0000000627c00000, 0x0000000627c00000| Complete 
| 106|0x0000000628000000, 0x0000000628400000, 0x0000000628400000|100%| E|CS|TAMS 0x0000000628000000, 0x0000000628000000| Complete 
| 107|0x0000000628400000, 0x0000000628630360, 0x0000000628800000| 54%| S|CS|TAMS 0x0000000628400000, 0x0000000628400000| Complete 
| 108|0x0000000628800000, 0x0000000628c00000, 0x0000000628c00000|100%| S|CS|TAMS 0x0000000628800000, 0x0000000628800000| Complete 
| 109|0x0000000628c00000, 0x0000000629000000, 0x0000000629000000|100%| S|CS|TAMS 0x0000000628c00000, 0x0000000628c00000| Complete 
| 110|0x0000000629000000, 0x0000000629400000, 0x0000000629400000|100%| E|CS|TAMS 0x0000000629000000, 0x0000000629000000| Complete 
| 111|0x0000000629400000, 0x0000000629800000, 0x0000000629800000|100%| E|CS|TAMS 0x0000000629400000, 0x0000000629400000| Complete 
| 112|0x0000000629800000, 0x0000000629c00000, 0x0000000629c00000|100%| E|CS|TAMS 0x0000000629800000, 0x0000000629800000| Complete 
| 113|0x0000000629c00000, 0x000000062a000000, 0x000000062a000000|100%| E|CS|TAMS 0x0000000629c00000, 0x0000000629c00000| Complete 
| 114|0x000000062a000000, 0x000000062a400000, 0x000000062a400000|100%| E|CS|TAMS 0x000000062a000000, 0x000000062a000000| Complete 
| 115|0x000000062a400000, 0x000000062a800000, 0x000000062a800000|100%| E|CS|TAMS 0x000000062a400000, 0x000000062a400000| Complete 
| 116|0x000000062a800000, 0x000000062ac00000, 0x000000062ac00000|100%| E|CS|TAMS 0x000000062a800000, 0x000000062a800000| Complete 
| 117|0x000000062ac00000, 0x000000062b000000, 0x000000062b000000|100%| E|CS|TAMS 0x000000062ac00000, 0x000000062ac00000| Complete 
| 118|0x000000062b000000, 0x000000062b400000, 0x000000062b400000|100%| E|CS|TAMS 0x000000062b000000, 0x000000062b000000| Complete 
| 119|0x000000062b400000, 0x000000062b800000, 0x000000062b800000|100%| E|CS|TAMS 0x000000062b400000, 0x000000062b400000| Complete 
| 120|0x000000062b800000, 0x000000062bc00000, 0x000000062bc00000|100%| E|CS|TAMS 0x000000062b800000, 0x000000062b800000| Complete 
| 121|0x000000062bc00000, 0x000000062c000000, 0x000000062c000000|100%| E|CS|TAMS 0x000000062bc00000, 0x000000062bc00000| Complete 
| 122|0x000000062c000000, 0x000000062c400000, 0x000000062c400000|100%| E|CS|TAMS 0x000000062c000000, 0x000000062c000000| Complete 
| 123|0x000000062c400000, 0x000000062c800000, 0x000000062c800000|100%| E|CS|TAMS 0x000000062c400000, 0x000000062c400000| Complete 
| 124|0x000000062c800000, 0x000000062cc00000, 0x000000062cc00000|100%| E|CS|TAMS 0x000000062c800000, 0x000000062c800000| Complete 
| 125|0x000000062cc00000, 0x000000062d000000, 0x000000062d000000|100%| E|CS|TAMS 0x000000062cc00000, 0x000000062cc00000| Complete 
| 126|0x000000062d000000, 0x000000062d400000, 0x000000062d400000|100%| E|CS|TAMS 0x000000062d000000, 0x000000062d000000| Complete 
| 127|0x000000062d400000, 0x000000062d800000, 0x000000062d800000|100%| E|CS|TAMS 0x000000062d400000, 0x000000062d400000| Complete 
| 128|0x000000062d800000, 0x000000062dc00000, 0x000000062dc00000|100%| E|CS|TAMS 0x000000062d800000, 0x000000062d800000| Complete 
| 129|0x000000062dc00000, 0x000000062e000000, 0x000000062e000000|100%| E|CS|TAMS 0x000000062dc00000, 0x000000062dc00000| Complete 
| 130|0x000000062e000000, 0x000000062e400000, 0x000000062e400000|100%| E|CS|TAMS 0x000000062e000000, 0x000000062e000000| Complete 
| 131|0x000000062e400000, 0x000000062e800000, 0x000000062e800000|100%| E|CS|TAMS 0x000000062e400000, 0x000000062e400000| Complete 
| 132|0x000000062e800000, 0x000000062ec00000, 0x000000062ec00000|100%| E|CS|TAMS 0x000000062e800000, 0x000000062e800000| Complete 
| 133|0x000000062ec00000, 0x000000062f000000, 0x000000062f000000|100%| E|CS|TAMS 0x000000062ec00000, 0x000000062ec00000| Complete 
| 134|0x000000062f000000, 0x000000062f400000, 0x000000062f400000|100%| E|CS|TAMS 0x000000062f000000, 0x000000062f000000| Complete 
| 142|0x0000000631000000, 0x0000000631400000, 0x0000000631400000|100%| E|CS|TAMS 0x0000000631000000, 0x0000000631000000| Complete 
| 143|0x0000000631400000, 0x0000000631800000, 0x0000000631800000|100%| E|CS|TAMS 0x0000000631400000, 0x0000000631400000| Complete 

Card table byte_map: [0x000001b27bf90000,0x000001b27cf30000] _byte_map_base: 0x000001b278f24000

Marking Bits (Prev, Next): (CMBitMap*) 0x000001b2727e67d0, (CMBitMap*) 0x000001b2727e6790
 Prev Bits: [0x000001b216ca0000, 0x000001b21e940000)
 Next Bits: [0x000001b20f000000, 0x000001b216ca0000)

Polling page: 0x000001b270390000

Metaspace:

Usage:
  Non-class:     54.63 MB used.
      Class:      9.72 MB used.
       Both:     64.35 MB used.

Virtual space:
  Non-class space:       56.00 MB reserved,      55.25 MB ( 99%) committed,  7 nodes.
      Class space:        1.00 GB reserved,      10.25 MB (  1%) committed,  1 nodes.
             Both:        1.05 GB reserved,      65.50 MB (  6%) committed. 

Chunk freelists:
   Non-Class:  26.00 KB
       Class:  1.73 MB
        Both:  1.75 MB

MaxMetaspaceSize: unlimited
CompressedClassSpaceSize: 1.00 GB
Initial GC threshold: 21.00 MB
Current GC threshold: 99.19 MB
CDS: on
MetaspaceReclaimPolicy: balanced
 - commit_granule_bytes: 65536.
 - commit_granule_words: 8192.
 - virtual_space_node_default_size: 1048576.
 - enlarge_chunks_in_place: 1.
 - new_chunks_are_fully_committed: 0.
 - uncommit_free_chunks: 1.
 - use_allocation_guard: 0.
 - handle_deallocations: 1.


Internal statistics:

num_allocs_failed_limit: 9.
num_arena_births: 1720.
num_arena_deaths: 0.
num_vsnodes_births: 8.
num_vsnodes_deaths: 0.
num_space_committed: 1045.
num_space_uncommitted: 0.
num_chunks_returned_to_freelist: 9.
num_chunks_taken_from_freelist: 4441.
num_chunk_merges: 9.
num_chunk_splits: 2867.
num_chunks_enlarged: 1944.
num_purges: 0.
num_inconsistent_stats: 0.

CodeHeap 'non-profiled nmethods': size=119168Kb used=7771Kb max_used=7771Kb free=111396Kb
 bounds [0x000001b207ba0000, 0x000001b208350000, 0x000001b20f000000]
CodeHeap 'profiled nmethods': size=119104Kb used=12889Kb max_used=14100Kb free=106215Kb
 bounds [0x000001b200750000, 0x000001b201520000, 0x000001b207ba0000]
CodeHeap 'non-nmethods': size=7488Kb used=3658Kb max_used=3745Kb free=3829Kb
 bounds [0x000001b200000000, 0x000001b2003c0000, 0x000001b200750000]
 total_blobs=9422 nmethods=7942 adapters=1389
 compilation: enabled
              stopped_count=0, restarted_count=0
 full_count=0

Compilation events (20 events):
Event: 5.066 Thread 0x000001b27f7fe6e0 nmethod 10313 0x000001b201285910 code [0x000001b201285ac0, 0x000001b201285cf8]
Event: 5.066 Thread 0x000001b221577b00 nmethod 10314 0x000001b208124190 code [0x000001b208124320, 0x000001b2081243f8]
Event: 5.066 Thread 0x000001b27e1b2c10 nmethod 10312 0x000001b2010d9890 code [0x000001b2010d9a60, 0x000001b2010d9e78]
Event: 5.067 Thread 0x000001b27e1a7cb0 10315       4       java.util.concurrent.ConcurrentHashMap$BaseIterator::hasNext (13 bytes)
Event: 5.067 Thread 0x000001b27e1a7cb0 nmethod 10315 0x000001b2082d7f90 code [0x000001b2082d8100, 0x000001b2082d8198]
Event: 5.069 Thread 0x000001b27f7fe6e0 10316       3       java.util.concurrent.ConcurrentHashMap::isEmpty (15 bytes)
Event: 5.069 Thread 0x000001b27f7fe6e0 nmethod 10316 0x000001b2010d7c90 code [0x000001b2010d7e40, 0x000001b2010d7fe8]
Event: 5.082 Thread 0x000001b27f665ef0 10320       3       sun.misc.Unsafe::getInt (9 bytes)
Event: 5.082 Thread 0x000001b221577b00 10321       3       org.lwjgl.system.CustomBuffer::address (19 bytes)
Event: 5.082 Thread 0x000001b27e1b2c10 10322       3       org.lwjgl.system.StructBuffer::sizeof (8 bytes)
Event: 5.082 Thread 0x000001b27f7fe6e0 10323       3       org.lwjgl.glfw.GLFWVidMode$Buffer::getElementFactory (5 bytes)
Event: 5.082 Thread 0x000001b27f665ef0 nmethod 10320 0x000001b201078d90 code [0x000001b201078f20, 0x000001b201079038]
Event: 5.082 Thread 0x000001b221577b00 nmethod 10321 0x000001b2008e3690 code [0x000001b2008e3840, 0x000001b2008e3aa8]
Event: 5.082 Thread 0x000001b27f665ef0 10324       3       org.lwjgl.glfw.GLFWVidMode$Buffer::getElementFactory (4 bytes)
Event: 5.082 Thread 0x000001b221577b00 10325       3       org.lwjgl.glfw.GLFWVidMode::sizeof (4 bytes)
Event: 5.082 Thread 0x000001b27f665ef0 nmethod 10324 0x000001b201090f90 code [0x000001b201091120, 0x000001b201091238]
Event: 5.082 Thread 0x000001b27f7fe6e0 nmethod 10323 0x000001b20124ab10 code [0x000001b20124aca0, 0x000001b20124ae18]
Event: 5.082 Thread 0x000001b27e1b2c10 nmethod 10322 0x000001b2008e3110 code [0x000001b2008e32c0, 0x000001b2008e3518]
Event: 5.082 Thread 0x000001b221577b00 nmethod 10325 0x000001b2010d6190 code [0x000001b2010d6320, 0x000001b2010d6438]
Event: 5.101 Thread 0x000001b221978940 nmethod 10048 0x000001b208334910 code [0x000001b208334f80, 0x000001b208341f98]

GC Heap History (20 events):
Event: 2.413 GC heap before
{Heap before GC invocations=10 (full 0):
 garbage-first heap   total 266240K, used 194471K [0x000000060d800000, 0x0000000800000000)
  region size 4096K, 32 young (131072K), 1 survivors (4096K)
 Metaspace       used 27465K, committed 28288K, reserved 1081344K
  class space    used 3383K, committed 3776K, reserved 1048576K
}
Event: 2.413 GC heap after
{Heap after GC invocations=11 (full 0):
 garbage-first heap   total 266240K, used 67839K [0x000000060d800000, 0x0000000800000000)
  region size 4096K, 1 young (4096K), 1 survivors (4096K)
 Metaspace       used 27465K, committed 28288K, reserved 1081344K
  class space    used 3383K, committed 3776K, reserved 1048576K
}
Event: 2.651 GC heap before
{Heap before GC invocations=11 (full 0):
 garbage-first heap   total 266240K, used 215295K [0x000000060d800000, 0x0000000800000000)
  region size 4096K, 34 young (139264K), 1 survivors (4096K)
 Metaspace       used 30615K, committed 31488K, reserved 1081344K
  class space    used 3809K, committed 4224K, reserved 1048576K
}
Event: 2.653 GC heap after
{Heap after GC invocations=12 (full 0):
 garbage-first heap   total 266240K, used 82185K [0x000000060d800000, 0x0000000800000000)
  region size 4096K, 2 young (8192K), 2 survivors (8192K)
 Metaspace       used 30615K, committed 31488K, reserved 1081344K
  class space    used 3809K, committed 4224K, reserved 1048576K
}
Event: 2.888 GC heap before
{Heap before GC invocations=12 (full 0):
 garbage-first heap   total 266240K, used 205065K [0x000000060d800000, 0x0000000800000000)
  region size 4096K, 32 young (131072K), 2 survivors (8192K)
 Metaspace       used 31813K, committed 32704K, reserved 1081344K
  class space    used 3987K, committed 4416K, reserved 1048576K
}
Event: 2.890 GC heap after
{Heap after GC invocations=13 (full 0):
 garbage-first heap   total 266240K, used 84759K [0x000000060d800000, 0x0000000800000000)
  region size 4096K, 2 young (8192K), 2 survivors (8192K)
 Metaspace       used 31813K, committed 32704K, reserved 1081344K
  class space    used 3987K, committed 4416K, reserved 1048576K
}
Event: 3.067 GC heap before
{Heap before GC invocations=13 (full 0):
 garbage-first heap   total 266240K, used 211735K [0x000000060d800000, 0x0000000800000000)
  region size 4096K, 33 young (135168K), 2 survivors (8192K)
 Metaspace       used 34574K, committed 35456K, reserved 1081344K
  class space    used 4265K, committed 4672K, reserved 1048576K
}
Event: 3.069 GC heap after
{Heap after GC invocations=14 (full 0):
 garbage-first heap   total 266240K, used 86889K [0x000000060d800000, 0x0000000800000000)
  region size 4096K, 3 young (12288K), 3 survivors (12288K)
 Metaspace       used 34574K, committed 35456K, reserved 1081344K
  class space    used 4265K, committed 4672K, reserved 1048576K
}
Event: 3.109 GC heap before
{Heap before GC invocations=14 (full 0):
 garbage-first heap   total 266240K, used 115561K [0x000000060d800000, 0x0000000800000000)
  region size 4096K, 11 young (45056K), 3 survivors (12288K)
 Metaspace       used 35278K, committed 36224K, reserved 1081344K
  class space    used 4359K, committed 4736K, reserved 1048576K
}
Event: 3.111 GC heap after
{Heap after GC invocations=15 (full 0):
 garbage-first heap   total 266240K, used 87668K [0x000000060d800000, 0x0000000800000000)
  region size 4096K, 3 young (12288K), 3 survivors (12288K)
 Metaspace       used 35278K, committed 36224K, reserved 1081344K
  class space    used 4359K, committed 4736K, reserved 1048576K
}
Event: 3.381 GC heap before
{Heap before GC invocations=16 (full 0):
 garbage-first heap   total 266240K, used 214644K [0x000000060d800000, 0x0000000800000000)
  region size 4096K, 34 young (139264K), 3 survivors (12288K)
 Metaspace       used 40311K, committed 41280K, reserved 1089536K
  class space    used 5278K, committed 5696K, reserved 1048576K
}
Event: 3.385 GC heap after
{Heap after GC invocations=17 (full 0):
 garbage-first heap   total 266240K, used 93042K [0x000000060d800000, 0x0000000800000000)
  region size 4096K, 4 young (16384K), 4 survivors (16384K)
 Metaspace       used 40311K, committed 41280K, reserved 1089536K
  class space    used 5278K, committed 5696K, reserved 1048576K
}
Event: 3.402 GC heap before
{Heap before GC invocations=17 (full 0):
 garbage-first heap   total 266240K, used 97138K [0x000000060d800000, 0x0000000800000000)
  region size 4096K, 5 young (20480K), 4 survivors (16384K)
 Metaspace       used 40483K, committed 41408K, reserved 1089536K
  class space    used 5307K, committed 5696K, reserved 1048576K
}
Event: 3.408 GC heap after
{Heap after GC invocations=18 (full 0):
 garbage-first heap   total 266240K, used 93899K [0x000000060d800000, 0x0000000800000000)
  region size 4096K, 1 young (4096K), 1 survivors (4096K)
 Metaspace       used 40483K, committed 41408K, reserved 1089536K
  class space    used 5307K, committed 5696K, reserved 1048576K
}
Event: 3.581 GC heap before
{Heap before GC invocations=18 (full 0):
 garbage-first heap   total 266240K, used 216779K [0x000000060d800000, 0x0000000800000000)
  region size 4096K, 31 young (126976K), 1 survivors (4096K)
 Metaspace       used 41925K, committed 42880K, reserved 1089536K
  class space    used 5540K, committed 5952K, reserved 1048576K
}
Event: 3.586 GC heap after
{Heap after GC invocations=19 (full 0):
 garbage-first heap   total 589824K, used 104865K [0x000000060d800000, 0x0000000800000000)
  region size 4096K, 4 young (16384K), 4 survivors (16384K)
 Metaspace       used 41925K, committed 42880K, reserved 1089536K
  class space    used 5540K, committed 5952K, reserved 1048576K
}
Event: 4.249 GC heap before
{Heap before GC invocations=19 (full 0):
 garbage-first heap   total 589824K, used 440737K [0x000000060d800000, 0x0000000800000000)
  region size 4096K, 86 young (352256K), 4 survivors (16384K)
 Metaspace       used 52209K, committed 53248K, reserved 1097728K
  class space    used 7484K, committed 7936K, reserved 1048576K
}
Event: 4.256 GC heap after
{Heap after GC invocations=20 (full 0):
 garbage-first heap   total 589824K, used 143076K [0x000000060d800000, 0x0000000800000000)
  region size 4096K, 11 young (45056K), 11 survivors (45056K)
 Metaspace       used 52209K, committed 53248K, reserved 1097728K
  class space    used 7484K, committed 7936K, reserved 1048576K
}
Event: 4.632 GC heap before
{Heap before GC invocations=20 (full 0):
 garbage-first heap   total 589824K, used 278244K [0x000000060d800000, 0x0000000800000000)
  region size 4096K, 45 young (184320K), 11 survivors (45056K)
 Metaspace       used 59489K, committed 60608K, reserved 1105920K
  class space    used 8924K, committed 9408K, reserved 1048576K
}
Event: 4.639 GC heap after
{Heap after GC invocations=21 (full 0):
 garbage-first heap   total 589824K, used 153960K [0x000000060d800000, 0x0000000800000000)
  region size 4096K, 3 young (12288K), 3 survivors (12288K)
 Metaspace       used 59489K, committed 60608K, reserved 1105920K
  class space    used 8924K, committed 9408K, reserved 1048576K
}

Deoptimization events (20 events):
Event: 5.058 Thread 0x000001b272733730 Uncommon trap: trap_request=0xffffffde fr.pc=0x000001b2080f8d34 relative=0x0000000000000274
Event: 5.058 Thread 0x000001b272733730 Uncommon trap: reason=class_check action=maybe_recompile pc=0x000001b2080f8d34 method=java.util.regex.Matcher.match(II)Z @ 121 c2
Event: 5.058 Thread 0x000001b272733730 DEOPT PACKING pc=0x000001b2080f8d34 sp=0x0000009d0dffc590
Event: 5.058 Thread 0x000001b272733730 DEOPT UNPACKING pc=0x000001b200055c23 sp=0x0000009d0dffc508 mode 2
Event: 5.058 Thread 0x000001b272733730 Uncommon trap: trap_request=0xffffffde fr.pc=0x000001b2080f8d34 relative=0x0000000000000274
Event: 5.058 Thread 0x000001b272733730 Uncommon trap: reason=class_check action=maybe_recompile pc=0x000001b2080f8d34 method=java.util.regex.Matcher.match(II)Z @ 121 c2
Event: 5.058 Thread 0x000001b272733730 DEOPT PACKING pc=0x000001b2080f8d34 sp=0x0000009d0dffc590
Event: 5.058 Thread 0x000001b272733730 DEOPT UNPACKING pc=0x000001b200055c23 sp=0x0000009d0dffc508 mode 2
Event: 5.058 Thread 0x000001b272733730 Uncommon trap: trap_request=0xffffffde fr.pc=0x000001b2080f8d34 relative=0x0000000000000274
Event: 5.058 Thread 0x000001b272733730 Uncommon trap: reason=class_check action=maybe_recompile pc=0x000001b2080f8d34 method=java.util.regex.Matcher.match(II)Z @ 121 c2
Event: 5.058 Thread 0x000001b272733730 DEOPT PACKING pc=0x000001b2080f8d34 sp=0x0000009d0dffc590
Event: 5.058 Thread 0x000001b272733730 DEOPT UNPACKING pc=0x000001b200055c23 sp=0x0000009d0dffc508 mode 2
Event: 5.059 Thread 0x000001b272733730 Uncommon trap: trap_request=0xffffff45 fr.pc=0x000001b207c80c70 relative=0x0000000000000290
Event: 5.059 Thread 0x000001b272733730 Uncommon trap: reason=unstable_if action=reinterpret pc=0x000001b207c80c70 method=com.google.gson.stream.JsonReader.doPeek()I @ 315 c2
Event: 5.059 Thread 0x000001b272733730 DEOPT PACKING pc=0x000001b207c80c70 sp=0x0000009d0dffdad0
Event: 5.059 Thread 0x000001b272733730 DEOPT UNPACKING pc=0x000001b200055c23 sp=0x0000009d0dffda58 mode 2
Event: 5.059 Thread 0x000001b272733730 Uncommon trap: trap_request=0xffffff45 fr.pc=0x000001b207d2fe40 relative=0x00000000000000a0
Event: 5.059 Thread 0x000001b272733730 Uncommon trap: reason=unstable_if action=reinterpret pc=0x000001b207d2fe40 method=com.google.gson.stream.JsonReader.peek()Lcom/google/gson/stream/JsonToken; @ 15 c2
Event: 5.059 Thread 0x000001b272733730 DEOPT PACKING pc=0x000001b207d2fe40 sp=0x0000009d0dffdb10
Event: 5.059 Thread 0x000001b272733730 DEOPT UNPACKING pc=0x000001b200055c23 sp=0x0000009d0dffdaa8 mode 2

Classes unloaded (0 events):
No events

Classes redefined (0 events):
No events

Internal exceptions (20 events):
Event: 4.833 Thread 0x000001b272733730 Exception <a 'sun/nio/fs/WindowsException'{0x000000062b88eb60}> (0x000000062b88eb60) 
thrown [e:\jenkins\tmp\workspace\build\src\src\hotspot\share\prims\jni.cpp, line 516]
Event: 4.923 Thread 0x000001b272733730 Exception <a 'java/lang/NoSuchMethodError'{0x000000062aab2410}: 'int java.lang.invoke.DirectMethodHandle$Holder.invokeStatic(java.lang.Object)'> (0x000000062aab2410) 
thrown [e:\jenkins\tmp\workspace\build\src\src\hotspot\share\interpreter\linkResolver.cpp, line 766]
Event: 4.934 Thread 0x000001b272733730 Exception <a 'java/lang/NoSuchMethodError'{0x000000062a6d0780}: 'java.lang.Object java.lang.invoke.Invokers$Holder.linkToTargetMethod(java.lang.Object, int, java.lang.Object, java.lang.Object)'> (0x000000062a6d0780) 
thrown [e:\jenkins\tmp\workspace\build\src\src\hotspot\share\interpreter\linkResolver.cpp, line 766]
Event: 4.938 Thread 0x000001b272733730 Exception <a 'java/lang/NoSuchMethodError'{0x000000062a782510}: 'int java.lang.invoke.DirectMethodHandle$Holder.invokeStaticInit(java.lang.Object)'> (0x000000062a782510) 
thrown [e:\jenkins\tmp\workspace\build\src\src\hotspot\share\interpreter\linkResolver.cpp, line 766]
Event: 4.939 Thread 0x000001b272733730 Exception <a 'java/lang/NoSuchMethodError'{0x000000062a7898f8}: 'int java.lang.invoke.Invokers$Holder.invokeExact_MT(java.lang.Object, java.lang.Object)'> (0x000000062a7898f8) 
thrown [e:\jenkins\tmp\workspace\build\src\src\hotspot\share\interpreter\linkResolver.cpp, line 766]
Event: 4.941 Thread 0x000001b272733730 Exception <a 'sun/nio/fs/WindowsException'{0x000000062a0a3c08}> (0x000000062a0a3c08) 
thrown [e:\jenkins\tmp\workspace\build\src\src\hotspot\share\prims\jni.cpp, line 516]
Event: 4.941 Thread 0x000001b272733730 Exception <a 'sun/nio/fs/WindowsException'{0x000000062a0a3f68}> (0x000000062a0a3f68) 
thrown [e:\jenkins\tmp\workspace\build\src\src\hotspot\share\prims\jni.cpp, line 516]
Event: 4.944 Thread 0x000001b272733730 Exception <a 'java/lang/NoSuchMethodError'{0x000000062a12f010}: 'java.lang.Object java.lang.invoke.DirectMethodHandle$Holder.invokeInterface(java.lang.Object, java.lang.Object, double)'> (0x000000062a12f010) 
thrown [e:\jenkins\tmp\workspace\build\src\src\hotspot\share\interpreter\linkResolver.cpp, line 766]
Event: 4.944 Thread 0x000001b272733730 Exception <a 'java/lang/NoSuchMethodError'{0x000000062a135858}: 'double java.lang.invoke.DirectMethodHandle$Holder.invokeInterface(java.lang.Object, java.lang.Object, java.lang.Object)'> (0x000000062a135858) 
thrown [e:\jenkins\tmp\workspace\build\src\src\hotspot\share\interpreter\linkResolver.cpp, line 766]
Event: 4.992 Thread 0x000001b272733730 Exception <a 'java/lang/NoSuchMethodError'{0x0000000629438030}: 'java.lang.Object java.lang.invoke.DirectMethodHandle$Holder.newInvokeSpecial(java.lang.Object, java.lang.Object, java.lang.Object, java.lang.Object, java.lang.Object, java.lang.Object, java.lang.Object, java.lang.Object, java.lang.Object, java.lang.Object)'> (0x0000000629438030) 
thrown [e:\jenkins\tmp\workspace\build\src\src\hotspot\share\interpreter\linkResolver.cpp, line 766]
Event: 4.992 Thread 0x000001b272733730 Exception <a 'java/lang/NoSuchMethodError'{0x000000062943c5f8}: 'java.lang.Object java.lang.invoke.Invokers$Holder.linkToTargetMethod(java.lang.Object, java.lang.Object, java.lang.Object, java.lang.Object, java.lang.Object, java.lang.Object, java.lang.Object, java.lang.Object, java.lang.Object, java.lang.Object)'> (0x000000062943c5f8) 
thrown [e:\jenkins\tmp\workspace\build\src\src\hotspot\share\interpreter\linkResolver.cpp, line 766]
Event: 5.022 Thread 0x000001b272733730 Exception <a 'java/lang/NoSuchMethodError'{0x0000000629188cc8}: 'java.lang.Object java.lang.invoke.Invokers$Holder.linkToTargetMethod(java.lang.Object, java.lang.Object, java.lang.Object, java.lang.Object, java.lang.Object, java.lang.Object, java.lang.Object, java.lang.Object, java.lang.Object)'> (0x0000000629188cc8) 
thrown [e:\jenkins\tmp\workspace\build\src\src\hotspot\share\interpreter\linkResolver.cpp, line 766]
Event: 5.048 Thread 0x000001b272733730 Exception <a 'java/lang/NoSuchMethodError'{0x0000000628244c00}: 'java.lang.Object java.lang.invoke.DirectMethodHandle$Holder.invokeSpecial(java.lang.Object, java.lang.Object, java.lang.Object, java.lang.Object, java.lang.Object, int, java.lang.Object)'> (0x0000000628244c00) 
thrown [e:\jenkins\tmp\workspace\build\src\src\hotspot\share\interpreter\linkResolver.cpp, line 766]
Event: 5.048 Thread 0x000001b272733730 Exception <a 'java/lang/NoSuchMethodError'{0x000000062824d288}: 'java.lang.Object java.lang.invoke.DirectMethodHandle$Holder.invokeSpecial(java.lang.Object, java.lang.Object, java.lang.Object, java.lang.Object, java.lang.Object, java.lang.Object, int)'> (0x000000062824d288) 
thrown [e:\jenkins\tmp\workspace\build\src\src\hotspot\share\interpreter\linkResolver.cpp, line 766]
Event: 5.048 Thread 0x000001b272733730 Exception <a 'java/lang/NoSuchMethodError'{0x0000000628250b68}: 'java.lang.Object java.lang.invoke.Invokers$Holder.linkToTargetMethod(java.lang.Object, java.lang.Object, java.lang.Object, java.lang.Object, int, java.lang.Object)'> (0x0000000628250b68) 
thrown [e:\jenkins\tmp\workspace\build\src\src\hotspot\share\interpreter\linkResolver.cpp, line 766]
Event: 5.057 Thread 0x000001b272733730 Implicit null exception at 0x000001b2081f3cfa to 0x000001b2081f4665
Event: 5.075 Thread 0x000001b272733730 Exception <a 'java/lang/NoSuchMethodError'{0x0000000627fce8d8}: 'long java.lang.invoke.DirectMethodHandle$Holder.invokeInterface(java.lang.Object, java.lang.Object)'> (0x0000000627fce8d8) 
thrown [e:\jenkins\tmp\workspace\build\src\src\hotspot\share\interpreter\linkResolver.cpp, line 766]
Event: 5.076 Thread 0x000001b272733730 Exception <a 'java/lang/NoSuchMethodError'{0x0000000627838aa8}: 'java.lang.Object java.lang.invoke.DirectMethodHandle$Holder.newInvokeSpecial(java.lang.Object, long)'> (0x0000000627838aa8) 
thrown [e:\jenkins\tmp\workspace\build\src\src\hotspot\share\interpreter\linkResolver.cpp, line 766]
Event: 5.083 Thread 0x000001b272733730 Exception <a 'java/lang/NoSuchMethodError'{0x00000006278f00e0}: 'void java.lang.invoke.DirectMethodHandle$Holder.invokeSpecial(java.lang.Object, java.lang.Object, int, long)'> (0x00000006278f00e0) 
thrown [e:\jenkins\tmp\workspace\build\src\src\hotspot\share\interpreter\linkResolver.cpp, line 766]
Event: 5.083 Thread 0x000001b272733730 Exception <a 'java/lang/NoSuchMethodError'{0x00000006278f6058}: 'void java.lang.invoke.DirectMethodHandle$Holder.invokeStatic(java.lang.Object, int, long)'> (0x00000006278f6058) 
thrown [e:\jenkins\tmp\workspace\build\src\src\hotspot\share\interpreter\linkResolver.cpp, line 766]

VM Operations (20 events):
Event: 4.501 Executing VM operation: ICBufferFull
Event: 4.501 Executing VM operation: ICBufferFull done
Event: 4.571 Executing VM operation: HandshakeAllThreads
Event: 4.571 Executing VM operation: HandshakeAllThreads done
Event: 4.573 Executing VM operation: ICBufferFull
Event: 4.573 Executing VM operation: ICBufferFull done
Event: 4.624 Executing VM operation: HandshakeAllThreads
Event: 4.624 Executing VM operation: HandshakeAllThreads done
Event: 4.632 Executing VM operation: CollectForMetadataAllocation
Event: 4.639 Executing VM operation: CollectForMetadataAllocation done
Event: 4.654 Executing VM operation: G1Concurrent
Event: 4.655 Executing VM operation: G1Concurrent done
Event: 4.662 Executing VM operation: G1Concurrent
Event: 4.662 Executing VM operation: G1Concurrent done
Event: 4.693 Executing VM operation: HandshakeAllThreads
Event: 4.693 Executing VM operation: HandshakeAllThreads done
Event: 5.008 Executing VM operation: ICBufferFull
Event: 5.008 Executing VM operation: ICBufferFull done
Event: 5.047 Executing VM operation: HandshakeAllThreads
Event: 5.048 Executing VM operation: HandshakeAllThreads done

Events (20 events):
Event: 4.777 loading class java/nio/DirectFloatBufferU
Event: 4.777 loading class java/nio/DirectFloatBufferU done
Event: 4.777 loading class java/nio/DirectDoubleBufferU
Event: 4.778 loading class java/nio/DirectDoubleBufferU done
Event: 4.784 loading class java/nio/InvalidMarkException
Event: 4.784 loading class java/nio/InvalidMarkException done
Event: 4.784 loading class java/nio/BufferUnderflowException
Event: 4.784 loading class java/nio/BufferUnderflowException done
Event: 4.834 loading class java/util/function/IntSupplier
Event: 4.834 loading class java/util/function/IntSupplier done
Event: 4.865 loading class java/io/CharArrayWriter
Event: 4.865 loading class java/io/CharArrayWriter done
Event: 4.938 loading class java/lang/invoke/DirectMethodHandle$StaticAccessor
Event: 4.938 loading class java/lang/invoke/DirectMethodHandle$StaticAccessor done
Event: 4.943 loading class java/util/function/DoubleFunction
Event: 4.943 loading class java/util/function/DoubleFunction done
Event: 5.061 loading class java/util/EnumMap$Values
Event: 5.062 loading class java/util/EnumMap$Values done
Event: 5.062 loading class java/util/EnumMap$ValueIterator
Event: 5.062 loading class java/util/EnumMap$ValueIterator done


Dynamic libraries:
0x00007ff7e15f0000 - 0x00007ff7e15fe000 	C:\Program Files\Pylo\MCreator\jdk\bin\java.exe
0x00007ff9da3d0000 - 0x00007ff9da5c8000 	C:\WINDOWS\SYSTEM32\ntdll.dll
0x00007ff9d8bf0000 - 0x00007ff9d8caf000 	C:\WINDOWS\System32\KERNEL32.DLL
0x00007ff9d7c20000 - 0x00007ff9d7ef2000 	C:\WINDOWS\System32\KERNELBASE.dll
0x00007ff9d7fa0000 - 0x00007ff9d80a0000 	C:\WINDOWS\System32\ucrtbase.dll
0x00007ff9d37f0000 - 0x00007ff9d3808000 	C:\Program Files\Pylo\MCreator\jdk\bin\jli.dll
0x00007ff9caed0000 - 0x00007ff9caee9000 	C:\Program Files\Pylo\MCreator\jdk\bin\VCRUNTIME140.dll
0x00007ff9d8df0000 - 0x00007ff9d8f91000 	C:\WINDOWS\System32\USER32.dll
0x00007ff9d7f00000 - 0x00007ff9d7f22000 	C:\WINDOWS\System32\win32u.dll
0x00007ff9c5710000 - 0x00007ff9c59aa000 	C:\WINDOWS\WinSxS\amd64_microsoft.windows.common-controls_6595b64144ccf1df_6.0.19041.1110_none_60b5254171f9507e\COMCTL32.dll
0x00007ff9d8900000 - 0x00007ff9d892b000 	C:\WINDOWS\System32\GDI32.dll
0x00007ff9da1c0000 - 0x00007ff9da25e000 	C:\WINDOWS\System32\msvcrt.dll
0x00007ff9d7b10000 - 0x00007ff9d7c1f000 	C:\WINDOWS\System32\gdi32full.dll
0x00007ff9d80a0000 - 0x00007ff9d813d000 	C:\WINDOWS\System32\msvcp_win.dll
0x00007ff9d95c0000 - 0x00007ff9d95f2000 	C:\WINDOWS\System32\IMM32.DLL
0x00007ff9d37e0000 - 0x00007ff9d37ec000 	C:\Program Files\Pylo\MCreator\jdk\bin\vcruntime140_1.dll
0x00007ff9c5470000 - 0x00007ff9c5501000 	C:\Program Files\Pylo\MCreator\jdk\bin\msvcp140.dll
0x00007ff99c830000 - 0x00007ff99d478000 	C:\Program Files\Pylo\MCreator\jdk\bin\server\jvm.dll
0x00007ff9d9310000 - 0x00007ff9d93be000 	C:\WINDOWS\System32\ADVAPI32.dll
0x00007ff9d8a00000 - 0x00007ff9d8a9c000 	C:\WINDOWS\System32\sechost.dll
0x00007ff9d9780000 - 0x00007ff9d98a5000 	C:\WINDOWS\System32\RPCRT4.dll
0x00007ff9d8b50000 - 0x00007ff9d8b58000 	C:\WINDOWS\System32\PSAPI.DLL
0x00007ff9be910000 - 0x00007ff9be919000 	C:\WINDOWS\SYSTEM32\WSOCK32.dll
0x00007ff9cf430000 - 0x00007ff9cf457000 	C:\WINDOWS\SYSTEM32\WINMM.dll
0x00007ff9d0aa0000 - 0x00007ff9d0aaa000 	C:\WINDOWS\SYSTEM32\VERSION.dll
0x00007ff9d9710000 - 0x00007ff9d977b000 	C:\WINDOWS\System32\WS2_32.dll
0x00007ff9d59a0000 - 0x00007ff9d59b2000 	C:\WINDOWS\SYSTEM32\kernel.appcore.dll
0x00007ff9cb020000 - 0x00007ff9cb02a000 	C:\Program Files\Pylo\MCreator\jdk\bin\jimage.dll
0x00007ff9d13e0000 - 0x00007ff9d15c4000 	C:\WINDOWS\SYSTEM32\DBGHELP.DLL
0x00007ff9ca2e0000 - 0x00007ff9ca315000 	C:\WINDOWS\SYSTEM32\dbgcore.DLL
0x00007ff9d8380000 - 0x00007ff9d8402000 	C:\WINDOWS\System32\bcryptPrimitives.dll
0x00007ff9c67d0000 - 0x00007ff9c67f5000 	C:\Program Files\Pylo\MCreator\jdk\bin\java.dll
0x00007ff9c4bf0000 - 0x00007ff9c4cc6000 	C:\Program Files\Pylo\MCreator\jdk\bin\jsvml.dll
0x00007ff9d98b0000 - 0x00007ff9d9ff5000 	C:\WINDOWS\System32\SHELL32.dll
0x00007ff9d5ba0000 - 0x00007ff9d6332000 	C:\WINDOWS\SYSTEM32\windows.storage.dll
0x00007ff9d8fb0000 - 0x00007ff9d9305000 	C:\WINDOWS\System32\combase.dll
0x00007ff9d74b0000 - 0x00007ff9d74e0000 	C:\WINDOWS\SYSTEM32\Wldp.dll
0x00007ff9d9660000 - 0x00007ff9d970d000 	C:\WINDOWS\System32\SHCORE.dll
0x00007ff9d93c0000 - 0x00007ff9d9415000 	C:\WINDOWS\System32\shlwapi.dll
0x00007ff9d7a00000 - 0x00007ff9d7a1f000 	C:\WINDOWS\SYSTEM32\profapi.dll
0x00007ff9caeb0000 - 0x00007ff9caec9000 	C:\Program Files\Pylo\MCreator\jdk\bin\net.dll
0x00007ff9cff60000 - 0x00007ff9d006c000 	C:\WINDOWS\SYSTEM32\WINHTTP.dll
0x00007ff9d7210000 - 0x00007ff9d727a000 	C:\WINDOWS\system32\mswsock.dll
0x00007ff9c67b0000 - 0x00007ff9c67c5000 	C:\Program Files\Pylo\MCreator\jdk\bin\nio.dll
0x00007ff9c5b50000 - 0x00007ff9c5b68000 	C:\Program Files\Pylo\MCreator\jdk\bin\zip.dll
0x00007ff9c5680000 - 0x00007ff9c5690000 	C:\Program Files\Pylo\MCreator\jdk\bin\verify.dll
0x00007ff9ca7d0000 - 0x00007ff9ca7d9000 	C:\Program Files\Pylo\MCreator\jdk\bin\management.dll
0x00007ff9c9be0000 - 0x00007ff9c9beb000 	C:\Program Files\Pylo\MCreator\jdk\bin\management_ext.dll
0x00007ff9c5a70000 - 0x00007ff9c5a87000 	C:\WINDOWS\system32\napinsp.dll
0x00007ff9c5a50000 - 0x00007ff9c5a6b000 	C:\WINDOWS\system32\pnrpnsp.dll
0x00007ff9c2580000 - 0x00007ff9c2595000 	C:\WINDOWS\system32\wshbth.dll
0x00007ff9d3770000 - 0x00007ff9d378d000 	C:\WINDOWS\system32\NLAapi.dll
0x00007ff9d6f00000 - 0x00007ff9d6f3b000 	C:\WINDOWS\SYSTEM32\IPHLPAPI.DLL
0x00007ff9d6f40000 - 0x00007ff9d700b000 	C:\WINDOWS\SYSTEM32\DNSAPI.dll
0x00007ff9da1b0000 - 0x00007ff9da1b8000 	C:\WINDOWS\System32\NSI.dll
0x00007ff9c5690000 - 0x00007ff9c56a2000 	C:\WINDOWS\System32\winrnr.dll
0x00007ff9bffd0000 - 0x00007ff9bffda000 	C:\Windows\System32\rasadhlp.dll
0x00007ff9bf570000 - 0x00007ff9bf5f0000 	C:\WINDOWS\System32\fwpuclnt.dll
0x00007ff9d8140000 - 0x00007ff9d8167000 	C:\WINDOWS\System32\bcrypt.dll
0x00007ff9d7400000 - 0x00007ff9d7418000 	C:\WINDOWS\SYSTEM32\CRYPTSP.dll
0x00007ff9d6ac0000 - 0x00007ff9d6af4000 	C:\WINDOWS\system32\rsaenh.dll
0x00007ff9d79c0000 - 0x00007ff9d79ee000 	C:\WINDOWS\SYSTEM32\USERENV.dll
0x00007ff9d7420000 - 0x00007ff9d742c000 	C:\WINDOWS\SYSTEM32\CRYPTBASE.dll
0x00007ff9d11f0000 - 0x00007ff9d1207000 	C:\WINDOWS\SYSTEM32\dhcpcsvc6.DLL
0x00007ff9d1f00000 - 0x00007ff9d1f1d000 	C:\WINDOWS\SYSTEM32\dhcpcsvc.DLL
0x00007ff9b18d0000 - 0x00007ff9b1915000 	C:\Users\jbren\AppData\Local\Temp\jna-100925539\jna1409853216436449021.dll
0x00007ff9da260000 - 0x00007ff9da38a000 	C:\WINDOWS\System32\Ole32.dll
0x00007ff9d8aa0000 - 0x00007ff9d8b49000 	C:\WINDOWS\System32\clbcatq.dll
0x00007ff9d8930000 - 0x00007ff9d89fd000 	C:\WINDOWS\System32\OleAut32.dll
0x00007ff9cb300000 - 0x00007ff9cb31f000 	C:\WINDOWS\SYSTEM32\amsi.dll
0x00007ff9cb280000 - 0x00007ff9cb2fb000 	C:\ProgramData\Microsoft\Windows Defender\platform\4.18.2301.6-0\MpOav.dll
0x00007ff9c0bc0000 - 0x00007ff9c0c09000 	C:\WINDOWS\SYSTEM32\Pdh.dll
0x00007ff9d3980000 - 0x00007ff9d398f000 	C:\WINDOWS\System32\perfos.dll
0x00007ff99b3f0000 - 0x00007ff99b465000 	C:\Users\jbren\AppData\Local\Temp\lwjgljbren\3.3.1-build-7\lwjgl.dll
0x00007ff976c70000 - 0x00007ff976ec9000 	C:\Users\jbren\AppData\Local\Temp\lwjgljbren\3.3.1-build-7\jemalloc.dll
0x00007ff99b380000 - 0x00007ff99b3e1000 	C:\Users\jbren\AppData\Local\Temp\lwjgljbren\3.3.1-build-7\glfw.dll
0x00007ff9a6350000 - 0x00007ff9a6395000 	C:\WINDOWS\SYSTEM32\dinput8.dll
0x00007ff9ca730000 - 0x00007ff9ca741000 	C:\WINDOWS\SYSTEM32\xinput1_4.dll
0x00007ff9d7ac0000 - 0x00007ff9d7b0e000 	C:\WINDOWS\System32\cfgmgr32.dll
0x00007ff9d7870000 - 0x00007ff9d789c000 	C:\WINDOWS\SYSTEM32\DEVOBJ.dll
0x00007ff9c7b50000 - 0x00007ff9c7ca2000 	C:\WINDOWS\SYSTEM32\inputhost.dll
0x00007ff9d3a00000 - 0x00007ff9d3b54000 	C:\WINDOWS\SYSTEM32\wintypes.dll
0x00007ff9d50c0000 - 0x00007ff9d51b2000 	C:\WINDOWS\SYSTEM32\CoreMessaging.dll
0x00007ff9d4d60000 - 0x00007ff9d50be000 	C:\WINDOWS\SYSTEM32\CoreUIComponents.dll
0x00007ff9d33a0000 - 0x00007ff9d3496000 	C:\WINDOWS\SYSTEM32\PROPSYS.dll
0x00007ff9d6be0000 - 0x00007ff9d6c13000 	C:\WINDOWS\SYSTEM32\ntmarta.dll
0x00007ff9d56b0000 - 0x00007ff9d56df000 	C:\WINDOWS\SYSTEM32\dwmapi.dll
0x00007ff9d54b0000 - 0x00007ff9d554e000 	C:\WINDOWS\system32\uxtheme.dll
0x00007ff9d9420000 - 0x00007ff9d9535000 	C:\WINDOWS\System32\MSCTF.dll
0x00007ff9a67b0000 - 0x00007ff9a68d5000 	C:\WINDOWS\SYSTEM32\opengl32.dll
0x00007ff9c4ac0000 - 0x00007ff9c4aec000 	C:\WINDOWS\SYSTEM32\GLU32.dll
0x00007ff9b8040000 - 0x00007ff9b806d000 	C:\WINDOWS\System32\DriverStore\FileRepository\u0386826.inf_amd64_721621559d4ff087\B384926\atig6pxx.dll
0x00007ff970230000 - 0x00007ff973ebb000 	C:\WINDOWS\System32\DriverStore\FileRepository\u0386826.inf_amd64_721621559d4ff087\B384926\atio6axx.dll
0x00007ff9d8410000 - 0x00007ff9d8878000 	C:\WINDOWS\System32\SETUPAPI.dll
0x00007ff9d7f30000 - 0x00007ff9d7f99000 	C:\WINDOWS\System32\WINTRUST.dll
0x00007ff9d8220000 - 0x00007ff9d8376000 	C:\WINDOWS\System32\CRYPT32.dll
0x00007ff9d76b0000 - 0x00007ff9d76c2000 	C:\WINDOWS\SYSTEM32\MSASN1.dll

dbghelp: loaded successfully - version: 4.0.5 - missing functions: none
symbol engine: initialized successfully - sym options: 0x614 - pdb path: .;C:\Program Files\Pylo\MCreator\jdk\bin;C:\WINDOWS\SYSTEM32;C:\WINDOWS\WinSxS\amd64_microsoft.windows.common-controls_6595b64144ccf1df_6.0.19041.1110_none_60b5254171f9507e;C:\Program Files\Pylo\MCreator\jdk\bin\server;C:\Users\jbren\AppData\Local\Temp\jna-100925539;C:\ProgramData\Microsoft\Windows Defender\platform\4.18.2301.6-0;C:\Users\jbren\AppData\Local\Temp\lwjgljbren\3.3.1-build-7;C:\WINDOWS\System32\DriverStore\FileRepository\u0386826.inf_amd64_721621559d4ff087\B384926

VM Arguments:
jvm_args: -Dforge.enableGameTest=true -Dforge.logging.console.level=debug -Dforge.logging.markers=REGISTRIES -DignoreList=bootstraplauncher,securejarhandler,asm-commons,asm-util,asm-analysis,asm-tree,asm,JarJarFileSystems,client-extra,fmlcore,javafmllanguage,lowcodelanguage,mclanguage,forge- -Djava.net.preferIPv6Addresses=system -DlegacyClassPath.file=C:\Users\jbren\MCreatorWorkspaces\city_addons\build\classpath\runClient_minecraftClasspath.txt -DmergeModules=jna-5.10.0.jar,jna-platform-5.10.0.jar -Dos.version=10.0 --module-path=C:\Users\jbren\.mcreator\gradle\caches\modules-2\files-2.1\cpw.mods\bootstraplauncher\1.1.2\c546e00443d8432cda6baa1c860346980742628\bootstraplauncher-1.1.2.jar;C:\Users\jbren\.mcreator\gradle\caches\modules-2\files-2.1\cpw.mods\securejarhandler\2.1.4\f47e3b9dd860a7b82154b8f90a650ffd0aaa5582\securejarhandler-2.1.4.jar;C:\Users\jbren\.mcreator\gradle\caches\modules-2\files-2.1\org.ow2.asm\asm-commons\9.3\1f2a432d1212f5c352ae607d7b61dcae20c20af5\asm-commons-9.3.jar;C:\Users\jbren\.mcreator\gradle\caches\modules-2\files-2.1\org.ow2.asm\asm-util\9.3\9595bc05510d0bd4b610188b77333fe4851a1975\asm-util-9.3.jar;C:\Users\jbren\.mcreator\gradle\caches\modules-2\files-2.1\org.ow2.asm\asm-analysis\9.3\4b071f211b37c38e0e9f5998550197c8593f6ad8\asm-analysis-9.3.jar;C:\Users\jbren\.mcreator\gradle\caches\modules-2\files-2.1\org.ow2.asm\asm-tree\9.3\78d2ecd61318b5a58cd04fb237636c0e86b77d97\asm-tree-9.3.jar;C:\Users\jbren\.mcreator\gradle\caches\modules-2\files-2.1\org.ow2.asm\asm\9.3\8e6300ef51c1d801a7ed62d07cd221aca3a90640\asm-9.3.jar;C:\Users\jbren\.mcreator\gradle\caches\modules-2\files-2.1\net.minecraftforge\JarJarFileSystems\0.3.16\e52afbb2599dc7c6f779efea0496d32fc01152e3\JarJarFileSystems-0.3.16.jar --add-modules=ALL-MODULE-PATH --add-opens=java.base/java.util.jar=cpw.mods.securejarhandler --add-opens=java.base/java.lang.invoke=cpw.mods.securejarhandler --add-exports=java.base/sun.security.util=cpw.mods.securejarhandler --add-exports=jdk.naming.dns/com.sun.jndi.dns=java.naming -XX:HeapDumpPath=MojangTricksIntelDriversForPerformance_javaw.exe_minecraft.exe.heapdump -Dos.name=Windows 10 -Dfile.encoding=UTF-8 -Duser.country=US -Duser.language=en -Duser.variant 
java_command: cpw.mods.bootstraplauncher.BootstrapLauncher --launchTarget forgeclientuserdev --version MOD_DEV --assetIndex 1.19 --assetsDir C:\Users\jbren\.mcreator\gradle\caches\forge_gradle\assets --gameDir . --fml.forgeVersion 43.1.7 --fml.mcVersion 1.19.2 --fml.forgeGroup net.minecraftforge --fml.mcpVersion 20220805.130853
java_class_path (initial): C:\Users\jbren\MCreatorWorkspaces\city_addons\build\classes\java\main;C:\Users\jbren\MCreatorWorkspaces\city_addons\build\resources\main;C:\Users\jbren\.mcreator\gradle\caches\forge_gradle\minecraft_user_repo\net\minecraftforge\forge\1.19.2-43.1.7_mapped_official_1.19.2\forge-1.19.2-43.1.7_mapped_official_1.19.2-recomp.jar;C:\Users\jbren\.mcreator\gradle\caches\forge_gradle\minecraft_repo\versions\1.19.2\client-extra.jar;C:\Users\jbren\.mcreator\gradle\caches\modules-2\files-2.1\net.minecraftforge\javafmllanguage\1.19.2-43.1.7\3535e9c3e5218abcecea1496a5c3a5c3207096d8\javafmllanguage-1.19.2-43.1.7.jar;C:\Users\jbren\.mcreator\gradle\caches\modules-2\files-2.1\net.minecraftforge\lowcodelanguage\1.19.2-43.1.7\a34960c25b16742b648accc1f198dde78abb666a\lowcodelanguage-1.19.2-43.1.7.jar;C:\Users\jbren\.mcreator\gradle\caches\modules-2\files-2.1\net.minecraftforge\mclanguage\1.19.2-43.1.7\f1f25884b81fb6dc87bed375e43323e690af297c\mclanguage-1.19.2-43.1.7.jar;C:\Users\jbren\.mcreator\gradle\caches\modules-2\files-2.1\net.minecraftforge\fmlcore\1.19.2-43.1.7\d19281d83514be3dbec3d6d1f1f82a486ce85a4e\fmlcore-1.19.2-43.1.7.jar;C:\Users\jbren\.mcreator\gradle\caches\modules-2\files-2.1\net.minecraftforge\fmlloader\1.19.2-43.1.7\ea7515b196e4a88ba3c30c444f8c69f0294f4972\fmlloader-1.19.2-43.1.7.jar;C:\Users\jbren\.mcreator\gradle\caches\modules-2\files-2.1\net.minecraftforge\JarJarSelector\0.3.16\2a31421fb5e267249da103a644f23afb43d158af\JarJarSelector-0.3.16.jar;C:\Users\jbren\.mcreator\gradle\caches\modules-2\files-2.1\net.minecraftforge\JarJarMetadata\0.3.16\f62c8c898dffc8666f5097a8587ed72095e8e83a\JarJarMetadata-0.3.16.jar;C:\Users\jbren\.mcreator\gradle\caches\modules-2\files-2.1\com.google.guava\guava\31.0.1-jre\119ea2b2bc205b138974d351777b20f02b92704b\guava-31.0.1-jre.jar;C:\Users\jbren\.mcreator\gradle\caches\modules-2\files-2.1\com.google.code.findbugs\jsr305\3.0.2\25ea2e8b0c338a877313bd4672d3fe056ea78f0d\jsr305-3.0.2.jar;C:\Users\jbren\.mcreator\
Launcher Type: SUN_STANDARD

[Global flags]
     intx CICompilerCount                          = 12                                        {product} {ergonomic}
     uint ConcGCThreads                            = 5                                         {product} {ergonomic}
     uint G1ConcRefinementThreads                  = 18                                        {product} {ergonomic}
   size_t G1HeapRegionSize                         = 4194304                                   {product} {ergonomic}
    uintx GCDrainStackTargetSize                   = 64                                        {product} {ergonomic}
    ccstr HeapDumpPath                             = MojangTricksIntelDriversForPerformance_javaw.exe_minecraft.exe.heapdump         {manageable} {command line}
   size_t InitialHeapSize                          = 524288000                                 {product} {ergonomic}
   size_t MarkStackSize                            = 4194304                                   {product} {ergonomic}
   size_t MaxHeapSize                              = 8363442176                                {product} {ergonomic}
   size_t MaxNewSize                               = 5016387584                                {product} {ergonomic}
   size_t MinHeapDeltaBytes                        = 4194304                                   {product} {ergonomic}
   size_t MinHeapSize                              = 8388608                                   {product} {ergonomic}
    uintx NonNMethodCodeHeapSize                   = 7602480                                {pd product} {ergonomic}
    uintx NonProfiledCodeHeapSize                  = 122027880                              {pd product} {ergonomic}
    uintx ProfiledCodeHeapSize                     = 122027880                              {pd product} {ergonomic}
    uintx ReservedCodeCacheSize                    = 251658240                              {pd product} {ergonomic}
     bool SegmentedCodeCache                       = true                                      {product} {ergonomic}
   size_t SoftMaxHeapSize                          = 8363442176                             {manageable} {ergonomic}
     bool UseCompressedClassPointers               = true                           {product lp64_product} {ergonomic}
     bool UseCompressedOops                        = true                           {product lp64_product} {ergonomic}
     bool UseG1GC                                  = true                                      {product} {ergonomic}
     bool UseLargePagesIndividualAllocation        = false                                  {pd product} {ergonomic}

Logging:
Log output configuration:
 #0: stdout all=warning uptime,level,tags
 #1: stderr all=off uptime,level,tags

Environment Variables:
JAVA_HOME=C:\Program Files\Pylo\MCreator\jdk
PATH=C:\Program Files (x86)\Common Files\Oracle\Java\javapath;C:\WINDOWS\system32;C:\WINDOWS;C:\WINDOWS\System32\Wbem;C:\WINDOWS\System32\WindowsPowerShell\v1.0\;C:\WINDOWS\System32\OpenSSH\;C:\Users\jbren\AppData\Local\Microsoft\WindowsApps;;C:\Program Files\Pylo\MCreator\jdk\bin
USERNAME=jbren
OS=Windows_NT
PROCESSOR_IDENTIFIER=AMD64 Family 25 Model 97 Stepping 2, AuthenticAMD



---------------  S Y S T E M  ---------------

OS:
 Windows 10 , 64 bit Build 19041 (10.0.19041.2546)
OS uptime: 1 days 3:42 hours

CPU: total 24 (initial active 24) (24 cores per cpu, 2 threads per core) family 25 model 97 stepping 2 microcode 0x0, cx8, cmov, fxsr, ht, mmx, 3dnowpref, sse, sse2, sse3, ssse3, sse4a, sse4.1, sse4.2, popcnt, lzcnt, tsc, tscinvbit, avx, avx2, aes, erms, clmul, bmi1, bmi2, adx, avx512f, avx512dq, avx512cd, avx512bw, avx512vl, sha, fma, vzeroupper, avx512_vpopcntdq, avx512_vpclmulqdq, avx512_vaes, avx512_vnni, clflush, clflushopt, avx512_vbmi2, avx512_vbmi

Memory: 4k page, system-wide physical 31899M (21847M free)
TotalPageFile size 37019M (AvailPageFile size 25170M)
current process WorkingSet (physical memory assigned to process): 744M, peak: 840M
current process commit charge ("private bytes"): 841M, peak: 929M

vm_info: OpenJDK 64-Bit Server VM (17.0.3+7) for windows-amd64 JRE (17.0.3+7), built on Apr 19 2022 16:55:35 by "" with MS VC++ 16.7 (VS2019)

END.
