#
# A fatal error has been detected by the Java Runtime Environment:
#
#  EXCEPTION_ACCESS_VIOLATION (0xc0000005) at pc=0x00007ff96c8e6200, pid=17552, tid=7784
#
# JRE version: OpenJDK Runtime Environment Temurin-17.0.3+7 (17.0.3+7) (build 17.0.3+7)
# Java VM: OpenJDK 64-Bit Server VM Temurin-17.0.3+7 (17.0.3+7, mixed mode, sharing, tiered, compressed oops, compressed class ptrs, g1 gc, windows-amd64)
# Problematic frame:
# C  [atio6axx.dll+0x196200]
#
# No core dump will be written. Minidumps are not enabled by default on client versions of Windows
#
# If you would like to submit a bug report, please visit:
#   https://github.com/adoptium/adoptium-support/issues
# The crash happened outside the Java Virtual Machine in native code.
# See problematic frame for where to report the bug.
#

---------------  S U M M A R Y ------------

Command Line: -Dforge.enableGameTest=true -Dforge.logging.console.level=debug -Dforge.logging.markers=REGISTRIES -DignoreList=bootstraplauncher,securejarhandler,asm-commons,asm-util,asm-analysis,asm-tree,asm,JarJarFileSystems,client-extra,fmlcore,javafmllanguage,lowcodelanguage,mclanguage,forge- -Djava.net.preferIPv6Addresses=system -DlegacyClassPath.file=C:\Users\jbren\MCreatorWorkspaces\city_addons\build\classpath\runClient_minecraftClasspath.txt -DmergeModules=jna-5.10.0.jar,jna-platform-5.10.0.jar -Dos.version=10.0 --module-path=C:\Users\jbren\.mcreator\gradle\caches\modules-2\files-2.1\cpw.mods\bootstraplauncher\1.1.2\c546e00443d8432cda6baa1c860346980742628\bootstraplauncher-1.1.2.jar;C:\Users\jbren\.mcreator\gradle\caches\modules-2\files-2.1\cpw.mods\securejarhandler\2.1.4\f47e3b9dd860a7b82154b8f90a650ffd0aaa5582\securejarhandler-2.1.4.jar;C:\Users\jbren\.mcreator\gradle\caches\modules-2\files-2.1\org.ow2.asm\asm-commons\9.3\1f2a432d1212f5c352ae607d7b61dcae20c20af5\asm-commons-9.3.jar;C:\Users\jbren\.mcreator\gradle\caches\modules-2\files-2.1\org.ow2.asm\asm-util\9.3\9595bc05510d0bd4b610188b77333fe4851a1975\asm-util-9.3.jar;C:\Users\jbren\.mcreator\gradle\caches\modules-2\files-2.1\org.ow2.asm\asm-analysis\9.3\4b071f211b37c38e0e9f5998550197c8593f6ad8\asm-analysis-9.3.jar;C:\Users\jbren\.mcreator\gradle\caches\modules-2\files-2.1\org.ow2.asm\asm-tree\9.3\78d2ecd61318b5a58cd04fb237636c0e86b77d97\asm-tree-9.3.jar;C:\Users\jbren\.mcreator\gradle\caches\modules-2\files-2.1\org.ow2.asm\asm\9.3\8e6300ef51c1d801a7ed62d07cd221aca3a90640\asm-9.3.jar;C:\Users\jbren\.mcreator\gradle\caches\modules-2\files-2.1\net.minecraftforge\JarJarFileSystems\0.3.16\e52afbb2599dc7c6f779efea0496d32fc01152e3\JarJarFileSystems-0.3.16.jar --add-modules=ALL-MODULE-PATH --add-opens=java.base/java.util.jar=cpw.mods.securejarhandler --add-opens=java.base/java.lang.invoke=cpw.mods.securejarhandler --add-exports=java.base/sun.security.util=cpw.mods.securejarhandler --add-exports=jdk.naming.dns/com.sun.jndi.dns=java.naming -XX:HeapDumpPath=MojangTricksIntelDriversForPerformance_javaw.exe_minecraft.exe.heapdump -Dos.name=Windows 10 -Dfile.encoding=UTF-8 -Duser.country=US -Duser.language=en -Duser.variant cpw.mods.bootstraplauncher.BootstrapLauncher --launchTarget forgeclientuserdev --version MOD_DEV --assetIndex 1.19 --assetsDir C:\Users\jbren\.mcreator\gradle\caches\forge_gradle\assets --gameDir . --fml.forgeVersion 43.1.7 --fml.mcVersion 1.19.2 --fml.forgeGroup net.minecraftforge --fml.mcpVersion 20220805.130853

Host: AMD Ryzen 9 7900X 12-Core Processor            , 24 cores, 31G,  Windows 10 , 64 bit Build 19041 (10.0.19041.2546)
Time: Sat Mar  4 18:26:33 2023 Eastern Standard Time elapsed time: 5.263184 seconds (0d 0h 0m 5s)

---------------  T H R E A D  ---------------

Current thread (0x000001f6f155ffc0):  JavaThread "Render thread" [_thread_in_native, id=7784, stack(0x0000004e29100000,0x0000004e29200000)]

Stack: [0x0000004e29100000,0x0000004e29200000],  sp=0x0000004e291fa888,  free space=1002k
Native frames: (J=compiled Java code, j=interpreted, Vv=VM code, C=native code)
C  [atio6axx.dll+0x196200]

Java frames: (J=compiled Java code, j=interpreted, Vv=VM code)
j  org.lwjgl.system.JNI.invokePPPP(IIJJJJ)J+0 org.lwjgl@3.3.1+7
j  org.lwjgl.glfw.GLFW.nglfwCreateWindow(IIJJJ)J+14 org.lwjgl.glfw@3.3.1+7
j  org.lwjgl.glfw.GLFW.glfwCreateWindow(IILjava/lang/CharSequence;JJ)J+34 org.lwjgl.glfw@3.3.1+7
j  net.minecraftforge.client.loading.NoVizFallback.lambda$fallback$0(Ljava/util/function/IntSupplier;Ljava/util/function/IntSupplier;Ljava/util/function/Supplier;Ljava/util/function/LongSupplier;)J+28 forge@43.1.7
j  net.minecraftforge.client.loading.NoVizFallback$$Lambda$4396+0x0000000801658200.getAsLong()J+16 forge@43.1.7
j  net.minecraftforge.fml.loading.progress.EarlyProgressVisualization$Visualization$$Lambda$4397+0x0000000801656e58.apply(Ljava/lang/Object;)Ljava/lang/Object;+4 fmlloader@1.19.2-43.1.7
J 2777 c2 java.util.Optional.map(Ljava/util/function/Function;)Ljava/util/Optional; java.base@17.0.3 (30 bytes) @ 0x000001f687d8d77c [0x000001f687d8d720+0x000000000000005c]
j  net.minecraftforge.fml.loading.progress.EarlyProgressVisualization$Visualization.handOffWindow(Ljava/util/function/IntSupplier;Ljava/util/function/IntSupplier;Ljava/util/function/Supplier;Ljava/util/function/LongSupplier;)J+48 fmlloader@1.19.2-43.1.7
j  net.minecraftforge.fml.loading.progress.EarlyProgressVisualization.handOffWindow(Ljava/util/function/IntSupplier;Ljava/util/function/IntSupplier;Ljava/util/function/Supplier;Ljava/util/function/LongSupplier;)J+9 fmlloader@1.19.2-43.1.7
j  com.mojang.blaze3d.platform.Window.<init>(Lcom/mojang/blaze3d/platform/WindowEventHandler;Lcom/mojang/blaze3d/platform/ScreenManager;Lcom/mojang/blaze3d/platform/DisplayData;Ljava/lang/String;Ljava/lang/String;)V+279 minecraft@1.19.2
j  net.minecraft.client.renderer.VirtualScreen.newWindow(Lcom/mojang/blaze3d/platform/DisplayData;Ljava/lang/String;Ljava/lang/String;)Lcom/mojang/blaze3d/platform/Window;+15 minecraft@1.19.2
j  net.minecraft.client.Minecraft.<init>(Lnet/minecraft/client/main/GameConfig;)V+723 minecraft@1.19.2
j  net.minecraft.client.main.Main.run([Ljava/lang/String;Z)V+1356 minecraft@1.19.2
j  net.minecraft.client.main.Main.main([Ljava/lang/String;)V+12 minecraft@1.19.2
v  ~StubRoutines::call_stub
j  jdk.internal.reflect.NativeMethodAccessorImpl.invoke0(Ljava/lang/reflect/Method;Ljava/lang/Object;[Ljava/lang/Object;)Ljava/lang/Object;+0 java.base@17.0.3
j  jdk.internal.reflect.NativeMethodAccessorImpl.invoke(Ljava/lang/Object;[Ljava/lang/Object;)Ljava/lang/Object;+133 java.base@17.0.3
j  jdk.internal.reflect.DelegatingMethodAccessorImpl.invoke(Ljava/lang/Object;[Ljava/lang/Object;)Ljava/lang/Object;+6 java.base@17.0.3
j  java.lang.reflect.Method.invoke(Ljava/lang/Object;[Ljava/lang/Object;)Ljava/lang/Object;+59 java.base@17.0.3
j  net.minecraftforge.fml.loading.targets.ForgeClientUserdevLaunchHandler.lambda$launchService$0([Ljava/lang/String;Ljava/lang/ModuleLayer;)V+47 fmlloader@1.19.2-43.1.7
j  net.minecraftforge.fml.loading.targets.ForgeClientUserdevLaunchHandler$$Lambda$868+0x0000000800f9f470.run()V+12 fmlloader@1.19.2-43.1.7
j  cpw.mods.modlauncher.LaunchServiceHandlerDecorator.launch([Ljava/lang/String;Ljava/lang/ModuleLayer;)V+11 cpw.mods.modlauncher@10.0.8
j  cpw.mods.modlauncher.LaunchServiceHandler.launch(Ljava/lang/String;[Ljava/lang/String;Ljava/lang/ModuleLayer;Lcpw/mods/modlauncher/TransformingClassLoader;Lcpw/mods/modlauncher/LaunchPluginHandler;)V+58 cpw.mods.modlauncher@10.0.8
j  cpw.mods.modlauncher.LaunchServiceHandler.launch(Lcpw/mods/modlauncher/ArgumentHandler;Ljava/lang/ModuleLayer;Lcpw/mods/modlauncher/TransformingClassLoader;Lcpw/mods/modlauncher/LaunchPluginHandler;)V+21 cpw.mods.modlauncher@10.0.8
j  cpw.mods.modlauncher.Launcher.run([Ljava/lang/String;)V+310 cpw.mods.modlauncher@10.0.8
j  cpw.mods.modlauncher.Launcher.main([Ljava/lang/String;)V+78 cpw.mods.modlauncher@10.0.8
j  cpw.mods.modlauncher.BootstrapLaunchConsumer.accept([Ljava/lang/String;)V+1 cpw.mods.modlauncher@10.0.8
j  cpw.mods.modlauncher.BootstrapLaunchConsumer.accept(Ljava/lang/Object;)V+5 cpw.mods.modlauncher@10.0.8
j  cpw.mods.bootstraplauncher.BootstrapLauncher.main([Ljava/lang/String;)V+515 cpw.mods.bootstraplauncher@1.1.2
v  ~StubRoutines::call_stub

siginfo: EXCEPTION_ACCESS_VIOLATION (0xc0000005), reading address 0xffffffffffffffff


Register to memory mapping:

RIP=0x00007ff96c8e6200 atio6axx.dll
RAX=0x0 is NULL
RBX=0x00007ff970175cd0 atio6axx.dll
RCX=0x6e6f6d6d6f632e65 is an unknown value
RDX=0x00000000000000d1 is an unknown value
RSP=0x0000004e291fa888 is pointing into the stack for thread: 0x000001f6f155ffc0
RBP=0x0000004e291fa9f0 is pointing into the stack for thread: 0x000001f6f155ffc0
RSI=0x0000004e291fa948 is pointing into the stack for thread: 0x000001f6f155ffc0
RDI=0x0000004e291face0 is pointing into the stack for thread: 0x000001f6f155ffc0
R8 =0x00000000000001a5 is an unknown value
R9 =0x6e6f6d6d6f632e65 is an unknown value
R10=0x0 is NULL
R11=0x0000000000000200 is an unknown value
R12=0x00007ff970175cd0 atio6axx.dll
R13=0x00007ff970175d28 atio6axx.dll
R14=0x00007ff970085180 atio6axx.dll
R15=0x0 is NULL


Registers:
RAX=0x0000000000000000, RBX=0x00007ff970175cd0, RCX=0x6e6f6d6d6f632e65, RDX=0x00000000000000d1
RSP=0x0000004e291fa888, RBP=0x0000004e291fa9f0, RSI=0x0000004e291fa948, RDI=0x0000004e291face0
R8 =0x00000000000001a5, R9 =0x6e6f6d6d6f632e65, R10=0x0000000000000000, R11=0x0000000000000200
R12=0x00007ff970175cd0, R13=0x00007ff970175d28, R14=0x00007ff970085180, R15=0x0000000000000000
RIP=0x00007ff96c8e6200, EFLAGS=0x0000000000010206

Top of Stack: (sp=0x0000004e291fa888)
0x0000004e291fa888:   00007ff96c8e651c 00007ff970178940
0x0000004e291fa898:   000001f6a9eb17a8 0000000000000000
0x0000004e291fa8a8:   00007ff96c8e752d 0000004e291face0
0x0000004e291fa8b8:   00007ff96c8a1a74 00007ff970175cd0
0x0000004e291fa8c8:   0000004e291fa948 0000652e6176616a
0x0000004e291fa8d8:   0000c285b6c788b1 0000004e291face0
0x0000004e291fa8e8:   00007ff96c8a2a35 00007ff970175cd8
0x0000004e291fa8f8:   0000004e291fa948 0000004e291fa948
0x0000004e291fa908:   000001f6ac6fa8ac 0000000000000000
0x0000004e291fa918:   00007ff900000009 000001f6ac6faa5c
0x0000004e291fa928:   000001f6ac6fabb8 00007ff970175cd8
0x0000004e291fa938:   0000004e291face0 0000004e291faa97
0x0000004e291fa948:   00007f006176616a 800000006176616a
0x0000004e291fa958:   00007ff9da40cd94 46676e697274535c
0x0000004e291fa968:   5c6f666e49656c69 3062343039303430
0x0000004e291fa978:   726556656c69465c 000000006e6f6973 

Instructions: (pc=0x00007ff96c8e6200)
0x00007ff96c8e6100:   74 09 33 c9 ff 15 46 73 6b 03 90 48 8b c3 48 83
0x00007ff96c8e6110:   c4 20 5b c3 cc cc cc cc cc cc cc cc cc cc cc cc
0x00007ff96c8e6120:   48 83 ec 28 48 8b 51 08 48 85 d2 74 09 33 c9 ff
0x00007ff96c8e6130:   15 1b 73 6b 03 90 48 83 c4 28 c3 cc cc cc cc cc
0x00007ff96c8e6140:   48 89 11 c3 cc cc cc cc cc cc cc cc cc cc cc cc
0x00007ff96c8e6150:   48 8b c1 c3 cc cc cc cc cc cc cc cc cc cc cc cc
0x00007ff96c8e6160:   48 3b ca 74 10 41 8b 00 39 01 74 09 48 83 c1 04
0x00007ff96c8e6170:   48 3b ca 75 f3 48 8b c1 c3 cc cc cc cc cc cc cc
0x00007ff96c8e6180:   48 8b c1 c3 cc cc cc cc cc cc cc cc cc cc cc cc
0x00007ff96c8e6190:   48 83 39 00 0f 94 c0 c3 cc cc cc cc cc cc cc cc
0x00007ff96c8e61a0:   4c 8d 04 d5 00 00 00 00 33 d2 e9 f1 69 e0 01 cc
0x00007ff96c8e61b0:   4c 8b 41 08 48 8b 02 49 89 00 48 83 41 08 08 c3
0x00007ff96c8e61c0:   48 8b c1 c3 cc cc cc cc cc cc cc cc cc cc cc cc
0x00007ff96c8e61d0:   48 8b c1 c3 cc cc cc cc cc cc cc cc cc cc cc cc
0x00007ff96c8e61e0:   49 8b 00 48 89 02 c3 cc cc cc cc cc cc cc cc cc
0x00007ff96c8e61f0:   8b 81 48 39 00 00 c3 cc cc cc cc cc cc cc cc cc
0x00007ff96c8e6200:   8b 81 48 39 00 00 83 c0 f0 83 f8 68 0f 87 5a 01
0x00007ff96c8e6210:   00 00 48 8d 15 e7 9d e6 ff 0f b6 84 02 90 63 19
0x00007ff96c8e6220:   00 8b 8c 82 70 63 19 00 48 03 ca ff e1 48 8b 0d
0x00007ff96c8e6230:   bc 60 83 03 83 b9 f8 36 00 00 02 0f 87 2b 01 00
0x00007ff96c8e6240:   00 48 8d 91 28 2b 00 00 c7 02 e1 00 00 00 e9 ce
0x00007ff96c8e6250:   00 00 00 48 8b 0d 96 60 83 03 83 b9 f8 36 00 00
0x00007ff96c8e6260:   02 0f 87 05 01 00 00 48 8d 91 28 2b 00 00 c7 02
0x00007ff96c8e6270:   f0 00 00 00 e9 a8 00 00 00 48 8b 0d 70 60 83 03
0x00007ff96c8e6280:   83 b9 f8 36 00 00 02 0f 87 df 00 00 00 48 8d 91
0x00007ff96c8e6290:   28 2b 00 00 c7 02 00 04 00 00 e9 82 00 00 00 48
0x00007ff96c8e62a0:   8b 0d 4a 60 83 03 83 b9 f8 36 00 00 02 0f 87 b9
0x00007ff96c8e62b0:   00 00 00 48 8d 91 28 2b 00 00 c7 02 00 08 00 00
0x00007ff96c8e62c0:   eb 5f 48 8b 0d 27 60 83 03 83 b9 f8 36 00 00 02
0x00007ff96c8e62d0:   0f 87 96 00 00 00 48 8d 91 28 2b 00 00 c7 02 00
0x00007ff96c8e62e0:   09 00 00 eb 3c 48 8b 0d 04 60 83 03 83 b9 f8 36
0x00007ff96c8e62f0:   00 00 02 77 77 48 8d 91 28 2b 00 00 c7 02 3c 0f 


Stack slot to memory mapping:
stack at sp + 0 slots: 0x00007ff96c8e651c atio6axx.dll
stack at sp + 1 slots: 0x00007ff970178940 atio6axx.dll
stack at sp + 2 slots: 0x000001f6a9eb17a8 points into unknown readable memory: 0x00007ff96f97cf60 | 60 cf 97 6f f9 7f 00 00
stack at sp + 3 slots: 0x0 is NULL
stack at sp + 4 slots: 0x00007ff96c8e752d atio6axx.dll
stack at sp + 5 slots: 0x0000004e291face0 is pointing into the stack for thread: 0x000001f6f155ffc0
stack at sp + 6 slots: 0x00007ff96c8a1a74 atio6axx.dll
stack at sp + 7 slots: 0x00007ff970175cd0 atio6axx.dll


---------------  P R O C E S S  ---------------

Threads class SMR info:
_java_thread_list=0x000001f6a9c6c3d0, length=26, elements={
0x000001f6f155ffc0, 0x000001f69ed162f0, 0x000001f69ed16ea0, 0x000001f69ed27580,
0x000001f69ed47f40, 0x000001f69ed4a900, 0x000001f69ed4c2c0, 0x000001f69ed56a30,
0x000001f69ed5a110, 0x000001f69ed5ab00, 0x000001f69edecf90, 0x000001f6fcfe8a50,
0x000001f69ee9de70, 0x000001f69ee9ec50, 0x000001f69ee9f210, 0x000001f69efaeb20,
0x000001f6a03cd620, 0x000001f6a0471490, 0x000001f6a04719a0, 0x000001f6a0470f80,
0x000001f6a0471eb0, 0x000001f6a40a9b90, 0x000001f6a30b4020, 0x000001f6a1b9d2f0,
0x000001f6ab09de80, 0x000001f6a866c920
}

Java Threads: ( => current thread )
=>0x000001f6f155ffc0 JavaThread "Render thread" [_thread_in_native, id=7784, stack(0x0000004e29100000,0x0000004e29200000)]
  0x000001f69ed162f0 JavaThread "Reference Handler" daemon [_thread_blocked, id=1252, stack(0x0000004e29800000,0x0000004e29900000)]
  0x000001f69ed16ea0 JavaThread "Finalizer" daemon [_thread_blocked, id=12244, stack(0x0000004e29900000,0x0000004e29a00000)]
  0x000001f69ed27580 JavaThread "Signal Dispatcher" daemon [_thread_blocked, id=1028, stack(0x0000004e29a00000,0x0000004e29b00000)]
  0x000001f69ed47f40 JavaThread "Attach Listener" daemon [_thread_blocked, id=6824, stack(0x0000004e29b00000,0x0000004e29c00000)]
  0x000001f69ed4a900 JavaThread "Service Thread" daemon [_thread_blocked, id=2936, stack(0x0000004e29c00000,0x0000004e29d00000)]
  0x000001f69ed4c2c0 JavaThread "Monitor Deflation Thread" daemon [_thread_blocked, id=8924, stack(0x0000004e29d00000,0x0000004e29e00000)]
  0x000001f69ed56a30 JavaThread "C2 CompilerThread0" daemon [_thread_blocked, id=6832, stack(0x0000004e29e00000,0x0000004e29f00000)]
  0x000001f69ed5a110 JavaThread "C1 CompilerThread0" daemon [_thread_blocked, id=15880, stack(0x0000004e29f00000,0x0000004e2a000000)]
  0x000001f69ed5ab00 JavaThread "Sweeper thread" daemon [_thread_blocked, id=5924, stack(0x0000004e2a000000,0x0000004e2a100000)]
  0x000001f69edecf90 JavaThread "C1 CompilerThread1" daemon [_thread_blocked, id=4768, stack(0x0000004e2a100000,0x0000004e2a200000)]
  0x000001f6fcfe8a50 JavaThread "Common-Cleaner" daemon [_thread_blocked, id=9244, stack(0x0000004e2a200000,0x0000004e2a300000)]
  0x000001f69ee9de70 JavaThread "C1 CompilerThread2" daemon [_thread_blocked, id=16008, stack(0x0000004e2a300000,0x0000004e2a400000)]
  0x000001f69ee9ec50 JavaThread "C2 CompilerThread1" daemon [_thread_blocked, id=5252, stack(0x0000004e2a400000,0x0000004e2a500000)]
  0x000001f69ee9f210 JavaThread "C2 CompilerThread2" daemon [_thread_blocked, id=16228, stack(0x0000004e2a500000,0x0000004e2a600000)]
  0x000001f69efaeb20 JavaThread "Notification Thread" daemon [_thread_blocked, id=6668, stack(0x0000004e2a600000,0x0000004e2a700000)]
  0x000001f6a03cd620 JavaThread "C1 CompilerThread3" daemon [_thread_blocked, id=6364, stack(0x0000004e2a800000,0x0000004e2a900000)]
  0x000001f6a0471490 JavaThread "C2 CompilerThread3" daemon [_thread_blocked, id=12648, stack(0x0000004e2b400000,0x0000004e2b500000)]
  0x000001f6a04719a0 JavaThread "C2 CompilerThread4" daemon [_thread_blocked, id=9288, stack(0x0000004e2b500000,0x0000004e2b600000)]
  0x000001f6a0470f80 JavaThread "C2 CompilerThread5" daemon [_thread_blocked, id=8560, stack(0x0000004e2b600000,0x0000004e2b700000)]
  0x000001f6a0471eb0 JavaThread "C2 CompilerThread6" daemon [_thread_blocked, id=2040, stack(0x0000004e2b700000,0x0000004e2b800000)]
  0x000001f6a40a9b90 JavaThread "Thread-0" daemon [_thread_blocked, id=15832, stack(0x0000004e2b900000,0x0000004e2ba00000)]
  0x000001f6a30b4020 JavaThread "FileSystemWatchService" daemon [_thread_in_native, id=14104, stack(0x0000004e2ba00000,0x0000004e2bb00000)]
  0x000001f6a1b9d2f0 JavaThread "pool-2-thread-1" daemon [_thread_blocked, id=6176, stack(0x0000004e2c300000,0x0000004e2c400000)]
  0x000001f6ab09de80 JavaThread "C2 CompilerThread7" daemon [_thread_blocked, id=2012, stack(0x0000004e2c900000,0x0000004e2ca00000)]
  0x000001f6a866c920 JavaThread "Timer hack thread" daemon [_thread_blocked, id=14344, stack(0x0000004e2b800000,0x0000004e2b900000)]

Other Threads:
  0x000001f69ed0cb80 VMThread "VM Thread" [stack: 0x0000004e29700000,0x0000004e29800000] [id=17040]
  0x000001f6fce3ec10 WatcherThread [stack: 0x0000004e2a700000,0x0000004e2a800000] [id=14356]
  0x000001f6f160deb0 GCTaskThread "GC Thread#0" [stack: 0x0000004e29200000,0x0000004e29300000] [id=11992]
  0x000001f6a02e9290 GCTaskThread "GC Thread#1" [stack: 0x0000004e2a900000,0x0000004e2aa00000] [id=2076]
  0x000001f6a02e9540 GCTaskThread "GC Thread#2" [stack: 0x0000004e2aa00000,0x0000004e2ab00000] [id=4052]
  0x000001f6a02e97f0 GCTaskThread "GC Thread#3" [stack: 0x0000004e2ab00000,0x0000004e2ac00000] [id=18876]
  0x000001f6a03ceb50 GCTaskThread "GC Thread#4" [stack: 0x0000004e2ac00000,0x0000004e2ad00000] [id=14240]
  0x000001f6a03cee00 GCTaskThread "GC Thread#5" [stack: 0x0000004e2ad00000,0x0000004e2ae00000] [id=1968]
  0x000001f6a03cf0b0 GCTaskThread "GC Thread#6" [stack: 0x0000004e2ae00000,0x0000004e2af00000] [id=6460]
  0x000001f6a01844d0 GCTaskThread "GC Thread#7" [stack: 0x0000004e2af00000,0x0000004e2b000000] [id=16636]
  0x000001f6a01873b0 GCTaskThread "GC Thread#8" [stack: 0x0000004e2b000000,0x0000004e2b100000] [id=6380]
  0x000001f6a0187660 GCTaskThread "GC Thread#9" [stack: 0x0000004e2b100000,0x0000004e2b200000] [id=17364]
  0x000001f6a0187910 GCTaskThread "GC Thread#10" [stack: 0x0000004e2b200000,0x0000004e2b300000] [id=3608]
  0x000001f6a0187bc0 GCTaskThread "GC Thread#11" [stack: 0x0000004e2b300000,0x0000004e2b400000] [id=17384]
  0x000001f6a338b5d0 GCTaskThread "GC Thread#12" [stack: 0x0000004e2bb00000,0x0000004e2bc00000] [id=9668]
  0x000001f6a338b070 GCTaskThread "GC Thread#13" [stack: 0x0000004e2bc00000,0x0000004e2bd00000] [id=12068]
  0x000001f6a338b320 GCTaskThread "GC Thread#14" [stack: 0x0000004e2bd00000,0x0000004e2be00000] [id=12920]
  0x000001f6a338a050 GCTaskThread "GC Thread#15" [stack: 0x0000004e2be00000,0x0000004e2bf00000] [id=9000]
  0x000001f6a1507550 GCTaskThread "GC Thread#16" [stack: 0x0000004e2c400000,0x0000004e2c500000] [id=15128]
  0x000001f6a1506a90 GCTaskThread "GC Thread#17" [stack: 0x0000004e2c500000,0x0000004e2c600000] [id=4720]
  0x000001f6f157ea70 ConcurrentGCThread "G1 Main Marker" [stack: 0x0000004e29300000,0x0000004e29400000] [id=16736]
  0x000001f6f161ec50 ConcurrentGCThread "G1 Conc#0" [stack: 0x0000004e29400000,0x0000004e29500000] [id=6504]
  0x000001f6a3389af0 ConcurrentGCThread "G1 Conc#1" [stack: 0x0000004e2bf00000,0x0000004e2c000000] [id=15868]
  0x000001f6a3389da0 ConcurrentGCThread "G1 Conc#2" [stack: 0x0000004e2c000000,0x0000004e2c100000] [id=4040]
  0x000001f6a1506530 ConcurrentGCThread "G1 Conc#3" [stack: 0x0000004e2c100000,0x0000004e2c200000] [id=15248]
  0x000001f6a1505fd0 ConcurrentGCThread "G1 Conc#4" [stack: 0x0000004e2c200000,0x0000004e2c300000] [id=352]
  0x000001f6fcf33390 ConcurrentGCThread "G1 Refine#0" [stack: 0x0000004e29500000,0x0000004e29600000] [id=19384]
  0x000001f6fcf33c50 ConcurrentGCThread "G1 Service" [stack: 0x0000004e29600000,0x0000004e29700000] [id=18148]

Threads with active compile tasks:

VM state: not at safepoint (normal execution)

VM Mutex/Monitor currently owned by a thread: None

Heap address: 0x000000060d800000, size: 7976 MB, Compressed Oops mode: Zero based, Oop shift amount: 3

CDS archive(s) mapped at: [0x0000000800000000-0x0000000800bc0000-0x0000000800bc0000), size 12320768, SharedBaseAddress: 0x0000000800000000, ArchiveRelocationMode: 0.
Compressed class space mapped at: 0x0000000800c00000-0x0000000840c00000, reserved size: 1073741824
Narrow klass base: 0x0000000800000000, Narrow klass shift: 0, Narrow klass range: 0x100000000

GC Precious Log:
 CPUs: 24 total, 24 available
 Memory: 31899M
 Large Page Support: Disabled
 NUMA Support: Disabled
 Compressed Oops: Enabled (Zero based)
 Heap Region Size: 4M
 Heap Min Capacity: 8M
 Heap Initial Capacity: 500M
 Heap Max Capacity: 7976M
 Pre-touch: Disabled
 Parallel Workers: 18
 Concurrent Workers: 5
 Concurrent Refinement Workers: 18
 Periodic GC: Disabled

Heap:
 garbage-first heap   total 548864K, used 265581K [0x000000060d800000, 0x0000000800000000)
  region size 4096K, 39 young (159744K), 10 survivors (40960K)
 Metaspace       used 65731K, committed 66880K, reserved 1105920K
  class space    used 9944K, committed 10432K, reserved 1048576K

Heap Regions: E=young(eden), S=young(survivor), O=old, HS=humongous(starts), HC=humongous(continues), CS=collection set, F=free, OA=open archive, CA=closed archive, TAMS=top-at-mark-start (previous, next)
|   0|0x000000060d800000, 0x000000060dc00000, 0x000000060dc00000|100%| O|  |TAMS 0x000000060dc00000, 0x000000060d800000| Untracked 
|   1|0x000000060dc00000, 0x000000060e000000, 0x000000060e000000|100%| O|  |TAMS 0x000000060e000000, 0x000000060dc00000| Untracked 
|   2|0x000000060e000000, 0x000000060e400000, 0x000000060e400000|100%| O|  |TAMS 0x000000060e400000, 0x000000060e000000| Untracked 
|   3|0x000000060e400000, 0x000000060e800000, 0x000000060e800000|100%| O|  |TAMS 0x000000060e800000, 0x000000060e400000| Untracked 
|   4|0x000000060e800000, 0x000000060ec00000, 0x000000060ec00000|100%| O|  |TAMS 0x000000060ec00000, 0x000000060e800000| Untracked 
|   5|0x000000060ec00000, 0x000000060f000000, 0x000000060f000000|100%| O|  |TAMS 0x000000060f000000, 0x000000060ec00000| Untracked 
|   6|0x000000060f000000, 0x000000060f400000, 0x000000060f400000|100%| O|  |TAMS 0x000000060f400000, 0x000000060f000000| Untracked 
|   7|0x000000060f400000, 0x000000060f800000, 0x000000060f800000|100%| O|  |TAMS 0x000000060f800000, 0x000000060f400000| Untracked 
|   8|0x000000060f800000, 0x000000060fc00000, 0x000000060fc00000|100%| O|  |TAMS 0x000000060fc00000, 0x000000060f800000| Untracked 
|   9|0x000000060fc00000, 0x0000000610000000, 0x0000000610000000|100%| O|  |TAMS 0x0000000610000000, 0x000000060fc00000| Untracked 
|  10|0x0000000610000000, 0x0000000610400000, 0x0000000610400000|100%| O|  |TAMS 0x0000000610400000, 0x0000000610000000| Untracked 
|  11|0x0000000610400000, 0x0000000610800000, 0x0000000610800000|100%| O|  |TAMS 0x0000000610800000, 0x0000000610400000| Untracked 
|  12|0x0000000610800000, 0x0000000610c00000, 0x0000000610c00000|100%| O|  |TAMS 0x0000000610c00000, 0x0000000610800000| Untracked 
|  13|0x0000000610c00000, 0x0000000611000000, 0x0000000611000000|100%| O|  |TAMS 0x0000000611000000, 0x0000000610c00000| Untracked 
|  14|0x0000000611000000, 0x0000000611400000, 0x0000000611400000|100%| O|  |TAMS 0x0000000611400000, 0x0000000611000000| Untracked 
|  15|0x0000000611400000, 0x0000000611800000, 0x0000000611800000|100%|HS|  |TAMS 0x0000000611800000, 0x0000000611400000| Complete 
|  16|0x0000000611800000, 0x0000000611c00000, 0x0000000611c00000|100%|HC|  |TAMS 0x0000000611c00000, 0x0000000611800000| Complete 
|  17|0x0000000611c00000, 0x0000000612000000, 0x0000000612000000|100%|HC|  |TAMS 0x0000000612000000, 0x0000000611c00000| Complete 
|  18|0x0000000612000000, 0x0000000612400000, 0x0000000612400000|100%| O|  |TAMS 0x0000000612400000, 0x0000000612000000| Untracked 
|  19|0x0000000612400000, 0x0000000612800000, 0x0000000612800000|100%| O|  |TAMS 0x0000000612800000, 0x0000000612400000| Untracked 
|  20|0x0000000612800000, 0x0000000612c00000, 0x0000000612c00000|100%| O|  |TAMS 0x0000000612c00000, 0x0000000612800000| Untracked 
|  21|0x0000000612c00000, 0x0000000613000000, 0x0000000613000000|100%| O|  |TAMS 0x0000000613000000, 0x0000000612c00000| Untracked 
|  22|0x0000000613000000, 0x0000000613400000, 0x0000000613400000|100%| O|  |TAMS 0x0000000613400000, 0x0000000613000000| Untracked 
|  23|0x0000000613400000, 0x0000000613800000, 0x0000000613800000|100%| O|  |TAMS 0x0000000613800000, 0x0000000613400000| Untracked 
|  24|0x0000000613800000, 0x0000000613c00000, 0x0000000613c00000|100%| O|  |TAMS 0x0000000613c00000, 0x0000000613800000| Untracked 
|  25|0x0000000613c00000, 0x0000000614000000, 0x0000000614000000|100%| O|  |TAMS 0x0000000614000000, 0x0000000613c00000| Untracked 
|  26|0x0000000614000000, 0x0000000614400000, 0x0000000614400000|100%| O|  |TAMS 0x0000000614400000, 0x0000000614000000| Untracked 
|  27|0x0000000614400000, 0x000000061459ae00, 0x0000000614800000| 40%| O|  |TAMS 0x000000061459ae00, 0x0000000614400000| Complete 
|  28|0x0000000614800000, 0x0000000614800000, 0x0000000614c00000|  0%| F|  |TAMS 0x0000000614800000, 0x0000000614800000| Untracked 
|  29|0x0000000614c00000, 0x0000000614c00000, 0x0000000615000000|  0%| F|  |TAMS 0x0000000614c00000, 0x0000000614c00000| Untracked 
|  30|0x0000000615000000, 0x0000000615000000, 0x0000000615400000|  0%| F|  |TAMS 0x0000000615000000, 0x0000000615000000| Untracked 
|  31|0x0000000615400000, 0x0000000615400000, 0x0000000615800000|  0%| F|  |TAMS 0x0000000615400000, 0x0000000615400000| Untracked 
|  32|0x0000000615800000, 0x0000000615800000, 0x0000000615c00000|  0%| F|  |TAMS 0x0000000615800000, 0x0000000615800000| Untracked 
|  33|0x0000000615c00000, 0x0000000615c00000, 0x0000000616000000|  0%| F|  |TAMS 0x0000000615c00000, 0x0000000615c00000| Untracked 
|  34|0x0000000616000000, 0x0000000616000000, 0x0000000616400000|  0%| F|  |TAMS 0x0000000616000000, 0x0000000616000000| Untracked 
|  35|0x0000000616400000, 0x0000000616400000, 0x0000000616800000|  0%| F|  |TAMS 0x0000000616400000, 0x0000000616400000| Untracked 
|  36|0x0000000616800000, 0x0000000616800000, 0x0000000616c00000|  0%| F|  |TAMS 0x0000000616800000, 0x0000000616800000| Untracked 
|  37|0x0000000616c00000, 0x0000000616c00000, 0x0000000617000000|  0%| F|  |TAMS 0x0000000616c00000, 0x0000000616c00000| Untracked 
|  38|0x0000000617000000, 0x0000000617000000, 0x0000000617400000|  0%| F|  |TAMS 0x0000000617000000, 0x0000000617000000| Untracked 
|  39|0x0000000617400000, 0x0000000617400000, 0x0000000617800000|  0%| F|  |TAMS 0x0000000617400000, 0x0000000617400000| Untracked 
|  40|0x0000000617800000, 0x0000000617800000, 0x0000000617c00000|  0%| F|  |TAMS 0x0000000617800000, 0x0000000617800000| Untracked 
|  41|0x0000000617c00000, 0x0000000617c00000, 0x0000000618000000|  0%| F|  |TAMS 0x0000000617c00000, 0x0000000617c00000| Untracked 
|  42|0x0000000618000000, 0x0000000618000000, 0x0000000618400000|  0%| F|  |TAMS 0x0000000618000000, 0x0000000618000000| Untracked 
|  43|0x0000000618400000, 0x0000000618400000, 0x0000000618800000|  0%| F|  |TAMS 0x0000000618400000, 0x0000000618400000| Untracked 
|  44|0x0000000618800000, 0x0000000618800000, 0x0000000618c00000|  0%| F|  |TAMS 0x0000000618800000, 0x0000000618800000| Untracked 
|  45|0x0000000618c00000, 0x0000000618c00000, 0x0000000619000000|  0%| F|  |TAMS 0x0000000618c00000, 0x0000000618c00000| Untracked 
|  46|0x0000000619000000, 0x0000000619000000, 0x0000000619400000|  0%| F|  |TAMS 0x0000000619000000, 0x0000000619000000| Untracked 
|  47|0x0000000619400000, 0x0000000619400000, 0x0000000619800000|  0%| F|  |TAMS 0x0000000619400000, 0x0000000619400000| Untracked 
|  48|0x0000000619800000, 0x0000000619800000, 0x0000000619c00000|  0%| F|  |TAMS 0x0000000619800000, 0x0000000619800000| Untracked 
|  49|0x0000000619c00000, 0x0000000619c00000, 0x000000061a000000|  0%| F|  |TAMS 0x0000000619c00000, 0x0000000619c00000| Untracked 
|  50|0x000000061a000000, 0x000000061a000000, 0x000000061a400000|  0%| F|  |TAMS 0x000000061a000000, 0x000000061a000000| Untracked 
|  51|0x000000061a400000, 0x000000061a400000, 0x000000061a800000|  0%| F|  |TAMS 0x000000061a400000, 0x000000061a400000| Untracked 
|  52|0x000000061a800000, 0x000000061a800000, 0x000000061ac00000|  0%| F|  |TAMS 0x000000061a800000, 0x000000061a800000| Untracked 
|  53|0x000000061ac00000, 0x000000061ac00000, 0x000000061b000000|  0%| F|  |TAMS 0x000000061ac00000, 0x000000061ac00000| Untracked 
|  54|0x000000061b000000, 0x000000061b000000, 0x000000061b400000|  0%| F|  |TAMS 0x000000061b000000, 0x000000061b000000| Untracked 
|  55|0x000000061b400000, 0x000000061b400000, 0x000000061b800000|  0%| F|  |TAMS 0x000000061b400000, 0x000000061b400000| Untracked 
|  56|0x000000061b800000, 0x000000061b800000, 0x000000061bc00000|  0%| F|  |TAMS 0x000000061b800000, 0x000000061b800000| Untracked 
|  57|0x000000061bc00000, 0x000000061bc00000, 0x000000061c000000|  0%| F|  |TAMS 0x000000061bc00000, 0x000000061bc00000| Untracked 
|  58|0x000000061c000000, 0x000000061c000000, 0x000000061c400000|  0%| F|  |TAMS 0x000000061c000000, 0x000000061c000000| Untracked 
|  59|0x000000061c400000, 0x000000061c400000, 0x000000061c800000|  0%| F|  |TAMS 0x000000061c400000, 0x000000061c400000| Untracked 
|  60|0x000000061c800000, 0x000000061c800000, 0x000000061cc00000|  0%| F|  |TAMS 0x000000061c800000, 0x000000061c800000| Untracked 
|  61|0x000000061cc00000, 0x000000061cc00000, 0x000000061d000000|  0%| F|  |TAMS 0x000000061cc00000, 0x000000061cc00000| Untracked 
|  62|0x000000061d000000, 0x000000061d000000, 0x000000061d400000|  0%| F|  |TAMS 0x000000061d000000, 0x000000061d000000| Untracked 
|  63|0x000000061d400000, 0x000000061d400000, 0x000000061d800000|  0%| F|  |TAMS 0x000000061d400000, 0x000000061d400000| Untracked 
|  64|0x000000061d800000, 0x000000061d800000, 0x000000061dc00000|  0%| F|  |TAMS 0x000000061d800000, 0x000000061d800000| Untracked 
|  65|0x000000061dc00000, 0x000000061dc00000, 0x000000061e000000|  0%| F|  |TAMS 0x000000061dc00000, 0x000000061dc00000| Untracked 
|  66|0x000000061e000000, 0x000000061e000000, 0x000000061e400000|  0%| F|  |TAMS 0x000000061e000000, 0x000000061e000000| Untracked 
|  67|0x000000061e400000, 0x000000061e400000, 0x000000061e800000|  0%| F|  |TAMS 0x000000061e400000, 0x000000061e400000| Untracked 
|  68|0x000000061e800000, 0x000000061e800000, 0x000000061ec00000|  0%| F|  |TAMS 0x000000061e800000, 0x000000061e800000| Untracked 
|  69|0x000000061ec00000, 0x000000061ec00000, 0x000000061f000000|  0%| F|  |TAMS 0x000000061ec00000, 0x000000061ec00000| Untracked 
|  70|0x000000061f000000, 0x000000061f000000, 0x000000061f400000|  0%| F|  |TAMS 0x000000061f000000, 0x000000061f000000| Untracked 
|  71|0x000000061f400000, 0x000000061f400000, 0x000000061f800000|  0%| F|  |TAMS 0x000000061f400000, 0x000000061f400000| Untracked 
|  72|0x000000061f800000, 0x000000061f800000, 0x000000061fc00000|  0%| F|  |TAMS 0x000000061f800000, 0x000000061f800000| Untracked 
|  73|0x000000061fc00000, 0x000000061fc00000, 0x0000000620000000|  0%| F|  |TAMS 0x000000061fc00000, 0x000000061fc00000| Untracked 
|  74|0x0000000620000000, 0x0000000620000000, 0x0000000620400000|  0%| F|  |TAMS 0x0000000620000000, 0x0000000620000000| Untracked 
|  75|0x0000000620400000, 0x0000000620400000, 0x0000000620800000|  0%| F|  |TAMS 0x0000000620400000, 0x0000000620400000| Untracked 
|  76|0x0000000620800000, 0x0000000620800000, 0x0000000620c00000|  0%| F|  |TAMS 0x0000000620800000, 0x0000000620800000| Untracked 
|  77|0x0000000620c00000, 0x0000000620c00000, 0x0000000621000000|  0%| F|  |TAMS 0x0000000620c00000, 0x0000000620c00000| Untracked 
|  78|0x0000000621000000, 0x0000000621000000, 0x0000000621400000|  0%| F|  |TAMS 0x0000000621000000, 0x0000000621000000| Untracked 
|  79|0x0000000621400000, 0x0000000621400000, 0x0000000621800000|  0%| F|  |TAMS 0x0000000621400000, 0x0000000621400000| Untracked 
|  80|0x0000000621800000, 0x0000000621800000, 0x0000000621c00000|  0%| F|  |TAMS 0x0000000621800000, 0x0000000621800000| Untracked 
|  81|0x0000000621c00000, 0x0000000621c00000, 0x0000000622000000|  0%| F|  |TAMS 0x0000000621c00000, 0x0000000621c00000| Untracked 
|  82|0x0000000622000000, 0x0000000622000000, 0x0000000622400000|  0%| F|  |TAMS 0x0000000622000000, 0x0000000622000000| Untracked 
|  83|0x0000000622400000, 0x00000006225c0800, 0x0000000622800000| 43%| S|CS|TAMS 0x0000000622400000, 0x0000000622400000| Complete 
|  84|0x0000000622800000, 0x0000000622c00000, 0x0000000622c00000|100%| S|CS|TAMS 0x0000000622800000, 0x0000000622800000| Complete 
|  85|0x0000000622c00000, 0x0000000623000000, 0x0000000623000000|100%| S|CS|TAMS 0x0000000622c00000, 0x0000000622c00000| Complete 
|  86|0x0000000623000000, 0x0000000623400000, 0x0000000623400000|100%| S|CS|TAMS 0x0000000623000000, 0x0000000623000000| Complete 
|  87|0x0000000623400000, 0x0000000623800000, 0x0000000623800000|100%| S|CS|TAMS 0x0000000623400000, 0x0000000623400000| Complete 
|  88|0x0000000623800000, 0x0000000623c00000, 0x0000000623c00000|100%| S|CS|TAMS 0x0000000623800000, 0x0000000623800000| Complete 
|  89|0x0000000623c00000, 0x0000000624000000, 0x0000000624000000|100%| S|CS|TAMS 0x0000000623c00000, 0x0000000623c00000| Complete 
|  90|0x0000000624000000, 0x0000000624400000, 0x0000000624400000|100%| S|CS|TAMS 0x0000000624000000, 0x0000000624000000| Complete 
|  91|0x0000000624400000, 0x0000000624800000, 0x0000000624800000|100%| S|CS|TAMS 0x0000000624400000, 0x0000000624400000| Complete 
|  92|0x0000000624800000, 0x0000000624c00000, 0x0000000624c00000|100%| S|CS|TAMS 0x0000000624800000, 0x0000000624800000| Complete 
|  93|0x0000000624c00000, 0x0000000624c00000, 0x0000000625000000|  0%| F|  |TAMS 0x0000000624c00000, 0x0000000624c00000| Untracked 
|  94|0x0000000625000000, 0x0000000625000000, 0x0000000625400000|  0%| F|  |TAMS 0x0000000625000000, 0x0000000625000000| Untracked 
|  95|0x0000000625400000, 0x0000000625400000, 0x0000000625800000|  0%| F|  |TAMS 0x0000000625400000, 0x0000000625400000| Untracked 
|  96|0x0000000625800000, 0x0000000625800000, 0x0000000625c00000|  0%| F|  |TAMS 0x0000000625800000, 0x0000000625800000| Untracked 
|  97|0x0000000625c00000, 0x0000000625c00000, 0x0000000626000000|  0%| F|  |TAMS 0x0000000625c00000, 0x0000000625c00000| Untracked 
|  98|0x0000000626000000, 0x0000000626000000, 0x0000000626400000|  0%| F|  |TAMS 0x0000000626000000, 0x0000000626000000| Untracked 
|  99|0x0000000626400000, 0x0000000626400000, 0x0000000626800000|  0%| F|  |TAMS 0x0000000626400000, 0x0000000626400000| Untracked 
| 100|0x0000000626800000, 0x0000000626800000, 0x0000000626c00000|  0%| F|  |TAMS 0x0000000626800000, 0x0000000626800000| Untracked 
| 101|0x0000000626c00000, 0x0000000626c00000, 0x0000000627000000|  0%| F|  |TAMS 0x0000000626c00000, 0x0000000626c00000| Untracked 
| 102|0x0000000627000000, 0x0000000627000000, 0x0000000627400000|  0%| F|  |TAMS 0x0000000627000000, 0x0000000627000000| Untracked 
| 103|0x0000000627400000, 0x0000000627400000, 0x0000000627800000|  0%| F|  |TAMS 0x0000000627400000, 0x0000000627400000| Untracked 
| 104|0x0000000627800000, 0x0000000627800000, 0x0000000627c00000|  0%| F|  |TAMS 0x0000000627800000, 0x0000000627800000| Untracked 
| 105|0x0000000627c00000, 0x0000000627dc9e30, 0x0000000628000000| 44%| E|  |TAMS 0x0000000627c00000, 0x0000000627c00000| Complete 
| 106|0x0000000628000000, 0x0000000628400000, 0x0000000628400000|100%| E|CS|TAMS 0x0000000628000000, 0x0000000628000000| Complete 
| 107|0x0000000628400000, 0x0000000628800000, 0x0000000628800000|100%| E|CS|TAMS 0x0000000628400000, 0x0000000628400000| Complete 
| 108|0x0000000628800000, 0x0000000628c00000, 0x0000000628c00000|100%| E|CS|TAMS 0x0000000628800000, 0x0000000628800000| Complete 
| 109|0x0000000628c00000, 0x0000000629000000, 0x0000000629000000|100%| E|CS|TAMS 0x0000000628c00000, 0x0000000628c00000| Complete 
| 110|0x0000000629000000, 0x0000000629400000, 0x0000000629400000|100%| E|CS|TAMS 0x0000000629000000, 0x0000000629000000| Complete 
| 111|0x0000000629400000, 0x0000000629800000, 0x0000000629800000|100%| E|CS|TAMS 0x0000000629400000, 0x0000000629400000| Complete 
| 112|0x0000000629800000, 0x0000000629c00000, 0x0000000629c00000|100%| E|CS|TAMS 0x0000000629800000, 0x0000000629800000| Complete 
| 113|0x0000000629c00000, 0x000000062a000000, 0x000000062a000000|100%| E|CS|TAMS 0x0000000629c00000, 0x0000000629c00000| Complete 
| 114|0x000000062a000000, 0x000000062a400000, 0x000000062a400000|100%| E|CS|TAMS 0x000000062a000000, 0x000000062a000000| Complete 
| 115|0x000000062a400000, 0x000000062a800000, 0x000000062a800000|100%| E|CS|TAMS 0x000000062a400000, 0x000000062a400000| Complete 
| 116|0x000000062a800000, 0x000000062ac00000, 0x000000062ac00000|100%| E|CS|TAMS 0x000000062a800000, 0x000000062a800000| Complete 
| 117|0x000000062ac00000, 0x000000062b000000, 0x000000062b000000|100%| E|CS|TAMS 0x000000062ac00000, 0x000000062ac00000| Complete 
| 118|0x000000062b000000, 0x000000062b400000, 0x000000062b400000|100%| E|CS|TAMS 0x000000062b000000, 0x000000062b000000| Complete 
| 119|0x000000062b400000, 0x000000062b800000, 0x000000062b800000|100%| E|CS|TAMS 0x000000062b400000, 0x000000062b400000| Complete 
| 120|0x000000062b800000, 0x000000062bc00000, 0x000000062bc00000|100%| E|CS|TAMS 0x000000062b800000, 0x000000062b800000| Complete 
| 121|0x000000062bc00000, 0x000000062c000000, 0x000000062c000000|100%| E|CS|TAMS 0x000000062bc00000, 0x000000062bc00000| Complete 
| 122|0x000000062c000000, 0x000000062c400000, 0x000000062c400000|100%| E|CS|TAMS 0x000000062c000000, 0x000000062c000000| Complete 
| 123|0x000000062c400000, 0x000000062c800000, 0x000000062c800000|100%| E|CS|TAMS 0x000000062c400000, 0x000000062c400000| Complete 
| 124|0x000000062c800000, 0x000000062cc00000, 0x000000062cc00000|100%| E|CS|TAMS 0x000000062c800000, 0x000000062c800000| Complete 
| 125|0x000000062cc00000, 0x000000062d000000, 0x000000062d000000|100%| E|CS|TAMS 0x000000062cc00000, 0x000000062cc00000| Complete 
| 126|0x000000062d000000, 0x000000062d400000, 0x000000062d400000|100%| E|CS|TAMS 0x000000062d000000, 0x000000062d000000| Complete 
| 127|0x000000062d400000, 0x000000062d800000, 0x000000062d800000|100%| E|CS|TAMS 0x000000062d400000, 0x000000062d400000| Complete 
| 128|0x000000062d800000, 0x000000062dc00000, 0x000000062dc00000|100%| E|CS|TAMS 0x000000062d800000, 0x000000062d800000| Complete 
| 129|0x000000062dc00000, 0x000000062e000000, 0x000000062e000000|100%| E|CS|TAMS 0x000000062dc00000, 0x000000062dc00000| Complete 
| 130|0x000000062e000000, 0x000000062e400000, 0x000000062e400000|100%| E|CS|TAMS 0x000000062e000000, 0x000000062e000000| Complete 
| 131|0x000000062e400000, 0x000000062e800000, 0x000000062e800000|100%| E|CS|TAMS 0x000000062e400000, 0x000000062e400000| Complete 
| 161|0x0000000635c00000, 0x0000000636000000, 0x0000000636000000|100%| E|CS|TAMS 0x0000000635c00000, 0x0000000635c00000| Complete 
| 162|0x0000000636000000, 0x0000000636400000, 0x0000000636400000|100%| E|CS|TAMS 0x0000000636000000, 0x0000000636000000| Complete 

Card table byte_map: [0x000001f6fadb0000,0x000001f6fbd50000] _byte_map_base: 0x000001f6f7d44000

Marking Bits (Prev, Next): (CMBitMap*) 0x000001f6f160e3a0, (CMBitMap*) 0x000001f6f160e360
 Prev Bits: [0x000001f696ca0000, 0x000001f69e940000)
 Next Bits: [0x000001f68f000000, 0x000001f696ca0000)

Polling page: 0x000001f6ef4d0000

Metaspace:

Usage:
  Non-class:     54.48 MB used.
      Class:      9.71 MB used.
       Both:     64.19 MB used.

Virtual space:
  Non-class space:       56.00 MB reserved,      55.12 MB ( 98%) committed,  7 nodes.
      Class space:        1.00 GB reserved,      10.19 MB ( <1%) committed,  1 nodes.
             Both:        1.05 GB reserved,      65.31 MB (  6%) committed. 

Chunk freelists:
   Non-Class:  250.00 KB
       Class:  1.64 MB
        Both:  1.88 MB

MaxMetaspaceSize: unlimited
CompressedClassSpaceSize: 1.00 GB
Initial GC threshold: 21.00 MB
Current GC threshold: 99.31 MB
CDS: on
MetaspaceReclaimPolicy: balanced
 - commit_granule_bytes: 65536.
 - commit_granule_words: 8192.
 - virtual_space_node_default_size: 1048576.
 - enlarge_chunks_in_place: 1.
 - new_chunks_are_fully_committed: 0.
 - uncommit_free_chunks: 1.
 - use_allocation_guard: 0.
 - handle_deallocations: 1.


Internal statistics:

num_allocs_failed_limit: 12.
num_arena_births: 1720.
num_arena_deaths: 0.
num_vsnodes_births: 8.
num_vsnodes_deaths: 0.
num_space_committed: 1042.
num_space_uncommitted: 0.
num_chunks_returned_to_freelist: 12.
num_chunks_taken_from_freelist: 4414.
num_chunk_merges: 12.
num_chunk_splits: 2865.
num_chunks_enlarged: 1960.
num_purges: 0.
num_inconsistent_stats: 0.

CodeHeap 'non-profiled nmethods': size=119168Kb used=7712Kb max_used=7712Kb free=111455Kb
 bounds [0x000001f687ba0000, 0x000001f688330000, 0x000001f68f000000]
CodeHeap 'profiled nmethods': size=119104Kb used=13315Kb max_used=13760Kb free=105788Kb
 bounds [0x000001f680750000, 0x000001f6814d0000, 0x000001f687ba0000]
CodeHeap 'non-nmethods': size=7488Kb used=3653Kb max_used=3719Kb free=3834Kb
 bounds [0x000001f680000000, 0x000001f6803b0000, 0x000001f680750000]
 total_blobs=9480 nmethods=8005 adapters=1384
 compilation: enabled
              stopped_count=0, restarted_count=0
 full_count=0

Compilation events (20 events):
Event: 5.053 Thread 0x000001f69edecf90 nmethod 10204 0x000001f688315890 code [0x000001f688315a20, 0x000001f688315af8]
Event: 5.053 Thread 0x000001f69edecf90 10205       3       jdk.internal.loader.NativeLibraries$NativeLibraryImpl::find (6 bytes)
Event: 5.053 Thread 0x000001f69edecf90 nmethod 10205 0x000001f680969a10 code [0x000001f680969ba0, 0x000001f680969cc8]
Event: 5.055 Thread 0x000001f6a0471490 10207       4       java.net.URL::equals (27 bytes)
Event: 5.056 Thread 0x000001f6a0471490 nmethod 10207 0x000001f688315f90 code [0x000001f688316120, 0x000001f6883163e8]
Event: 5.062 Thread 0x000001f6a0471eb0 nmethod 9929 0x000001f688316610 code [0x000001f688316c20, 0x000001f688322578]
Event: 5.062 Thread 0x000001f69edecf90 10208       3       java.util.concurrent.ConcurrentHashMap::isEmpty (15 bytes)
Event: 5.063 Thread 0x000001f69edecf90 nmethod 10208 0x000001f680969610 code [0x000001f6809697c0, 0x000001f680969968]
Event: 5.069 Thread 0x000001f69edecf90 10213       3       org.lwjgl.system.CustomBuffer::address (19 bytes)
Event: 5.069 Thread 0x000001f69ee9de70 10212       3       sun.misc.Unsafe::getInt (9 bytes)
Event: 5.069 Thread 0x000001f6a03cd620 10214       3       org.lwjgl.system.StructBuffer::sizeof (8 bytes)
Event: 5.069 Thread 0x000001f69ed5a110 10215       3       org.lwjgl.glfw.GLFWVidMode$Buffer::getElementFactory (5 bytes)
Event: 5.069 Thread 0x000001f69ee9de70 nmethod 10212 0x000001f680969290 code [0x000001f680969420, 0x000001f680969538]
Event: 5.069 Thread 0x000001f69edecf90 nmethod 10213 0x000001f680968d90 code [0x000001f680968f40, 0x000001f6809691a8]
Event: 5.069 Thread 0x000001f69ed5a110 nmethod 10215 0x000001f680968990 code [0x000001f680968b20, 0x000001f680968c98]
Event: 5.069 Thread 0x000001f6a03cd620 nmethod 10214 0x000001f680968410 code [0x000001f6809685c0, 0x000001f680968818]
Event: 5.069 Thread 0x000001f69edecf90 10216       3       org.lwjgl.glfw.GLFWVidMode$Buffer::getElementFactory (4 bytes)
Event: 5.069 Thread 0x000001f69ee9de70 10217       3       org.lwjgl.glfw.GLFWVidMode::sizeof (4 bytes)
Event: 5.069 Thread 0x000001f69edecf90 nmethod 10216 0x000001f680968090 code [0x000001f680968220, 0x000001f680968338]
Event: 5.069 Thread 0x000001f69ee9de70 nmethod 10217 0x000001f680967d10 code [0x000001f680967ea0, 0x000001f680967fb8]

GC Heap History (20 events):
Event: 2.236 GC heap before
{Heap before GC invocations=9 (full 0):
 garbage-first heap   total 245760K, used 186867K [0x000000060d800000, 0x0000000800000000)
  region size 4096K, 30 young (122880K), 1 survivors (4096K)
 Metaspace       used 27063K, committed 27904K, reserved 1073152K
  class space    used 3337K, committed 3712K, reserved 1048576K
}
Event: 2.237 GC heap after
{Heap after GC invocations=10 (full 0):
 garbage-first heap   total 245760K, used 67560K [0x000000060d800000, 0x0000000800000000)
  region size 4096K, 1 young (4096K), 1 survivors (4096K)
 Metaspace       used 27063K, committed 27904K, reserved 1073152K
  class space    used 3337K, committed 3712K, reserved 1048576K
}
Event: 2.309 GC heap before
{Heap before GC invocations=10 (full 0):
 garbage-first heap   total 245760K, used 190440K [0x000000060d800000, 0x0000000800000000)
  region size 4096K, 31 young (126976K), 1 survivors (4096K)
 Metaspace       used 27292K, committed 28160K, reserved 1073152K
  class space    used 3367K, committed 3776K, reserved 1048576K
}
Event: 2.310 GC heap after
{Heap after GC invocations=11 (full 0):
 garbage-first heap   total 245760K, used 68138K [0x000000060d800000, 0x0000000800000000)
  region size 4096K, 1 young (4096K), 1 survivors (4096K)
 Metaspace       used 27292K, committed 28160K, reserved 1073152K
  class space    used 3367K, committed 3776K, reserved 1048576K
}
Event: 2.460 GC heap before
{Heap before GC invocations=11 (full 0):
 garbage-first heap   total 245760K, used 195114K [0x000000060d800000, 0x0000000800000000)
  region size 4096K, 32 young (131072K), 1 survivors (4096K)
 Metaspace       used 29206K, committed 30016K, reserved 1081344K
  class space    used 3644K, committed 4032K, reserved 1048576K
}
Event: 2.462 GC heap after
{Heap after GC invocations=12 (full 0):
 garbage-first heap   total 245760K, used 69979K [0x000000060d800000, 0x0000000800000000)
  region size 4096K, 2 young (8192K), 2 survivors (8192K)
 Metaspace       used 29206K, committed 30016K, reserved 1081344K
  class space    used 3644K, committed 4032K, reserved 1048576K
}
Event: 2.612 GC heap before
{Heap before GC invocations=12 (full 0):
 garbage-first heap   total 245760K, used 209243K [0x000000060d800000, 0x0000000800000000)
  region size 4096K, 33 young (135168K), 2 survivors (8192K)
 Metaspace       used 31198K, committed 32064K, reserved 1081344K
  class space    used 3903K, committed 4288K, reserved 1048576K
}
Event: 2.614 GC heap after
{Heap after GC invocations=13 (full 0):
 garbage-first heap   total 294912K, used 85123K [0x000000060d800000, 0x0000000800000000)
  region size 4096K, 2 young (8192K), 2 survivors (8192K)
 Metaspace       used 31198K, committed 32064K, reserved 1081344K
  class space    used 3903K, committed 4288K, reserved 1048576K
}
Event: 3.076 GC heap before
{Heap before GC invocations=13 (full 0):
 garbage-first heap   total 294912K, used 208003K [0x000000060d800000, 0x0000000800000000)
  region size 4096K, 33 young (135168K), 2 survivors (8192K)
 Metaspace       used 35253K, committed 36160K, reserved 1081344K
  class space    used 4372K, committed 4800K, reserved 1048576K
}
Event: 3.079 GC heap after
{Heap after GC invocations=14 (full 0):
 garbage-first heap   total 294912K, used 87409K [0x000000060d800000, 0x0000000800000000)
  region size 4096K, 3 young (12288K), 3 survivors (12288K)
 Metaspace       used 35253K, committed 36160K, reserved 1081344K
  class space    used 4372K, committed 4800K, reserved 1048576K
}
Event: 3.415 GC heap before
{Heap before GC invocations=15 (full 0):
 garbage-first heap   total 294912K, used 243057K [0x000000060d800000, 0x0000000800000000)
  region size 4096K, 41 young (167936K), 3 survivors (12288K)
 Metaspace       used 41148K, committed 42112K, reserved 1089536K
  class space    used 5434K, committed 5888K, reserved 1048576K
}
Event: 3.422 GC heap after
{Heap after GC invocations=16 (full 0):
 garbage-first heap   total 294912K, used 97664K [0x000000060d800000, 0x0000000800000000)
  region size 4096K, 5 young (20480K), 5 survivors (20480K)
 Metaspace       used 41148K, committed 42112K, reserved 1089536K
  class space    used 5434K, committed 5888K, reserved 1048576K
}
Event: 3.426 GC heap before
{Heap before GC invocations=16 (full 0):
 garbage-first heap   total 294912K, used 101760K [0x000000060d800000, 0x0000000800000000)
  region size 4096K, 6 young (24576K), 5 survivors (20480K)
 Metaspace       used 41180K, committed 42176K, reserved 1089536K
  class space    used 5436K, committed 5888K, reserved 1048576K
}
Event: 3.432 GC heap after
{Heap after GC invocations=17 (full 0):
 garbage-first heap   total 294912K, used 100112K [0x000000060d800000, 0x0000000800000000)
  region size 4096K, 1 young (4096K), 1 survivors (4096K)
 Metaspace       used 41180K, committed 42176K, reserved 1089536K
  class space    used 5436K, committed 5888K, reserved 1048576K
}
Event: 3.562 GC heap before
{Heap before GC invocations=17 (full 0):
 garbage-first heap   total 294912K, used 239376K [0x000000060d800000, 0x0000000800000000)
  region size 4096K, 35 young (143360K), 1 survivors (4096K)
 Metaspace       used 41932K, committed 42880K, reserved 1089536K
  class space    used 5559K, committed 6016K, reserved 1048576K
}
Event: 3.567 GC heap after
{Heap after GC invocations=18 (full 0):
 garbage-first heap   total 294912K, used 112457K [0x000000060d800000, 0x0000000800000000)
  region size 4096K, 4 young (16384K), 4 survivors (16384K)
 Metaspace       used 41932K, committed 42880K, reserved 1089536K
  class space    used 5559K, committed 6016K, reserved 1048576K
}
Event: 3.699 GC heap before
{Heap before GC invocations=18 (full 0):
 garbage-first heap   total 294912K, used 231241K [0x000000060d800000, 0x0000000800000000)
  region size 4096K, 33 young (135168K), 4 survivors (16384K)
 Metaspace       used 43117K, committed 44096K, reserved 1089536K
  class space    used 5757K, committed 6208K, reserved 1048576K
}
Event: 3.706 GC heap after
{Heap after GC invocations=19 (full 0):
 garbage-first heap   total 667648K, used 124165K [0x000000060d800000, 0x0000000800000000)
  region size 4096K, 3 young (12288K), 3 survivors (12288K)
 Metaspace       used 43117K, committed 44096K, reserved 1089536K
  class space    used 5757K, committed 6208K, reserved 1048576K
}
Event: 4.610 GC heap before
{Heap before GC invocations=19 (full 0):
 garbage-first heap   total 667648K, used 406789K [0x000000060d800000, 0x0000000800000000)
  region size 4096K, 73 young (299008K), 3 survivors (12288K)
 Metaspace       used 59524K, committed 60608K, reserved 1105920K
  class space    used 8950K, committed 9408K, reserved 1048576K
}
Event: 4.616 GC heap after
{Heap after GC invocations=20 (full 0):
 garbage-first heap   total 667648K, used 150893K [0x000000060d800000, 0x0000000800000000)
  region size 4096K, 10 young (40960K), 10 survivors (40960K)
 Metaspace       used 59524K, committed 60608K, reserved 1105920K
  class space    used 8950K, committed 9408K, reserved 1048576K
}

Deoptimization events (20 events):
Event: 5.045 Thread 0x000001f6f155ffc0 Uncommon trap: trap_request=0xffffffde fr.pc=0x000001f68809f234 relative=0x0000000000000274
Event: 5.045 Thread 0x000001f6f155ffc0 Uncommon trap: reason=class_check action=maybe_recompile pc=0x000001f68809f234 method=java.util.regex.Matcher.match(II)Z @ 121 c2
Event: 5.045 Thread 0x000001f6f155ffc0 DEOPT PACKING pc=0x000001f68809f234 sp=0x0000004e291fc980
Event: 5.045 Thread 0x000001f6f155ffc0 DEOPT UNPACKING pc=0x000001f680055c23 sp=0x0000004e291fc8f8 mode 2
Event: 5.045 Thread 0x000001f6f155ffc0 Uncommon trap: trap_request=0xffffffde fr.pc=0x000001f68809f234 relative=0x0000000000000274
Event: 5.045 Thread 0x000001f6f155ffc0 Uncommon trap: reason=class_check action=maybe_recompile pc=0x000001f68809f234 method=java.util.regex.Matcher.match(II)Z @ 121 c2
Event: 5.045 Thread 0x000001f6f155ffc0 DEOPT PACKING pc=0x000001f68809f234 sp=0x0000004e291fc980
Event: 5.045 Thread 0x000001f6f155ffc0 DEOPT UNPACKING pc=0x000001f680055c23 sp=0x0000004e291fc8f8 mode 2
Event: 5.045 Thread 0x000001f6f155ffc0 Uncommon trap: trap_request=0xffffffde fr.pc=0x000001f68809f234 relative=0x0000000000000274
Event: 5.045 Thread 0x000001f6f155ffc0 Uncommon trap: reason=class_check action=maybe_recompile pc=0x000001f68809f234 method=java.util.regex.Matcher.match(II)Z @ 121 c2
Event: 5.045 Thread 0x000001f6f155ffc0 DEOPT PACKING pc=0x000001f68809f234 sp=0x0000004e291fc980
Event: 5.045 Thread 0x000001f6f155ffc0 DEOPT UNPACKING pc=0x000001f680055c23 sp=0x0000004e291fc8f8 mode 2
Event: 5.046 Thread 0x000001f6f155ffc0 Uncommon trap: trap_request=0xffffff45 fr.pc=0x000001f6882c7e70 relative=0x0000000000000290
Event: 5.046 Thread 0x000001f6f155ffc0 Uncommon trap: reason=unstable_if action=reinterpret pc=0x000001f6882c7e70 method=com.google.gson.stream.JsonReader.doPeek()I @ 315 c2
Event: 5.046 Thread 0x000001f6f155ffc0 DEOPT PACKING pc=0x000001f6882c7e70 sp=0x0000004e291fdee0
Event: 5.046 Thread 0x000001f6f155ffc0 DEOPT UNPACKING pc=0x000001f680055c23 sp=0x0000004e291fde68 mode 2
Event: 5.046 Thread 0x000001f6f155ffc0 Uncommon trap: trap_request=0xffffff45 fr.pc=0x000001f6882c7440 relative=0x00000000000000a0
Event: 5.046 Thread 0x000001f6f155ffc0 Uncommon trap: reason=unstable_if action=reinterpret pc=0x000001f6882c7440 method=com.google.gson.stream.JsonReader.peek()Lcom/google/gson/stream/JsonToken; @ 15 c2
Event: 5.046 Thread 0x000001f6f155ffc0 DEOPT PACKING pc=0x000001f6882c7440 sp=0x0000004e291fdf20
Event: 5.046 Thread 0x000001f6f155ffc0 DEOPT UNPACKING pc=0x000001f680055c23 sp=0x0000004e291fdeb8 mode 2

Classes unloaded (0 events):
No events

Classes redefined (0 events):
No events

Internal exceptions (20 events):
Event: 4.920 Thread 0x000001f6f155ffc0 Exception <a 'java/lang/NoSuchMethodError'{0x0000000629f728d8}: 'int java.lang.invoke.Invokers$Holder.invokeExact_MT(java.lang.Object, java.lang.Object)'> (0x0000000629f728d8) 
thrown [e:\jenkins\tmp\workspace\build\src\src\hotspot\share\interpreter\linkResolver.cpp, line 766]
Event: 4.920 Thread 0x000001f6f155ffc0 Exception <a 'sun/nio/fs/WindowsException'{0x0000000629fccda0}> (0x0000000629fccda0) 
thrown [e:\jenkins\tmp\workspace\build\src\src\hotspot\share\prims\jni.cpp, line 516]
Event: 4.920 Thread 0x000001f6f155ffc0 Exception <a 'sun/nio/fs/WindowsException'{0x0000000629fcd068}> (0x0000000629fcd068) 
thrown [e:\jenkins\tmp\workspace\build\src\src\hotspot\share\prims\jni.cpp, line 516]
Event: 4.920 Thread 0x000001f6f155ffc0 Exception <a 'sun/nio/fs/WindowsException'{0x0000000629fcdfc0}> (0x0000000629fcdfc0) 
thrown [e:\jenkins\tmp\workspace\build\src\src\hotspot\share\prims\jni.cpp, line 516]
Event: 4.922 Thread 0x000001f6f155ffc0 Exception <a 'sun/nio/fs/WindowsException'{0x0000000629888de0}> (0x0000000629888de0) 
thrown [e:\jenkins\tmp\workspace\build\src\src\hotspot\share\prims\jni.cpp, line 516]
Event: 4.923 Thread 0x000001f6f155ffc0 Exception <a 'sun/nio/fs/WindowsException'{0x000000062988bb60}> (0x000000062988bb60) 
thrown [e:\jenkins\tmp\workspace\build\src\src\hotspot\share\prims\jni.cpp, line 516]
Event: 4.923 Thread 0x000001f6f155ffc0 Exception <a 'sun/nio/fs/WindowsException'{0x000000062988bec0}> (0x000000062988bec0) 
thrown [e:\jenkins\tmp\workspace\build\src\src\hotspot\share\prims\jni.cpp, line 516]
Event: 4.927 Thread 0x000001f6f155ffc0 Exception <a 'java/lang/NoSuchMethodError'{0x0000000629916f18}: 'java.lang.Object java.lang.invoke.DirectMethodHandle$Holder.invokeInterface(java.lang.Object, java.lang.Object, double)'> (0x0000000629916f18) 
thrown [e:\jenkins\tmp\workspace\build\src\src\hotspot\share\interpreter\linkResolver.cpp, line 766]
Event: 4.927 Thread 0x000001f6f155ffc0 Exception <a 'java/lang/NoSuchMethodError'{0x000000062991d760}: 'double java.lang.invoke.DirectMethodHandle$Holder.invokeInterface(java.lang.Object, java.lang.Object, java.lang.Object)'> (0x000000062991d760) 
thrown [e:\jenkins\tmp\workspace\build\src\src\hotspot\share\interpreter\linkResolver.cpp, line 766]
Event: 4.980 Thread 0x000001f6f155ffc0 Exception <a 'java/lang/NoSuchMethodError'{0x0000000628c06c08}: 'java.lang.Object java.lang.invoke.DirectMethodHandle$Holder.newInvokeSpecial(java.lang.Object, java.lang.Object, java.lang.Object, java.lang.Object, java.lang.Object, java.lang.Object, java.lang.Object, java.lang.Object, java.lang.Object, java.lang.Object)'> (0x0000000628c06c08) 
thrown [e:\jenkins\tmp\workspace\build\src\src\hotspot\share\interpreter\linkResolver.cpp, line 766]
Event: 4.980 Thread 0x000001f6f155ffc0 Exception <a 'java/lang/NoSuchMethodError'{0x0000000628c0b1d0}: 'java.lang.Object java.lang.invoke.Invokers$Holder.linkToTargetMethod(java.lang.Object, java.lang.Object, java.lang.Object, java.lang.Object, java.lang.Object, java.lang.Object, java.lang.Object, java.lang.Object, java.lang.Object, java.lang.Object)'> (0x0000000628c0b1d0) 
thrown [e:\jenkins\tmp\workspace\build\src\src\hotspot\share\interpreter\linkResolver.cpp, line 766]
Event: 5.010 Thread 0x000001f6f155ffc0 Exception <a 'java/lang/NoSuchMethodError'{0x0000000628957870}: 'java.lang.Object java.lang.invoke.Invokers$Holder.linkToTargetMethod(java.lang.Object, java.lang.Object, java.lang.Object, java.lang.Object, java.lang.Object, java.lang.Object, java.lang.Object, java.lang.Object, java.lang.Object)'> (0x0000000628957870) 
thrown [e:\jenkins\tmp\workspace\build\src\src\hotspot\share\interpreter\linkResolver.cpp, line 766]
Event: 5.037 Thread 0x000001f6f155ffc0 Exception <a 'java/lang/NoSuchMethodError'{0x0000000628615a00}: 'java.lang.Object java.lang.invoke.DirectMethodHandle$Holder.invokeSpecial(java.lang.Object, java.lang.Object, java.lang.Object, java.lang.Object, java.lang.Object, int, java.lang.Object)'> (0x0000000628615a00) 
thrown [e:\jenkins\tmp\workspace\build\src\src\hotspot\share\interpreter\linkResolver.cpp, line 766]
Event: 5.037 Thread 0x000001f6f155ffc0 Exception <a 'java/lang/NoSuchMethodError'{0x000000062861e088}: 'java.lang.Object java.lang.invoke.DirectMethodHandle$Holder.invokeSpecial(java.lang.Object, java.lang.Object, java.lang.Object, java.lang.Object, java.lang.Object, java.lang.Object, int)'> (0x000000062861e088) 
thrown [e:\jenkins\tmp\workspace\build\src\src\hotspot\share\interpreter\linkResolver.cpp, line 766]
Event: 5.037 Thread 0x000001f6f155ffc0 Exception <a 'java/lang/NoSuchMethodError'{0x0000000628621968}: 'java.lang.Object java.lang.invoke.Invokers$Holder.linkToTargetMethod(java.lang.Object, java.lang.Object, java.lang.Object, java.lang.Object, int, java.lang.Object)'> (0x0000000628621968) 
thrown [e:\jenkins\tmp\workspace\build\src\src\hotspot\share\interpreter\linkResolver.cpp, line 766]
Event: 5.044 Thread 0x000001f6f155ffc0 Implicit null exception at 0x000001f6881883fa to 0x000001f688188db9
Event: 5.063 Thread 0x000001f6f155ffc0 Exception <a 'java/lang/NoSuchMethodError'{0x000000062839e048}: 'long java.lang.invoke.DirectMethodHandle$Holder.invokeInterface(java.lang.Object, java.lang.Object)'> (0x000000062839e048) 
thrown [e:\jenkins\tmp\workspace\build\src\src\hotspot\share\interpreter\linkResolver.cpp, line 766]
Event: 5.064 Thread 0x000001f6f155ffc0 Exception <a 'java/lang/NoSuchMethodError'{0x0000000627c081a0}: 'java.lang.Object java.lang.invoke.DirectMethodHandle$Holder.newInvokeSpecial(java.lang.Object, long)'> (0x0000000627c081a0) 
thrown [e:\jenkins\tmp\workspace\build\src\src\hotspot\share\interpreter\linkResolver.cpp, line 766]
Event: 5.070 Thread 0x000001f6f155ffc0 Exception <a 'java/lang/NoSuchMethodError'{0x0000000627cbf608}: 'void java.lang.invoke.DirectMethodHandle$Holder.invokeSpecial(java.lang.Object, java.lang.Object, int, long)'> (0x0000000627cbf608) 
thrown [e:\jenkins\tmp\workspace\build\src\src\hotspot\share\interpreter\linkResolver.cpp, line 766]
Event: 5.070 Thread 0x000001f6f155ffc0 Exception <a 'java/lang/NoSuchMethodError'{0x0000000627cc5580}: 'void java.lang.invoke.DirectMethodHandle$Holder.invokeStatic(java.lang.Object, int, long)'> (0x0000000627cc5580) 
thrown [e:\jenkins\tmp\workspace\build\src\src\hotspot\share\interpreter\linkResolver.cpp, line 766]

VM Operations (20 events):
Event: 4.452 Executing VM operation: ICBufferFull
Event: 4.452 Executing VM operation: ICBufferFull done
Event: 4.452 Executing VM operation: ICBufferFull
Event: 4.452 Executing VM operation: ICBufferFull done
Event: 4.453 Executing VM operation: ICBufferFull
Event: 4.453 Executing VM operation: ICBufferFull done
Event: 4.605 Executing VM operation: ICBufferFull
Event: 4.606 Executing VM operation: ICBufferFull done
Event: 4.609 Executing VM operation: CollectForMetadataAllocation
Event: 4.616 Executing VM operation: CollectForMetadataAllocation done
Event: 4.632 Executing VM operation: CollectForMetadataAllocation
Event: 4.632 Executing VM operation: CollectForMetadataAllocation done
Event: 4.634 Executing VM operation: G1Concurrent
Event: 4.635 Executing VM operation: G1Concurrent done
Event: 4.641 Executing VM operation: G1Concurrent
Event: 4.642 Executing VM operation: G1Concurrent done
Event: 5.028 Executing VM operation: ICBufferFull
Event: 5.028 Executing VM operation: ICBufferFull done
Event: 5.037 Executing VM operation: HandshakeAllThreads
Event: 5.037 Executing VM operation: HandshakeAllThreads done

Events (20 events):
Event: 4.751 loading class java/nio/DirectFloatBufferU
Event: 4.751 loading class java/nio/DirectFloatBufferU done
Event: 4.751 loading class java/nio/DirectDoubleBufferU
Event: 4.751 loading class java/nio/DirectDoubleBufferU done
Event: 4.757 loading class java/nio/InvalidMarkException
Event: 4.757 loading class java/nio/InvalidMarkException done
Event: 4.757 loading class java/nio/BufferUnderflowException
Event: 4.757 loading class java/nio/BufferUnderflowException done
Event: 4.809 loading class java/util/function/IntSupplier
Event: 4.809 loading class java/util/function/IntSupplier done
Event: 4.841 loading class java/io/CharArrayWriter
Event: 4.841 loading class java/io/CharArrayWriter done
Event: 4.920 loading class java/lang/invoke/DirectMethodHandle$StaticAccessor
Event: 4.920 loading class java/lang/invoke/DirectMethodHandle$StaticAccessor done
Event: 4.926 loading class java/util/function/DoubleFunction
Event: 4.926 loading class java/util/function/DoubleFunction done
Event: 5.048 loading class java/util/EnumMap$Values
Event: 5.048 loading class java/util/EnumMap$Values done
Event: 5.048 loading class java/util/EnumMap$ValueIterator
Event: 5.048 loading class java/util/EnumMap$ValueIterator done


Dynamic libraries:
0x00007ff6da990000 - 0x00007ff6da99e000 	C:\Program Files\Pylo\MCreator\jdk\bin\java.exe
0x00007ff9da3d0000 - 0x00007ff9da5c8000 	C:\WINDOWS\SYSTEM32\ntdll.dll
0x00007ff9d8bf0000 - 0x00007ff9d8caf000 	C:\WINDOWS\System32\KERNEL32.DLL
0x00007ff9d7c20000 - 0x00007ff9d7ef2000 	C:\WINDOWS\System32\KERNELBASE.dll
0x00007ff9d7fa0000 - 0x00007ff9d80a0000 	C:\WINDOWS\System32\ucrtbase.dll
0x00007ff9ca6e0000 - 0x00007ff9ca6f8000 	C:\Program Files\Pylo\MCreator\jdk\bin\jli.dll
0x00007ff9ca4a0000 - 0x00007ff9ca4b9000 	C:\Program Files\Pylo\MCreator\jdk\bin\VCRUNTIME140.dll
0x00007ff9d8df0000 - 0x00007ff9d8f91000 	C:\WINDOWS\System32\USER32.dll
0x00007ff9d7f00000 - 0x00007ff9d7f22000 	C:\WINDOWS\System32\win32u.dll
0x00007ff9c5710000 - 0x00007ff9c59aa000 	C:\WINDOWS\WinSxS\amd64_microsoft.windows.common-controls_6595b64144ccf1df_6.0.19041.1110_none_60b5254171f9507e\COMCTL32.dll
0x00007ff9d8900000 - 0x00007ff9d892b000 	C:\WINDOWS\System32\GDI32.dll
0x00007ff9da1c0000 - 0x00007ff9da25e000 	C:\WINDOWS\System32\msvcrt.dll
0x00007ff9d7b10000 - 0x00007ff9d7c1f000 	C:\WINDOWS\System32\gdi32full.dll
0x00007ff9d80a0000 - 0x00007ff9d813d000 	C:\WINDOWS\System32\msvcp_win.dll
0x00007ff9d95c0000 - 0x00007ff9d95f2000 	C:\WINDOWS\System32\IMM32.DLL
0x00007ff9d3990000 - 0x00007ff9d399c000 	C:\Program Files\Pylo\MCreator\jdk\bin\vcruntime140_1.dll
0x00007ff9c7120000 - 0x00007ff9c71b1000 	C:\Program Files\Pylo\MCreator\jdk\bin\msvcp140.dll
0x00007ff99c540000 - 0x00007ff99d188000 	C:\Program Files\Pylo\MCreator\jdk\bin\server\jvm.dll
0x00007ff9d9310000 - 0x00007ff9d93be000 	C:\WINDOWS\System32\ADVAPI32.dll
0x00007ff9d8a00000 - 0x00007ff9d8a9c000 	C:\WINDOWS\System32\sechost.dll
0x00007ff9d9780000 - 0x00007ff9d98a5000 	C:\WINDOWS\System32\RPCRT4.dll
0x00007ff9d8b50000 - 0x00007ff9d8b58000 	C:\WINDOWS\System32\PSAPI.DLL
0x00007ff9be910000 - 0x00007ff9be919000 	C:\WINDOWS\SYSTEM32\WSOCK32.dll
0x00007ff9cf430000 - 0x00007ff9cf457000 	C:\WINDOWS\SYSTEM32\WINMM.dll
0x00007ff9d0aa0000 - 0x00007ff9d0aaa000 	C:\WINDOWS\SYSTEM32\VERSION.dll
0x00007ff9d9710000 - 0x00007ff9d977b000 	C:\WINDOWS\System32\WS2_32.dll
0x00007ff9d59a0000 - 0x00007ff9d59b2000 	C:\WINDOWS\SYSTEM32\kernel.appcore.dll
0x00007ff9d38a0000 - 0x00007ff9d38aa000 	C:\Program Files\Pylo\MCreator\jdk\bin\jimage.dll
0x00007ff9d13e0000 - 0x00007ff9d15c4000 	C:\WINDOWS\SYSTEM32\DBGHELP.DLL
0x00007ff9ca2e0000 - 0x00007ff9ca315000 	C:\WINDOWS\SYSTEM32\dbgcore.DLL
0x00007ff9d8380000 - 0x00007ff9d8402000 	C:\WINDOWS\System32\bcryptPrimitives.dll
0x00007ff9c7040000 - 0x00007ff9c7065000 	C:\Program Files\Pylo\MCreator\jdk\bin\java.dll
0x00007ff9c5130000 - 0x00007ff9c5206000 	C:\Program Files\Pylo\MCreator\jdk\bin\jsvml.dll
0x00007ff9d98b0000 - 0x00007ff9d9ff5000 	C:\WINDOWS\System32\SHELL32.dll
0x00007ff9d5ba0000 - 0x00007ff9d6332000 	C:\WINDOWS\SYSTEM32\windows.storage.dll
0x00007ff9d8fb0000 - 0x00007ff9d9305000 	C:\WINDOWS\System32\combase.dll
0x00007ff9d74b0000 - 0x00007ff9d74e0000 	C:\WINDOWS\SYSTEM32\Wldp.dll
0x00007ff9d9660000 - 0x00007ff9d970d000 	C:\WINDOWS\System32\SHCORE.dll
0x00007ff9d93c0000 - 0x00007ff9d9415000 	C:\WINDOWS\System32\shlwapi.dll
0x00007ff9d7a00000 - 0x00007ff9d7a1f000 	C:\WINDOWS\SYSTEM32\profapi.dll
0x00007ff9c8530000 - 0x00007ff9c8549000 	C:\Program Files\Pylo\MCreator\jdk\bin\net.dll
0x00007ff9cff60000 - 0x00007ff9d006c000 	C:\WINDOWS\SYSTEM32\WINHTTP.dll
0x00007ff9d7210000 - 0x00007ff9d727a000 	C:\WINDOWS\system32\mswsock.dll
0x00007ff9c7020000 - 0x00007ff9c7035000 	C:\Program Files\Pylo\MCreator\jdk\bin\nio.dll
0x00007ff9c7000000 - 0x00007ff9c7018000 	C:\Program Files\Pylo\MCreator\jdk\bin\zip.dll
0x00007ff9c6f80000 - 0x00007ff9c6f90000 	C:\Program Files\Pylo\MCreator\jdk\bin\verify.dll
0x00007ff9d35d0000 - 0x00007ff9d35d9000 	C:\Program Files\Pylo\MCreator\jdk\bin\management.dll
0x00007ff9d30e0000 - 0x00007ff9d30eb000 	C:\Program Files\Pylo\MCreator\jdk\bin\management_ext.dll
0x00007ff9c6fe0000 - 0x00007ff9c6ff7000 	C:\WINDOWS\system32\napinsp.dll
0x00007ff9c54d0000 - 0x00007ff9c54eb000 	C:\WINDOWS\system32\pnrpnsp.dll
0x00007ff9c2580000 - 0x00007ff9c2595000 	C:\WINDOWS\system32\wshbth.dll
0x00007ff9d3770000 - 0x00007ff9d378d000 	C:\WINDOWS\system32\NLAapi.dll
0x00007ff9d6f00000 - 0x00007ff9d6f3b000 	C:\WINDOWS\SYSTEM32\IPHLPAPI.DLL
0x00007ff9d6f40000 - 0x00007ff9d700b000 	C:\WINDOWS\SYSTEM32\DNSAPI.dll
0x00007ff9da1b0000 - 0x00007ff9da1b8000 	C:\WINDOWS\System32\NSI.dll
0x00007ff9c54b0000 - 0x00007ff9c54c2000 	C:\WINDOWS\System32\winrnr.dll
0x00007ff9bffd0000 - 0x00007ff9bffda000 	C:\Windows\System32\rasadhlp.dll
0x00007ff9bf570000 - 0x00007ff9bf5f0000 	C:\WINDOWS\System32\fwpuclnt.dll
0x00007ff9d8140000 - 0x00007ff9d8167000 	C:\WINDOWS\System32\bcrypt.dll
0x00007ff9d7400000 - 0x00007ff9d7418000 	C:\WINDOWS\SYSTEM32\CRYPTSP.dll
0x00007ff9d6ac0000 - 0x00007ff9d6af4000 	C:\WINDOWS\system32\rsaenh.dll
0x00007ff9d79c0000 - 0x00007ff9d79ee000 	C:\WINDOWS\SYSTEM32\USERENV.dll
0x00007ff9d7420000 - 0x00007ff9d742c000 	C:\WINDOWS\SYSTEM32\CRYPTBASE.dll
0x00007ff9d11f0000 - 0x00007ff9d1207000 	C:\WINDOWS\SYSTEM32\dhcpcsvc6.DLL
0x00007ff9d1f00000 - 0x00007ff9d1f1d000 	C:\WINDOWS\SYSTEM32\dhcpcsvc.DLL
0x00007ff9b1870000 - 0x00007ff9b18b5000 	C:\Users\jbren\AppData\Local\Temp\jna-100925539\jna10808318672354319573.dll
0x00007ff9da260000 - 0x00007ff9da38a000 	C:\WINDOWS\System32\Ole32.dll
0x00007ff9d8aa0000 - 0x00007ff9d8b49000 	C:\WINDOWS\System32\clbcatq.dll
0x00007ff9d8930000 - 0x00007ff9d89fd000 	C:\WINDOWS\System32\OleAut32.dll
0x00007ff9cb300000 - 0x00007ff9cb31f000 	C:\WINDOWS\SYSTEM32\amsi.dll
0x00007ff9cb280000 - 0x00007ff9cb2fb000 	C:\ProgramData\Microsoft\Windows Defender\platform\4.18.2301.6-0\MpOav.dll
0x00007ff9c0bc0000 - 0x00007ff9c0c09000 	C:\WINDOWS\SYSTEM32\Pdh.dll
0x00007ff9c4cc0000 - 0x00007ff9c4ccf000 	C:\WINDOWS\System32\perfos.dll
0x00007ff99bac0000 - 0x00007ff99bb35000 	C:\Users\jbren\AppData\Local\Temp\lwjgljbren\3.3.1-build-7\lwjgl.dll
0x00007ff9766b0000 - 0x00007ff976909000 	C:\Users\jbren\AppData\Local\Temp\lwjgljbren\3.3.1-build-7\jemalloc.dll
0x00007ff99ba50000 - 0x00007ff99bab1000 	C:\Users\jbren\AppData\Local\Temp\lwjgljbren\3.3.1-build-7\glfw.dll
0x00007ff9a2cc0000 - 0x00007ff9a2d05000 	C:\WINDOWS\SYSTEM32\dinput8.dll
0x00007ff9bd550000 - 0x00007ff9bd561000 	C:\WINDOWS\SYSTEM32\xinput1_4.dll
0x00007ff9d7ac0000 - 0x00007ff9d7b0e000 	C:\WINDOWS\System32\cfgmgr32.dll
0x00007ff9d7870000 - 0x00007ff9d789c000 	C:\WINDOWS\SYSTEM32\DEVOBJ.dll
0x00007ff9c7a30000 - 0x00007ff9c7b82000 	C:\WINDOWS\SYSTEM32\inputhost.dll
0x00007ff9d3a00000 - 0x00007ff9d3b54000 	C:\WINDOWS\SYSTEM32\wintypes.dll
0x00007ff9d50c0000 - 0x00007ff9d51b2000 	C:\WINDOWS\SYSTEM32\CoreMessaging.dll
0x00007ff9d4d60000 - 0x00007ff9d50be000 	C:\WINDOWS\SYSTEM32\CoreUIComponents.dll
0x00007ff9d33a0000 - 0x00007ff9d3496000 	C:\WINDOWS\SYSTEM32\PROPSYS.dll
0x00007ff9d6be0000 - 0x00007ff9d6c13000 	C:\WINDOWS\SYSTEM32\ntmarta.dll
0x00007ff9d56b0000 - 0x00007ff9d56df000 	C:\WINDOWS\SYSTEM32\dwmapi.dll
0x00007ff9d54b0000 - 0x00007ff9d554e000 	C:\WINDOWS\system32\uxtheme.dll
0x00007ff9d9420000 - 0x00007ff9d9535000 	C:\WINDOWS\System32\MSCTF.dll
0x00007ff9b66c0000 - 0x00007ff9b67e5000 	C:\WINDOWS\SYSTEM32\opengl32.dll
0x00007ff9c4cd0000 - 0x00007ff9c4cfc000 	C:\WINDOWS\SYSTEM32\GLU32.dll
0x00007ff9b8860000 - 0x00007ff9b888d000 	C:\WINDOWS\System32\DriverStore\FileRepository\u0386826.inf_amd64_721621559d4ff087\B384926\atig6pxx.dll
0x00007ff96c750000 - 0x00007ff9703db000 	C:\WINDOWS\System32\DriverStore\FileRepository\u0386826.inf_amd64_721621559d4ff087\B384926\atio6axx.dll
0x00007ff9d8410000 - 0x00007ff9d8878000 	C:\WINDOWS\System32\SETUPAPI.dll
0x00007ff9d7f30000 - 0x00007ff9d7f99000 	C:\WINDOWS\System32\WINTRUST.dll
0x00007ff9d8220000 - 0x00007ff9d8376000 	C:\WINDOWS\System32\CRYPT32.dll
0x00007ff9d76b0000 - 0x00007ff9d76c2000 	C:\WINDOWS\SYSTEM32\MSASN1.dll

dbghelp: loaded successfully - version: 4.0.5 - missing functions: none
symbol engine: initialized successfully - sym options: 0x614 - pdb path: .;C:\Program Files\Pylo\MCreator\jdk\bin;C:\WINDOWS\SYSTEM32;C:\WINDOWS\WinSxS\amd64_microsoft.windows.common-controls_6595b64144ccf1df_6.0.19041.1110_none_60b5254171f9507e;C:\Program Files\Pylo\MCreator\jdk\bin\server;C:\Users\jbren\AppData\Local\Temp\jna-100925539;C:\ProgramData\Microsoft\Windows Defender\platform\4.18.2301.6-0;C:\Users\jbren\AppData\Local\Temp\lwjgljbren\3.3.1-build-7;C:\WINDOWS\System32\DriverStore\FileRepository\u0386826.inf_amd64_721621559d4ff087\B384926

VM Arguments:
jvm_args: -Dforge.enableGameTest=true -Dforge.logging.console.level=debug -Dforge.logging.markers=REGISTRIES -DignoreList=bootstraplauncher,securejarhandler,asm-commons,asm-util,asm-analysis,asm-tree,asm,JarJarFileSystems,client-extra,fmlcore,javafmllanguage,lowcodelanguage,mclanguage,forge- -Djava.net.preferIPv6Addresses=system -DlegacyClassPath.file=C:\Users\jbren\MCreatorWorkspaces\city_addons\build\classpath\runClient_minecraftClasspath.txt -DmergeModules=jna-5.10.0.jar,jna-platform-5.10.0.jar -Dos.version=10.0 --module-path=C:\Users\jbren\.mcreator\gradle\caches\modules-2\files-2.1\cpw.mods\bootstraplauncher\1.1.2\c546e00443d8432cda6baa1c860346980742628\bootstraplauncher-1.1.2.jar;C:\Users\jbren\.mcreator\gradle\caches\modules-2\files-2.1\cpw.mods\securejarhandler\2.1.4\f47e3b9dd860a7b82154b8f90a650ffd0aaa5582\securejarhandler-2.1.4.jar;C:\Users\jbren\.mcreator\gradle\caches\modules-2\files-2.1\org.ow2.asm\asm-commons\9.3\1f2a432d1212f5c352ae607d7b61dcae20c20af5\asm-commons-9.3.jar;C:\Users\jbren\.mcreator\gradle\caches\modules-2\files-2.1\org.ow2.asm\asm-util\9.3\9595bc05510d0bd4b610188b77333fe4851a1975\asm-util-9.3.jar;C:\Users\jbren\.mcreator\gradle\caches\modules-2\files-2.1\org.ow2.asm\asm-analysis\9.3\4b071f211b37c38e0e9f5998550197c8593f6ad8\asm-analysis-9.3.jar;C:\Users\jbren\.mcreator\gradle\caches\modules-2\files-2.1\org.ow2.asm\asm-tree\9.3\78d2ecd61318b5a58cd04fb237636c0e86b77d97\asm-tree-9.3.jar;C:\Users\jbren\.mcreator\gradle\caches\modules-2\files-2.1\org.ow2.asm\asm\9.3\8e6300ef51c1d801a7ed62d07cd221aca3a90640\asm-9.3.jar;C:\Users\jbren\.mcreator\gradle\caches\modules-2\files-2.1\net.minecraftforge\JarJarFileSystems\0.3.16\e52afbb2599dc7c6f779efea0496d32fc01152e3\JarJarFileSystems-0.3.16.jar --add-modules=ALL-MODULE-PATH --add-opens=java.base/java.util.jar=cpw.mods.securejarhandler --add-opens=java.base/java.lang.invoke=cpw.mods.securejarhandler --add-exports=java.base/sun.security.util=cpw.mods.securejarhandler --add-exports=jdk.naming.dns/com.sun.jndi.dns=java.naming -XX:HeapDumpPath=MojangTricksIntelDriversForPerformance_javaw.exe_minecraft.exe.heapdump -Dos.name=Windows 10 -Dfile.encoding=UTF-8 -Duser.country=US -Duser.language=en -Duser.variant 
java_command: cpw.mods.bootstraplauncher.BootstrapLauncher --launchTarget forgeclientuserdev --version MOD_DEV --assetIndex 1.19 --assetsDir C:\Users\jbren\.mcreator\gradle\caches\forge_gradle\assets --gameDir . --fml.forgeVersion 43.1.7 --fml.mcVersion 1.19.2 --fml.forgeGroup net.minecraftforge --fml.mcpVersion 20220805.130853
java_class_path (initial): C:\Users\jbren\MCreatorWorkspaces\city_addons\build\classes\java\main;C:\Users\jbren\MCreatorWorkspaces\city_addons\build\resources\main;C:\Users\jbren\.mcreator\gradle\caches\forge_gradle\minecraft_user_repo\net\minecraftforge\forge\1.19.2-43.1.7_mapped_official_1.19.2\forge-1.19.2-43.1.7_mapped_official_1.19.2-recomp.jar;C:\Users\jbren\.mcreator\gradle\caches\forge_gradle\minecraft_repo\versions\1.19.2\client-extra.jar;C:\Users\jbren\.mcreator\gradle\caches\modules-2\files-2.1\net.minecraftforge\javafmllanguage\1.19.2-43.1.7\3535e9c3e5218abcecea1496a5c3a5c3207096d8\javafmllanguage-1.19.2-43.1.7.jar;C:\Users\jbren\.mcreator\gradle\caches\modules-2\files-2.1\net.minecraftforge\lowcodelanguage\1.19.2-43.1.7\a34960c25b16742b648accc1f198dde78abb666a\lowcodelanguage-1.19.2-43.1.7.jar;C:\Users\jbren\.mcreator\gradle\caches\modules-2\files-2.1\net.minecraftforge\mclanguage\1.19.2-43.1.7\f1f25884b81fb6dc87bed375e43323e690af297c\mclanguage-1.19.2-43.1.7.jar;C:\Users\jbren\.mcreator\gradle\caches\modules-2\files-2.1\net.minecraftforge\fmlcore\1.19.2-43.1.7\d19281d83514be3dbec3d6d1f1f82a486ce85a4e\fmlcore-1.19.2-43.1.7.jar;C:\Users\jbren\.mcreator\gradle\caches\modules-2\files-2.1\net.minecraftforge\fmlloader\1.19.2-43.1.7\ea7515b196e4a88ba3c30c444f8c69f0294f4972\fmlloader-1.19.2-43.1.7.jar;C:\Users\jbren\.mcreator\gradle\caches\modules-2\files-2.1\net.minecraftforge\JarJarSelector\0.3.16\2a31421fb5e267249da103a644f23afb43d158af\JarJarSelector-0.3.16.jar;C:\Users\jbren\.mcreator\gradle\caches\modules-2\files-2.1\net.minecraftforge\JarJarMetadata\0.3.16\f62c8c898dffc8666f5097a8587ed72095e8e83a\JarJarMetadata-0.3.16.jar;C:\Users\jbren\.mcreator\gradle\caches\modules-2\files-2.1\com.google.guava\guava\31.0.1-jre\119ea2b2bc205b138974d351777b20f02b92704b\guava-31.0.1-jre.jar;C:\Users\jbren\.mcreator\gradle\caches\modules-2\files-2.1\com.google.code.findbugs\jsr305\3.0.2\25ea2e8b0c338a877313bd4672d3fe056ea78f0d\jsr305-3.0.2.jar;C:\Users\jbren\.mcreator\
Launcher Type: SUN_STANDARD

[Global flags]
     intx CICompilerCount                          = 12                                        {product} {ergonomic}
     uint ConcGCThreads                            = 5                                         {product} {ergonomic}
     uint G1ConcRefinementThreads                  = 18                                        {product} {ergonomic}
   size_t G1HeapRegionSize                         = 4194304                                   {product} {ergonomic}
    uintx GCDrainStackTargetSize                   = 64                                        {product} {ergonomic}
    ccstr HeapDumpPath                             = MojangTricksIntelDriversForPerformance_javaw.exe_minecraft.exe.heapdump         {manageable} {command line}
   size_t InitialHeapSize                          = 524288000                                 {product} {ergonomic}
   size_t MarkStackSize                            = 4194304                                   {product} {ergonomic}
   size_t MaxHeapSize                              = 8363442176                                {product} {ergonomic}
   size_t MaxNewSize                               = 5016387584                                {product} {ergonomic}
   size_t MinHeapDeltaBytes                        = 4194304                                   {product} {ergonomic}
   size_t MinHeapSize                              = 8388608                                   {product} {ergonomic}
    uintx NonNMethodCodeHeapSize                   = 7602480                                {pd product} {ergonomic}
    uintx NonProfiledCodeHeapSize                  = 122027880                              {pd product} {ergonomic}
    uintx ProfiledCodeHeapSize                     = 122027880                              {pd product} {ergonomic}
    uintx ReservedCodeCacheSize                    = 251658240                              {pd product} {ergonomic}
     bool SegmentedCodeCache                       = true                                      {product} {ergonomic}
   size_t SoftMaxHeapSize                          = 8363442176                             {manageable} {ergonomic}
     bool UseCompressedClassPointers               = true                           {product lp64_product} {ergonomic}
     bool UseCompressedOops                        = true                           {product lp64_product} {ergonomic}
     bool UseG1GC                                  = true                                      {product} {ergonomic}
     bool UseLargePagesIndividualAllocation        = false                                  {pd product} {ergonomic}

Logging:
Log output configuration:
 #0: stdout all=warning uptime,level,tags
 #1: stderr all=off uptime,level,tags

Environment Variables:
JAVA_HOME=C:\Program Files\Pylo\MCreator\jdk
PATH=C:\WINDOWS\system32;C:\WINDOWS;C:\WINDOWS\System32\Wbem;C:\WINDOWS\System32\WindowsPowerShell\v1.0\;C:\WINDOWS\System32\OpenSSH\;C:\Users\jbren\AppData\Local\Microsoft\WindowsApps;;C:\Program Files\Pylo\MCreator\jdk\bin
USERNAME=jbren
OS=Windows_NT
PROCESSOR_IDENTIFIER=AMD64 Family 25 Model 97 Stepping 2, AuthenticAMD



---------------  S Y S T E M  ---------------

OS:
 Windows 10 , 64 bit Build 19041 (10.0.19041.2546)
OS uptime: 0 days 5:49 hours

CPU: total 24 (initial active 24) (24 cores per cpu, 2 threads per core) family 25 model 97 stepping 2 microcode 0x0, cx8, cmov, fxsr, ht, mmx, 3dnowpref, sse, sse2, sse3, ssse3, sse4a, sse4.1, sse4.2, popcnt, lzcnt, tsc, tscinvbit, avx, avx2, aes, erms, clmul, bmi1, bmi2, adx, avx512f, avx512dq, avx512cd, avx512bw, avx512vl, sha, fma, vzeroupper, avx512_vpopcntdq, avx512_vpclmulqdq, avx512_vaes, avx512_vnni, clflush, clflushopt, avx512_vbmi2, avx512_vbmi

Memory: 4k page, system-wide physical 31899M (22363M free)
TotalPageFile size 37019M (AvailPageFile size 25402M)
current process WorkingSet (physical memory assigned to process): 670M, peak: 889M
current process commit charge ("private bytes"): 832M, peak: 1020M

vm_info: OpenJDK 64-Bit Server VM (17.0.3+7) for windows-amd64 JRE (17.0.3+7), built on Apr 19 2022 16:55:35 by "" with MS VC++ 16.7 (VS2019)

END.
